#
# There is insufficient memory for the Java Runtime Environment to continue.
# Native memory allocation (mmap) failed to map 31457280 bytes for Failed to commit area from 0x00000000d5a00000 to 0x00000000d7800000 of length 31457280.
# Possible reasons:
#   The system is out of physical RAM or swap space
#   The process is running with CompressedOops enabled, and the Java Heap may be blocking the growth of the native heap
# Possible solutions:
#   Reduce memory load on the system
#   Increase physical memory or swap space
#   Check if swap backing store is full
#   Decrease Java heap size (-Xmx/-Xms)
#   Decrease number of Java threads
#   Decrease Java thread stack sizes (-Xss)
#   Set larger code cache with -XX:ReservedCodeCacheSize=
#   JVM is running with Unscaled Compressed Oops mode in which the Java heap is
#     placed in the first 4GB address space. The Java Heap base address is the
#     maximum limit for the native heap growth. Please use -XX:HeapBaseMinAddress
#     to set the Java Heap base and to place the Java Heap above 4GB virtual address.
# This output file may be truncated or incomplete.
#
#  Out of Memory Error (./src/hotspot/os/windows/os_windows.cpp:3619), pid=6196, tid=4552
#
# JRE version: OpenJDK Runtime Environment (11.0.13) (build 11.0.13+0-b1751.21-8125866)
# Java VM: OpenJDK 64-Bit Server VM (11.0.13+0-b1751.21-8125866, mixed mode, tiered, compressed oops, g1 gc, windows-amd64)
# No core dump will be written. Minidumps are not enabled by default on client versions of Windows
#

---------------  S U M M A R Y ------------

Command Line: --add-opens=java.base/java.util=ALL-UNNAMED --add-opens=java.base/java.lang=ALL-UNNAMED --add-opens=java.base/java.lang.invoke=ALL-UNNAMED --add-opens=java.prefs/java.util.prefs=ALL-UNNAMED -Xmx1024M -Dfile.encoding=windows-1252 -Duser.country=US -Duser.language=en -Duser.variant org.gradle.launcher.daemon.bootstrap.GradleDaemon 6.1.1

Host: Intel(R) Core(TM) i5-5200U CPU @ 2.20GHz, 4 cores, 7G,  Windows 10 , 64 bit Build 18362 (10.0.18362.1350)
Time: Fri Sep 30 10:36:30 2022 Sri Lanka Standard Time elapsed time: 1181.138226 seconds (0d 0h 19m 41s)

---------------  T H R E A D  ---------------

Current thread (0x00000274f3261800):  JavaThread "WorkerExecutor Queue Thread 3" [_thread_in_vm, id=4552, stack(0x000000e566500000,0x000000e566600000)]

Stack: [0x000000e566500000,0x000000e566600000]
Native frames: (J=compiled Java code, j=interpreted, Vv=VM code, C=native code)
V  [jvm.dll+0x6100fa]
V  [jvm.dll+0x747090]
V  [jvm.dll+0x7486ad]
V  [jvm.dll+0x748d83]
V  [jvm.dll+0x24ab48]
V  [jvm.dll+0x60d164]
V  [jvm.dll+0x601e75]
V  [jvm.dll+0x308bdb]
V  [jvm.dll+0x308b4a]
V  [jvm.dll+0x308a22]
V  [jvm.dll+0x30d986]
V  [jvm.dll+0x357093]
V  [jvm.dll+0x357796]
V  [jvm.dll+0x357193]
V  [jvm.dll+0x2e3c25]
V  [jvm.dll+0x2e0022]
V  [jvm.dll+0x5a7aa2]
V  [jvm.dll+0x5a7322]
V  [jvm.dll+0x1f058d]
V  [jvm.dll+0x722b5f]
V  [jvm.dll+0x17f548]
C  0x00000274de1417f7

Java frames: (J=compiled Java code, j=interpreted, Vv=VM code)
v  ~RuntimeStub::new_type_array Runtime1 stub
J 22020 c1 java.awt.image.DataBufferInt.<init>(I)V java.desktop@11.0.13 (35 bytes) @ 0x00000274e01a5cd5 [0x00000274e01a5960+0x0000000000000375]
j  java.awt.image.Raster.createPackedRaster(III[ILjava/awt/Point;)Ljava/awt/image/WritableRaster;+69 java.desktop@11.0.13
j  java.awt.image.DirectColorModel.createCompatibleWritableRaster(II)Ljava/awt/image/WritableRaster;+83 java.desktop@11.0.13
j  java.awt.image.BufferedImage.<init>(III)V+127 java.desktop@11.0.13
j  com.android.ide.common.util.AssetUtil.newArgbBufferedImage(II)Ljava/awt/image/BufferedImage;+7
j  com.android.ide.common.vectordrawable.VdPreview.getPreviewFromVectorTree(Lcom/android/ide/common/vectordrawable/VdPreview$TargetSize;Lcom/android/ide/common/vectordrawable/VdTree;Ljava/lang/StringBuilder;)Ljava/awt/image/BufferedImage;+145
j  com.android.ide.common.vectordrawable.VdPreview.getPreviewFromVectorXml(Lcom/android/ide/common/vectordrawable/VdPreview$TargetSize;Ljava/lang/String;Ljava/lang/StringBuilder;)Ljava/awt/image/BufferedImage;+35
j  com.android.builder.png.VectorDrawableRenderer.generateFile(Ljava/io/File;Ljava/io/File;)V+155
j  com.android.build.gradle.tasks.MergeResources$MergeResourcesVectorDrawableRenderer.generateFile(Ljava/io/File;Ljava/io/File;)V+3
j  com.android.ide.common.resources.MergedResourceWriter$FileGenerationWorkAction.run()V+33
j  com.android.build.gradle.internal.tasks.Workers$ActionFacade.run()V+129
j  org.gradle.workers.internal.AdapterWorkAction.execute()V+51
j  org.gradle.workers.internal.DefaultWorkerServer.execute(Lorg/gradle/workers/internal/ActionExecutionSpec;)Lorg/gradle/workers/internal/DefaultWorkResult;+107
j  org.gradle.workers.internal.NoIsolationWorkerFactory$1$1.create()Lorg/gradle/workers/internal/DefaultWorkResult;+8
j  org.gradle.workers.internal.NoIsolationWorkerFactory$1$1.create()Ljava/lang/Object;+1
j  org.gradle.internal.classloader.ClassLoaderUtils.executeInClassloader(Ljava/lang/ClassLoader;Lorg/gradle/internal/Factory;)Ljava/lang/Object;+15
j  org.gradle.workers.internal.NoIsolationWorkerFactory$1.lambda$execute$0(Lorg/gradle/workers/WorkerExecutor;Ljava/lang/ClassLoader;Lorg/gradle/workers/internal/ActionExecutionSpec;)Lorg/gradle/workers/internal/DefaultWorkResult;+77
j  org.gradle.workers.internal.NoIsolationWorkerFactory$1$$Lambda$873.execute(Lorg/gradle/workers/internal/ActionExecutionSpec;)Lorg/gradle/workers/internal/DefaultWorkResult;+13
j  org.gradle.workers.internal.AbstractWorker$1.call(Lorg/gradle/internal/operations/BuildOperationContext;)Lorg/gradle/workers/internal/DefaultWorkResult;+8
j  org.gradle.workers.internal.AbstractWorker$1.call(Lorg/gradle/internal/operations/BuildOperationContext;)Ljava/lang/Object;+2
J 8706 c1 org.gradle.internal.operations.DefaultBuildOperationExecutor$CallableBuildOperationWorker.execute(Lorg/gradle/internal/operations/BuildOperation;Lorg/gradle/internal/operations/BuildOperationContext;)V (10 bytes) @ 0x00000274df9f0234 [0x00000274df9effe0+0x0000000000000254]
J 8569 c1 org.gradle.internal.operations.DefaultBuildOperationExecutor$1.execute(Lorg/gradle/internal/operations/BuildOperationDescriptor;Lorg/gradle/internal/operations/DefaultBuildOperationExecutor$DefaultBuildOperationContext;Lorg/gradle/internal/operations/DefaultBuildOperationExecutor$BuildOperationExecutionListener;)Lorg/gradle/internal/operations/BuildOperation; (82 bytes) @ 0x00000274df9a7f2c [0x00000274df9a7dc0+0x000000000000016c]
J 21075 c1 org.gradle.internal.operations.DefaultBuildOperationExecutor.execute(Lorg/gradle/internal/operations/BuildOperationDescriptor$Builder;Lorg/gradle/internal/operations/DefaultBuildOperationExecutor$BuildOperationState;Lorg/gradle/internal/operations/DefaultBuildOperationExecutor$BuildOperationExecution;)Lorg/gradle/internal/operations/BuildOperation; (111 bytes) @ 0x00000274e1164a04 [0x00000274e1164560+0x00000000000004a4]
J 20985 c2 org.gradle.internal.operations.DelegatingBuildOperationExecutor.call(Lorg/gradle/internal/operations/CallableBuildOperation;)Ljava/lang/Object; (11 bytes) @ 0x00000274e6c8f07c [0x00000274e6c8ee80+0x00000000000001fc]
j  org.gradle.workers.internal.AbstractWorker.executeWrappedInBuildOperation(Lorg/gradle/workers/internal/ActionExecutionSpec;Lorg/gradle/internal/operations/BuildOperationRef;Lorg/gradle/workers/internal/AbstractWorker$Work;)Lorg/gradle/workers/internal/DefaultWorkResult;+15
j  org.gradle.workers.internal.NoIsolationWorkerFactory$1.execute(Lorg/gradle/workers/internal/ActionExecutionSpec;Lorg/gradle/internal/operations/BuildOperationRef;)Lorg/gradle/workers/internal/DefaultWorkResult;+17
j  org.gradle.workers.internal.DefaultWorkerExecutor.lambda$submitWork$2(Lorg/gradle/workers/internal/WorkerFactory;Lorg/gradle/workers/internal/WorkerRequirement;Lorg/gradle/workers/internal/ActionExecutionSpec;Lorg/gradle/internal/operations/BuildOperationRef;)Lorg/gradle/workers/internal/DefaultWorkResult;+13
j  org.gradle.workers.internal.DefaultWorkerExecutor$$Lambda$872.call()Ljava/lang/Object;+16
J 20912 c2 java.util.concurrent.FutureTask.run()V java.base@11.0.13 (123 bytes) @ 0x00000274e6c60edc [0x00000274e6c60c00+0x00000000000002dc]
j  org.gradle.internal.work.DefaultConditionalExecutionQueue$ExecutionRunner.runExecution(Lorg/gradle/internal/work/ConditionalExecution;)V+6
j  org.gradle.internal.work.DefaultConditionalExecutionQueue$ExecutionRunner.runBatch(Lorg/gradle/internal/work/ConditionalExecution;)V+8
j  org.gradle.internal.work.DefaultConditionalExecutionQueue$ExecutionRunner.run()V+11
J 10295 c1 java.util.concurrent.Executors$RunnableAdapter.call()Ljava/lang/Object; java.base@11.0.13 (14 bytes) @ 0x00000274dfef9744 [0x00000274dfef9640+0x0000000000000104]
J 20912 c2 java.util.concurrent.FutureTask.run()V java.base@11.0.13 (123 bytes) @ 0x00000274e6c60edc [0x00000274e6c60c00+0x00000000000002dc]
J 8888 c1 org.gradle.internal.concurrent.ManagedExecutorImpl$1.run()V (59 bytes) @ 0x00000274dfa9aabc [0x00000274dfa9a840+0x000000000000027c]
j  java.util.concurrent.ThreadPoolExecutor.runWorker(Ljava/util/concurrent/ThreadPoolExecutor$Worker;)V+92 java.base@11.0.13
j  java.util.concurrent.ThreadPoolExecutor$Worker.run()V+5 java.base@11.0.13
j  org.gradle.internal.concurrent.ThreadFactoryImpl$ManagedThreadRunnable.run()V+7
j  java.lang.Thread.run()V+11 java.base@11.0.13
v  ~StubRoutines::call_stub

---------------  P R O C E S S  ---------------

Threads class SMR info:
_java_thread_list=0x00000274ff606f00, length=46, elements={
0x00000274da54a000, 0x00000274f1b2e000, 0x00000274f1b31000, 0x00000274f24c3800,
0x00000274f1b4d000, 0x00000274f1b51800, 0x00000274f1b55800, 0x00000274f1b5d000,
0x00000274f1b68000, 0x00000274f2608800, 0x00000274f286e000, 0x00000274f3320000,
0x00000274f36e7800, 0x00000274f2a48000, 0x00000274f2a49000, 0x00000274f2a4a000,
0x00000274f325b000, 0x00000274f44a4000, 0x00000274f44a3800, 0x00000274f44a6800,
0x00000274f44a7800, 0x00000274f44a2800, 0x00000274f44aa000, 0x00000274f44aa800,
0x00000274f44a5000, 0x00000274f44af800, 0x00000274f44b0800, 0x00000274f44ad000,
0x00000274f44ae800, 0x00000274f44b1000, 0x00000274f44ab800, 0x00000274f44ac800,
0x00000274f44ae000, 0x00000274f3258800, 0x00000274f325c000, 0x00000274f3257000,
0x00000274f325f000, 0x00000274f325e800, 0x00000274f3259800, 0x00000274f3263000,
0x00000274f3265000, 0x00000274f6580000, 0x00000274f3264000, 0x00000274f3261800,
0x00000274f2a4a800, 0x000002748c65a000
}

Java Threads: ( => current thread )
  0x00000274da54a000 JavaThread "main" [_thread_blocked, id=7952, stack(0x000000e563200000,0x000000e563300000)]
  0x00000274f1b2e000 JavaThread "Reference Handler" daemon [_thread_blocked, id=3244, stack(0x000000e563900000,0x000000e563a00000)]
  0x00000274f1b31000 JavaThread "Finalizer" daemon [_thread_blocked, id=4852, stack(0x000000e563a00000,0x000000e563b00000)]
  0x00000274f24c3800 JavaThread "Signal Dispatcher" daemon [_thread_blocked, id=4376, stack(0x000000e563b00000,0x000000e563c00000)]
  0x00000274f1b4d000 JavaThread "Attach Listener" daemon [_thread_blocked, id=13108, stack(0x000000e563c00000,0x000000e563d00000)]
  0x00000274f1b51800 JavaThread "Service Thread" daemon [_thread_blocked, id=2736, stack(0x000000e563d00000,0x000000e563e00000)]
  0x00000274f1b55800 JavaThread "C2 CompilerThread0" daemon [_thread_blocked, id=5932, stack(0x000000e563e00000,0x000000e563f00000)]
  0x00000274f1b5d000 JavaThread "C1 CompilerThread0" daemon [_thread_blocked, id=4396, stack(0x000000e563f00000,0x000000e564000000)]
  0x00000274f1b68000 JavaThread "Sweeper thread" daemon [_thread_blocked, id=6444, stack(0x000000e564000000,0x000000e564100000)]
  0x00000274f2608800 JavaThread "Common-Cleaner" daemon [_thread_blocked, id=1760, stack(0x000000e564100000,0x000000e564200000)]
  0x00000274f286e000 JavaThread "Daemon health stats" [_thread_blocked, id=7840, stack(0x000000e564300000,0x000000e564400000)]
  0x00000274f3320000 JavaThread "Incoming local TCP Connector on port 60416" [_thread_in_native, id=9456, stack(0x000000e564600000,0x000000e564700000)]
  0x00000274f36e7800 JavaThread "Daemon periodic checks" [_thread_blocked, id=8800, stack(0x000000e564800000,0x000000e564900000)]
  0x00000274f2a48000 JavaThread "Cache worker for journal cache (C:\Users\Developer\.gradle\caches\journal-1)" [_thread_blocked, id=8308, stack(0x000000e565000000,0x000000e565100000)]
  0x00000274f2a49000 JavaThread "File lock request listener" [_thread_in_native, id=12588, stack(0x000000e565100000,0x000000e565200000)]
  0x00000274f2a4a000 JavaThread "Cache worker for file hash cache (C:\Users\Developer\.gradle\caches\6.1.1\fileHashes)" [_thread_blocked, id=4928, stack(0x000000e565200000,0x000000e565300000)]
  0x00000274f325b000 JavaThread "Cache worker for execution history cache (C:\Users\Developer\.gradle\caches\6.1.1\executionHistory)" [_thread_blocked, id=12936, stack(0x000000e565700000,0x000000e565800000)]
  0x00000274f44a4000 JavaThread "Daemon Thread 3" [_thread_blocked, id=12140, stack(0x000000e562f00000,0x000000e563000000)]
  0x00000274f44a3800 JavaThread "Handler for socket connection from /127.0.0.1:60416 to /127.0.0.1:60565" [_thread_in_native, id=11444, stack(0x000000e563000000,0x000000e563100000)]
  0x00000274f44a6800 JavaThread "Cancel handler" [_thread_blocked, id=11680, stack(0x000000e563100000,0x000000e563200000)]
  0x00000274f44a7800 JavaThread "Daemon worker Thread 3" [_thread_blocked, id=6280, stack(0x000000e564900000,0x000000e564a00000)]
  0x00000274f44a2800 JavaThread "Asynchronous log dispatcher for DefaultDaemonConnection: socket connection from /127.0.0.1:60416 to /127.0.0.1:60565" [_thread_blocked, id=13264, stack(0x000000e564a00000,0x000000e564b00000)]
  0x00000274f44aa000 JavaThread "Stdin handler" [_thread_blocked, id=2120, stack(0x000000e564b00000,0x000000e564c00000)]
  0x00000274f44aa800 JavaThread "Thread-46" [_thread_blocked, id=11084, stack(0x000000e564c00000,0x000000e564d00000)]
  0x00000274f44a5000 JavaThread "Cache worker for checksums cache (D:\Personal\MovieCatalogue-master\.gradle\checksums)" [_thread_blocked, id=12612, stack(0x000000e564d00000,0x000000e564e00000)]
  0x00000274f44af800 JavaThread "Cache worker for file hash cache (D:\Personal\MovieCatalogue-master\.gradle\6.1.1\fileHashes)" [_thread_blocked, id=11988, stack(0x000000e564e00000,0x000000e564f00000)]
  0x00000274f44b0800 JavaThread "Cache worker for cache directory md-supplier (C:\Users\Developer\.gradle\caches\6.1.1\md-supplier)" [_thread_blocked, id=9056, stack(0x000000e564f00000,0x000000e565000000)]
  0x00000274f44ad000 JavaThread "Cache worker for cache directory md-rule (C:\Users\Developer\.gradle\caches\6.1.1\md-rule)" [_thread_blocked, id=11744, stack(0x000000e565300000,0x000000e565400000)]
  0x00000274f44ae800 JavaThread "Build operations" [_thread_blocked, id=9624, stack(0x000000e565400000,0x000000e565500000)]
  0x00000274f44b1000 JavaThread "Build operations Thread 2" [_thread_blocked, id=11980, stack(0x000000e565500000,0x000000e565600000)]
  0x00000274f44ab800 JavaThread "Build operations Thread 3" [_thread_blocked, id=8612, stack(0x000000e565600000,0x000000e565700000)]
  0x00000274f44ac800 JavaThread "Build operations Thread 4" [_thread_blocked, id=3456, stack(0x000000e565800000,0x000000e565900000)]
  0x00000274f44ae000 JavaThread "Cache worker for Build Output Cleanup Cache (D:\Personal\MovieCatalogue-master\.gradle\buildOutputCleanup)" [_thread_blocked, id=10892, stack(0x000000e565900000,0x000000e565a00000)]
  0x00000274f3258800 JavaThread "Memory manager" [_thread_blocked, id=10996, stack(0x000000e565b00000,0x000000e565c00000)]
  0x00000274f325c000 JavaThread "Cache worker for file content cache (C:\Users\Developer\.gradle\caches\6.1.1\fileContent)" [_thread_blocked, id=6584, stack(0x000000e565a00000,0x000000e565b00000)]
  0x00000274f3257000 JavaThread "Cache worker for file content cache (D:\Personal\MovieCatalogue-master\.gradle\6.1.1\fileContent)" [_thread_blocked, id=11268, stack(0x000000e565c00000,0x000000e565d00000)]
  0x00000274f325f000 JavaThread "Execution worker for ':'" [_thread_blocked, id=11512, stack(0x000000e565f00000,0x000000e566000000)]
  0x00000274f325e800 JavaThread "Execution worker for ':' Thread 2" [_thread_blocked, id=9296, stack(0x000000e566000000,0x000000e566100000)]
  0x00000274f3259800 JavaThread "Execution worker for ':' Thread 3" [_thread_blocked, id=9252, stack(0x000000e566100000,0x000000e566200000)]
  0x00000274f3263000 JavaThread "Cache worker for execution history cache (D:\Personal\MovieCatalogue-master\.gradle\6.1.1\executionHistory)" [_thread_blocked, id=12524, stack(0x000000e566200000,0x000000e566300000)]
  0x00000274f3265000 JavaThread "WorkerExecutor Queue" [_thread_blocked, id=12472, stack(0x000000e566300000,0x000000e566400000)]
  0x00000274f6580000 JavaThread "C2 CompilerThread1" daemon [_thread_blocked, id=8996, stack(0x000000e565d00000,0x000000e565e00000)]
  0x00000274f3264000 JavaThread "WorkerExecutor Queue Thread 2" [_thread_blocked, id=6648, stack(0x000000e566400000,0x000000e566500000)]
=>0x00000274f3261800 JavaThread "WorkerExecutor Queue Thread 3" [_thread_in_vm, id=4552, stack(0x000000e566500000,0x000000e566600000)]
  0x00000274f2a4a800 JavaThread "WorkerExecutor Queue Thread 4" [_thread_blocked, id=10388, stack(0x000000e566600000,0x000000e566700000)]
  0x000002748c65a000 JavaThread "Java2D Disposer" daemon [_thread_blocked, id=9968, stack(0x000000e566900000,0x000000e566a00000)]

Other Threads:
  0x00000274f1b27800 VMThread "VM Thread" [stack: 0x000000e563800000,0x000000e563900000] [id=9692]
  0x00000274f262e000 WatcherThread [stack: 0x000000e564200000,0x000000e564300000] [id=10288]
  0x00000274da562800 GCTaskThread "GC Thread#0" [stack: 0x000000e563300000,0x000000e563400000] [id=10020]
  0x00000274f2a20800 GCTaskThread "GC Thread#1" [stack: 0x000000e564400000,0x000000e564500000] [id=11508]
  0x00000274f2de2800 GCTaskThread "GC Thread#2" [stack: 0x000000e564500000,0x000000e564600000] [id=7628]
  0x00000274f31e0000 GCTaskThread "GC Thread#3" [stack: 0x000000e564700000,0x000000e564800000] [id=7208]
  0x00000274da57e000 ConcurrentGCThread "G1 Main Marker" [stack: 0x000000e563400000,0x000000e563500000] [id=10360]
  0x00000274da57f800 ConcurrentGCThread "G1 Conc#0" [stack: 0x000000e563500000,0x000000e563600000] [id=9784]
  0x00000274da60a000 ConcurrentGCThread "G1 Refine#0" [stack: 0x000000e563600000,0x000000e563700000] [id=11248]
  0x00000274da60b800 ConcurrentGCThread "G1 Young RemSet Sampling" [stack: 0x000000e563700000,0x000000e563800000] [id=10764]

Threads with active compile tasks:

VM state:synchronizing (normal execution)

VM Mutex/Monitor currently owned by a thread:  ([mutex/lock_event])
[0x00000274da545360] Threads_lock - owner thread: 0x00000274f1b27800
[0x00000274da545a20] Heap_lock - owner thread: 0x00000274f3261800

Heap address: 0x00000000c0000000, size: 1024 MB, Compressed Oops mode: 32-bit
Narrow klass base: 0x0000000000000000, Narrow klass shift: 3
Compressed class space size: 1073741824 Address: 0x0000000100000000

Heap:
 garbage-first heap   total 385024K, used 274363K [0x00000000c0000000, 0x0000000100000000)
  region size 1024K, 24 young (24576K), 1 survivors (1024K)
 Metaspace       used 122297K, capacity 125186K, committed 126256K, reserved 1161216K
  class space    used 14280K, capacity 15206K, committed 15488K, reserved 1048576K
Heap Regions: E=young(eden), S=young(survivor), O=old, HS=humongous(starts), HC=humongous(continues), CS=collection set, F=free, A=archive, TAMS=top-at-mark-start (previous, next)
|   0|0x00000000c0000000, 0x00000000c0100000, 0x00000000c0100000|100%| O|  |TAMS 0x00000000c0100000, 0x00000000c0000000| Untracked 
|   1|0x00000000c0100000, 0x00000000c0200000, 0x00000000c0200000|100%| O|  |TAMS 0x00000000c0200000, 0x00000000c0100000| Untracked 
|   2|0x00000000c0200000, 0x00000000c0300000, 0x00000000c0300000|100%| O|  |TAMS 0x00000000c0300000, 0x00000000c0200000| Untracked 
|   3|0x00000000c0300000, 0x00000000c0400000, 0x00000000c0400000|100%|HS|  |TAMS 0x00000000c0400000, 0x00000000c0300000| Complete 
|   4|0x00000000c0400000, 0x00000000c0500000, 0x00000000c0500000|100%|HC|  |TAMS 0x00000000c0500000, 0x00000000c0400000| Complete 
|   5|0x00000000c0500000, 0x00000000c0600000, 0x00000000c0600000|100%|HC|  |TAMS 0x00000000c0600000, 0x00000000c0500000| Complete 
|   6|0x00000000c0600000, 0x00000000c0600000, 0x00000000c0700000|  0%| F|  |TAMS 0x00000000c0600000, 0x00000000c0600000| Untracked 
|   7|0x00000000c0700000, 0x00000000c0800000, 0x00000000c0800000|100%| O|  |TAMS 0x00000000c0800000, 0x00000000c0700000| Untracked 
|   8|0x00000000c0800000, 0x00000000c0900000, 0x00000000c0900000|100%| O|  |TAMS 0x00000000c0900000, 0x00000000c0800000| Untracked 
|   9|0x00000000c0900000, 0x00000000c0a00000, 0x00000000c0a00000|100%| O|  |TAMS 0x00000000c0a00000, 0x00000000c0900000| Untracked 
|  10|0x00000000c0a00000, 0x00000000c0b00000, 0x00000000c0b00000|100%| O|  |TAMS 0x00000000c0b00000, 0x00000000c0a00000| Untracked 
|  11|0x00000000c0b00000, 0x00000000c0c00000, 0x00000000c0c00000|100%| O|  |TAMS 0x00000000c0c00000, 0x00000000c0b00000| Untracked 
|  12|0x00000000c0c00000, 0x00000000c0d00000, 0x00000000c0d00000|100%| O|  |TAMS 0x00000000c0d00000, 0x00000000c0c00000| Untracked 
|  13|0x00000000c0d00000, 0x00000000c0e00000, 0x00000000c0e00000|100%| O|  |TAMS 0x00000000c0e00000, 0x00000000c0d00000| Untracked 
|  14|0x00000000c0e00000, 0x00000000c0f00000, 0x00000000c0f00000|100%|HS|  |TAMS 0x00000000c0f00000, 0x00000000c0e00000| Complete 
|  15|0x00000000c0f00000, 0x00000000c1000000, 0x00000000c1000000|100%|HC|  |TAMS 0x00000000c1000000, 0x00000000c0f00000| Complete 
|  16|0x00000000c1000000, 0x00000000c1100000, 0x00000000c1100000|100%|HS|  |TAMS 0x00000000c1100000, 0x00000000c1000000| Complete 
|  17|0x00000000c1100000, 0x00000000c1200000, 0x00000000c1200000|100%|HC|  |TAMS 0x00000000c1200000, 0x00000000c1100000| Complete 
|  18|0x00000000c1200000, 0x00000000c1300000, 0x00000000c1300000|100%|HC|  |TAMS 0x00000000c1300000, 0x00000000c1200000| Complete 
|  19|0x00000000c1300000, 0x00000000c1400000, 0x00000000c1400000|100%|HS|  |TAMS 0x00000000c1400000, 0x00000000c1300000| Complete 
|  20|0x00000000c1400000, 0x00000000c1500000, 0x00000000c1500000|100%|HC|  |TAMS 0x00000000c1500000, 0x00000000c1400000| Complete 
|  21|0x00000000c1500000, 0x00000000c1600000, 0x00000000c1600000|100%|HC|  |TAMS 0x00000000c1600000, 0x00000000c1500000| Complete 
|  22|0x00000000c1600000, 0x00000000c1700000, 0x00000000c1700000|100%|HS|  |TAMS 0x00000000c1700000, 0x00000000c1600000| Complete 
|  23|0x00000000c1700000, 0x00000000c1800000, 0x00000000c1800000|100%|HC|  |TAMS 0x00000000c1800000, 0x00000000c1700000| Complete 
|  24|0x00000000c1800000, 0x00000000c1900000, 0x00000000c1900000|100%|HC|  |TAMS 0x00000000c1900000, 0x00000000c1800000| Complete 
|  25|0x00000000c1900000, 0x00000000c1a00000, 0x00000000c1a00000|100%|HC|  |TAMS 0x00000000c1a00000, 0x00000000c1900000| Complete 
|  26|0x00000000c1a00000, 0x00000000c1b00000, 0x00000000c1b00000|100%|HS|  |TAMS 0x00000000c1b00000, 0x00000000c1a00000| Complete 
|  27|0x00000000c1b00000, 0x00000000c1c00000, 0x00000000c1c00000|100%|HC|  |TAMS 0x00000000c1c00000, 0x00000000c1b00000| Complete 
|  28|0x00000000c1c00000, 0x00000000c1d00000, 0x00000000c1d00000|100%|HC|  |TAMS 0x00000000c1d00000, 0x00000000c1c00000| Complete 
|  29|0x00000000c1d00000, 0x00000000c1e00000, 0x00000000c1e00000|100%|HC|  |TAMS 0x00000000c1e00000, 0x00000000c1d00000| Complete 
|  30|0x00000000c1e00000, 0x00000000c1f00000, 0x00000000c1f00000|100%|HC|  |TAMS 0x00000000c1f00000, 0x00000000c1e00000| Complete 
|  31|0x00000000c1f00000, 0x00000000c2000000, 0x00000000c2000000|100%| O|  |TAMS 0x00000000c2000000, 0x00000000c1f00000| Untracked 
|  32|0x00000000c2000000, 0x00000000c2100000, 0x00000000c2100000|100%| O|  |TAMS 0x00000000c2100000, 0x00000000c2000000| Untracked 
|  33|0x00000000c2100000, 0x00000000c2200000, 0x00000000c2200000|100%| O|  |TAMS 0x00000000c2200000, 0x00000000c2100000| Untracked 
|  34|0x00000000c2200000, 0x00000000c2300000, 0x00000000c2300000|100%| O|  |TAMS 0x00000000c2300000, 0x00000000c2200000| Untracked 
|  35|0x00000000c2300000, 0x00000000c2400000, 0x00000000c2400000|100%| O|  |TAMS 0x00000000c2400000, 0x00000000c2300000| Untracked 
|  36|0x00000000c2400000, 0x00000000c2500000, 0x00000000c2500000|100%| O|  |TAMS 0x00000000c2500000, 0x00000000c2400000| Untracked 
|  37|0x00000000c2500000, 0x00000000c2600000, 0x00000000c2600000|100%| O|  |TAMS 0x00000000c2600000, 0x00000000c2500000| Untracked 
|  38|0x00000000c2600000, 0x00000000c2700000, 0x00000000c2700000|100%| O|  |TAMS 0x00000000c2700000, 0x00000000c2600000| Untracked 
|  39|0x00000000c2700000, 0x00000000c2800000, 0x00000000c2800000|100%| O|  |TAMS 0x00000000c2800000, 0x00000000c2700000| Untracked 
|  40|0x00000000c2800000, 0x00000000c2900000, 0x00000000c2900000|100%| O|  |TAMS 0x00000000c2900000, 0x00000000c2800000| Untracked 
|  41|0x00000000c2900000, 0x00000000c2a00000, 0x00000000c2a00000|100%| O|  |TAMS 0x00000000c2a00000, 0x00000000c2900000| Untracked 
|  42|0x00000000c2a00000, 0x00000000c2b00000, 0x00000000c2b00000|100%| O|  |TAMS 0x00000000c2b00000, 0x00000000c2a00000| Untracked 
|  43|0x00000000c2b00000, 0x00000000c2c00000, 0x00000000c2c00000|100%| O|  |TAMS 0x00000000c2c00000, 0x00000000c2b00000| Untracked 
|  44|0x00000000c2c00000, 0x00000000c2c00000, 0x00000000c2d00000|  0%| F|  |TAMS 0x00000000c2c00000, 0x00000000c2c00000| Untracked 
|  45|0x00000000c2d00000, 0x00000000c2e00000, 0x00000000c2e00000|100%| O|  |TAMS 0x00000000c2e00000, 0x00000000c2d00000| Untracked 
|  46|0x00000000c2e00000, 0x00000000c2f00000, 0x00000000c2f00000|100%| O|  |TAMS 0x00000000c2f00000, 0x00000000c2e00000| Untracked 
|  47|0x00000000c2f00000, 0x00000000c3000000, 0x00000000c3000000|100%| O|  |TAMS 0x00000000c3000000, 0x00000000c2f00000| Untracked 
|  48|0x00000000c3000000, 0x00000000c3000000, 0x00000000c3100000|  0%| F|  |TAMS 0x00000000c3000000, 0x00000000c3000000| Untracked 
|  49|0x00000000c3100000, 0x00000000c3200000, 0x00000000c3200000|100%| O|  |TAMS 0x00000000c3200000, 0x00000000c3100000| Untracked 
|  50|0x00000000c3200000, 0x00000000c3200000, 0x00000000c3300000|  0%| F|  |TAMS 0x00000000c3200000, 0x00000000c3200000| Untracked 
|  51|0x00000000c3300000, 0x00000000c3400000, 0x00000000c3400000|100%| O|  |TAMS 0x00000000c3400000, 0x00000000c3300000| Untracked 
|  52|0x00000000c3400000, 0x00000000c3500000, 0x00000000c3500000|100%|HS|  |TAMS 0x00000000c3500000, 0x00000000c3400000| Complete 
|  53|0x00000000c3500000, 0x00000000c3600000, 0x00000000c3600000|100%|HC|  |TAMS 0x00000000c3600000, 0x00000000c3500000| Complete 
|  54|0x00000000c3600000, 0x00000000c3700000, 0x00000000c3700000|100%| O|  |TAMS 0x00000000c3700000, 0x00000000c3600000| Untracked 
|  55|0x00000000c3700000, 0x00000000c3800000, 0x00000000c3800000|100%| O|  |TAMS 0x00000000c3800000, 0x00000000c3700000| Untracked 
|  56|0x00000000c3800000, 0x00000000c3800000, 0x00000000c3900000|  0%| F|  |TAMS 0x00000000c3800000, 0x00000000c3800000| Untracked 
|  57|0x00000000c3900000, 0x00000000c3a00000, 0x00000000c3a00000|100%| O|  |TAMS 0x00000000c3a00000, 0x00000000c3900000| Untracked 
|  58|0x00000000c3a00000, 0x00000000c3b00000, 0x00000000c3b00000|100%| O|  |TAMS 0x00000000c3b00000, 0x00000000c3a00000| Untracked 
|  59|0x00000000c3b00000, 0x00000000c3c00000, 0x00000000c3c00000|100%| O|  |TAMS 0x00000000c3c00000, 0x00000000c3b00000| Untracked 
|  60|0x00000000c3c00000, 0x00000000c3d00000, 0x00000000c3d00000|100%| O|  |TAMS 0x00000000c3d00000, 0x00000000c3c00000| Untracked 
|  61|0x00000000c3d00000, 0x00000000c3e00000, 0x00000000c3e00000|100%| O|  |TAMS 0x00000000c3e00000, 0x00000000c3d00000| Untracked 
|  62|0x00000000c3e00000, 0x00000000c3f00000, 0x00000000c3f00000|100%| O|  |TAMS 0x00000000c3f00000, 0x00000000c3e00000| Untracked 
|  63|0x00000000c3f00000, 0x00000000c4000000, 0x00000000c4000000|100%| O|  |TAMS 0x00000000c4000000, 0x00000000c3f00000| Untracked 
|  64|0x00000000c4000000, 0x00000000c4100000, 0x00000000c4100000|100%| O|  |TAMS 0x00000000c4000000, 0x00000000c4000000| Untracked 
|  65|0x00000000c4100000, 0x00000000c4200000, 0x00000000c4200000|100%| O|  |TAMS 0x00000000c4200000, 0x00000000c4100000| Untracked 
|  66|0x00000000c4200000, 0x00000000c4300000, 0x00000000c4300000|100%| O|  |TAMS 0x00000000c4300000, 0x00000000c4200000| Untracked 
|  67|0x00000000c4300000, 0x00000000c4400000, 0x00000000c4400000|100%| O|  |TAMS 0x00000000c4400000, 0x00000000c4300000| Untracked 
|  68|0x00000000c4400000, 0x00000000c4500000, 0x00000000c4500000|100%| O|  |TAMS 0x00000000c4500000, 0x00000000c4400000| Untracked 
|  69|0x00000000c4500000, 0x00000000c4600000, 0x00000000c4600000|100%| O|  |TAMS 0x00000000c4600000, 0x00000000c4500000| Untracked 
|  70|0x00000000c4600000, 0x00000000c4700000, 0x00000000c4700000|100%| O|  |TAMS 0x00000000c4700000, 0x00000000c4600000| Untracked 
|  71|0x00000000c4700000, 0x00000000c4800000, 0x00000000c4800000|100%|HS|  |TAMS 0x00000000c4800000, 0x00000000c4700000| Complete 
|  72|0x00000000c4800000, 0x00000000c4900000, 0x00000000c4900000|100%| O|  |TAMS 0x00000000c4900000, 0x00000000c4800000| Untracked 
|  73|0x00000000c4900000, 0x00000000c4a00000, 0x00000000c4a00000|100%| O|  |TAMS 0x00000000c4a00000, 0x00000000c4900000| Untracked 
|  74|0x00000000c4a00000, 0x00000000c4b00000, 0x00000000c4b00000|100%| O|  |TAMS 0x00000000c4b00000, 0x00000000c4a00000| Untracked 
|  75|0x00000000c4b00000, 0x00000000c4b00000, 0x00000000c4c00000|  0%| F|  |TAMS 0x00000000c4b00000, 0x00000000c4b00000| Untracked 
|  76|0x00000000c4c00000, 0x00000000c4c00000, 0x00000000c4d00000|  0%| F|  |TAMS 0x00000000c4c00000, 0x00000000c4c00000| Untracked 
|  77|0x00000000c4d00000, 0x00000000c4e00000, 0x00000000c4e00000|100%| O|  |TAMS 0x00000000c4e00000, 0x00000000c4d00000| Untracked 
|  78|0x00000000c4e00000, 0x00000000c4e00000, 0x00000000c4f00000|  0%| F|  |TAMS 0x00000000c4e00000, 0x00000000c4e00000| Untracked 
|  79|0x00000000c4f00000, 0x00000000c5000000, 0x00000000c5000000|100%| O|  |TAMS 0x00000000c5000000, 0x00000000c4f00000| Untracked 
|  80|0x00000000c5000000, 0x00000000c5000000, 0x00000000c5100000|  0%| F|  |TAMS 0x00000000c5000000, 0x00000000c5000000| Untracked 
|  81|0x00000000c5100000, 0x00000000c5200000, 0x00000000c5200000|100%| O|  |TAMS 0x00000000c5200000, 0x00000000c5100000| Untracked 
|  82|0x00000000c5200000, 0x00000000c5300000, 0x00000000c5300000|100%| O|  |TAMS 0x00000000c5300000, 0x00000000c5200000| Untracked 
|  83|0x00000000c5300000, 0x00000000c5400000, 0x00000000c5400000|100%| O|  |TAMS 0x00000000c5400000, 0x00000000c5300000| Untracked 
|  84|0x00000000c5400000, 0x00000000c5500000, 0x00000000c5500000|100%| O|  |TAMS 0x00000000c5500000, 0x00000000c5400000| Untracked 
|  85|0x00000000c5500000, 0x00000000c5600000, 0x00000000c5600000|100%| O|  |TAMS 0x00000000c5600000, 0x00000000c5500000| Untracked 
|  86|0x00000000c5600000, 0x00000000c5700000, 0x00000000c5700000|100%| O|  |TAMS 0x00000000c5700000, 0x00000000c5600000| Untracked 
|  87|0x00000000c5700000, 0x00000000c5800000, 0x00000000c5800000|100%| O|  |TAMS 0x00000000c5800000, 0x00000000c5700000| Untracked 
|  88|0x00000000c5800000, 0x00000000c5900000, 0x00000000c5900000|100%| O|  |TAMS 0x00000000c5900000, 0x00000000c5800000| Untracked 
|  89|0x00000000c5900000, 0x00000000c5a00000, 0x00000000c5a00000|100%| O|  |TAMS 0x00000000c5a00000, 0x00000000c5900000| Untracked 
|  90|0x00000000c5a00000, 0x00000000c5b00000, 0x00000000c5b00000|100%| O|  |TAMS 0x00000000c5b00000, 0x00000000c5a00000| Untracked 
|  91|0x00000000c5b00000, 0x00000000c5c00000, 0x00000000c5c00000|100%| O|  |TAMS 0x00000000c5c00000, 0x00000000c5b00000| Untracked 
|  92|0x00000000c5c00000, 0x00000000c5d00000, 0x00000000c5d00000|100%| O|  |TAMS 0x00000000c5d00000, 0x00000000c5c00000| Untracked 
|  93|0x00000000c5d00000, 0x00000000c5d00000, 0x00000000c5e00000|  0%| F|  |TAMS 0x00000000c5d00000, 0x00000000c5d00000| Untracked 
|  94|0x00000000c5e00000, 0x00000000c5e00000, 0x00000000c5f00000|  0%| F|  |TAMS 0x00000000c5e00000, 0x00000000c5e00000| Untracked 
|  95|0x00000000c5f00000, 0x00000000c6000000, 0x00000000c6000000|100%|HS|  |TAMS 0x00000000c6000000, 0x00000000c5f00000| Complete 
|  96|0x00000000c6000000, 0x00000000c6100000, 0x00000000c6100000|100%|HC|  |TAMS 0x00000000c6100000, 0x00000000c6000000| Complete 
|  97|0x00000000c6100000, 0x00000000c6200000, 0x00000000c6200000|100%|HC|  |TAMS 0x00000000c6200000, 0x00000000c6100000| Complete 
|  98|0x00000000c6200000, 0x00000000c6300000, 0x00000000c6300000|100%|HS|  |TAMS 0x00000000c6300000, 0x00000000c6200000| Complete 
|  99|0x00000000c6300000, 0x00000000c6400000, 0x00000000c6400000|100%|HC|  |TAMS 0x00000000c6400000, 0x00000000c6300000| Complete 
| 100|0x00000000c6400000, 0x00000000c6500000, 0x00000000c6500000|100%|HC|  |TAMS 0x00000000c6500000, 0x00000000c6400000| Complete 
| 101|0x00000000c6500000, 0x00000000c6500000, 0x00000000c6600000|  0%| F|  |TAMS 0x00000000c6500000, 0x00000000c6500000| Untracked 
| 102|0x00000000c6600000, 0x00000000c6700000, 0x00000000c6700000|100%| O|  |TAMS 0x00000000c6700000, 0x00000000c6600000| Untracked 
| 103|0x00000000c6700000, 0x00000000c6800000, 0x00000000c6800000|100%| O|  |TAMS 0x00000000c6800000, 0x00000000c6700000| Untracked 
| 104|0x00000000c6800000, 0x00000000c6900000, 0x00000000c6900000|100%| O|  |TAMS 0x00000000c6900000, 0x00000000c6800000| Untracked 
| 105|0x00000000c6900000, 0x00000000c6a00000, 0x00000000c6a00000|100%| O|  |TAMS 0x00000000c6a00000, 0x00000000c6900000| Untracked 
| 106|0x00000000c6a00000, 0x00000000c6b00000, 0x00000000c6b00000|100%| O|  |TAMS 0x00000000c6b00000, 0x00000000c6a00000| Untracked 
| 107|0x00000000c6b00000, 0x00000000c6c00000, 0x00000000c6c00000|100%| O|  |TAMS 0x00000000c6c00000, 0x00000000c6b00000| Untracked 
| 108|0x00000000c6c00000, 0x00000000c6d00000, 0x00000000c6d00000|100%| O|  |TAMS 0x00000000c6d00000, 0x00000000c6c00000| Untracked 
| 109|0x00000000c6d00000, 0x00000000c6d00000, 0x00000000c6e00000|  0%| F|  |TAMS 0x00000000c6d00000, 0x00000000c6d00000| Untracked 
| 110|0x00000000c6e00000, 0x00000000c6e00000, 0x00000000c6f00000|  0%| F|  |TAMS 0x00000000c6e00000, 0x00000000c6e00000| Untracked 
| 111|0x00000000c6f00000, 0x00000000c7000000, 0x00000000c7000000|100%| O|  |TAMS 0x00000000c7000000, 0x00000000c6f00000| Untracked 
| 112|0x00000000c7000000, 0x00000000c7100000, 0x00000000c7100000|100%| O|  |TAMS 0x00000000c7100000, 0x00000000c7000000| Untracked 
| 113|0x00000000c7100000, 0x00000000c7200000, 0x00000000c7200000|100%| O|  |TAMS 0x00000000c7200000, 0x00000000c7100000| Untracked 
| 114|0x00000000c7200000, 0x00000000c7200000, 0x00000000c7300000|  0%| F|  |TAMS 0x00000000c7200000, 0x00000000c7200000| Untracked 
| 115|0x00000000c7300000, 0x00000000c7300000, 0x00000000c7400000|  0%| F|  |TAMS 0x00000000c7300000, 0x00000000c7300000| Untracked 
| 116|0x00000000c7400000, 0x00000000c7500000, 0x00000000c7500000|100%| O|  |TAMS 0x00000000c7500000, 0x00000000c7400000| Untracked 
| 117|0x00000000c7500000, 0x00000000c7600000, 0x00000000c7600000|100%| O|  |TAMS 0x00000000c7600000, 0x00000000c7500000| Untracked 
| 118|0x00000000c7600000, 0x00000000c7700000, 0x00000000c7700000|100%| O|  |TAMS 0x00000000c7700000, 0x00000000c7600000| Untracked 
| 119|0x00000000c7700000, 0x00000000c7700000, 0x00000000c7800000|  0%| F|  |TAMS 0x00000000c7700000, 0x00000000c7700000| Untracked 
| 120|0x00000000c7800000, 0x00000000c7900000, 0x00000000c7900000|100%| O|  |TAMS 0x00000000c7900000, 0x00000000c7800000| Untracked 
| 121|0x00000000c7900000, 0x00000000c7a00000, 0x00000000c7a00000|100%|HS|  |TAMS 0x00000000c7a00000, 0x00000000c7900000| Complete 
| 122|0x00000000c7a00000, 0x00000000c7b00000, 0x00000000c7b00000|100%|HC|  |TAMS 0x00000000c7b00000, 0x00000000c7a00000| Complete 
| 123|0x00000000c7b00000, 0x00000000c7c00000, 0x00000000c7c00000|100%|HS|  |TAMS 0x00000000c7c00000, 0x00000000c7b00000| Complete 
| 124|0x00000000c7c00000, 0x00000000c7d00000, 0x00000000c7d00000|100%|HC|  |TAMS 0x00000000c7d00000, 0x00000000c7c00000| Complete 
| 125|0x00000000c7d00000, 0x00000000c7e00000, 0x00000000c7e00000|100%|HC|  |TAMS 0x00000000c7e00000, 0x00000000c7d00000| Complete 
| 126|0x00000000c7e00000, 0x00000000c7f00000, 0x00000000c7f00000|100%|HS|  |TAMS 0x00000000c7f00000, 0x00000000c7e00000| Complete 
| 127|0x00000000c7f00000, 0x00000000c8000000, 0x00000000c8000000|100%|HC|  |TAMS 0x00000000c8000000, 0x00000000c7f00000| Complete 
| 128|0x00000000c8000000, 0x00000000c8100000, 0x00000000c8100000|100%|HC|  |TAMS 0x00000000c8100000, 0x00000000c8000000| Complete 
| 129|0x00000000c8100000, 0x00000000c8200000, 0x00000000c8200000|100%|HS|  |TAMS 0x00000000c8200000, 0x00000000c8100000| Complete 
| 130|0x00000000c8200000, 0x00000000c8300000, 0x00000000c8300000|100%|HC|  |TAMS 0x00000000c8300000, 0x00000000c8200000| Complete 
| 131|0x00000000c8300000, 0x00000000c8400000, 0x00000000c8400000|100%|HC|  |TAMS 0x00000000c8400000, 0x00000000c8300000| Complete 
| 132|0x00000000c8400000, 0x00000000c8500000, 0x00000000c8500000|100%|HC|  |TAMS 0x00000000c8500000, 0x00000000c8400000| Complete 
| 133|0x00000000c8500000, 0x00000000c8600000, 0x00000000c8600000|100%| O|  |TAMS 0x00000000c8600000, 0x00000000c8500000| Untracked 
| 134|0x00000000c8600000, 0x00000000c8700000, 0x00000000c8700000|100%| O|  |TAMS 0x00000000c8700000, 0x00000000c8600000| Untracked 
| 135|0x00000000c8700000, 0x00000000c8800000, 0x00000000c8800000|100%| O|  |TAMS 0x00000000c8700000, 0x00000000c8700000| Untracked 
| 136|0x00000000c8800000, 0x00000000c8900000, 0x00000000c8900000|100%| O|  |TAMS 0x00000000c8800000, 0x00000000c8800000| Untracked 
| 137|0x00000000c8900000, 0x00000000c8a00000, 0x00000000c8a00000|100%|HS|  |TAMS 0x00000000c8a00000, 0x00000000c8900000| Complete 
| 138|0x00000000c8a00000, 0x00000000c8b00000, 0x00000000c8b00000|100%| O|  |TAMS 0x00000000c8b00000, 0x00000000c8a00000| Untracked 
| 139|0x00000000c8b00000, 0x00000000c8b00000, 0x00000000c8c00000|  0%| F|  |TAMS 0x00000000c8b00000, 0x00000000c8b00000| Untracked 
| 140|0x00000000c8c00000, 0x00000000c8d00000, 0x00000000c8d00000|100%| O|  |TAMS 0x00000000c8c00000, 0x00000000c8c00000| Untracked 
| 141|0x00000000c8d00000, 0x00000000c8e00000, 0x00000000c8e00000|100%| O|  |TAMS 0x00000000c8d00000, 0x00000000c8d00000| Untracked 
| 142|0x00000000c8e00000, 0x00000000c8f00000, 0x00000000c8f00000|100%| O|  |TAMS 0x00000000c8e00000, 0x00000000c8e00000| Untracked 
| 143|0x00000000c8f00000, 0x00000000c9000000, 0x00000000c9000000|100%| O|  |TAMS 0x00000000c8f00000, 0x00000000c8f00000| Untracked 
| 144|0x00000000c9000000, 0x00000000c9100000, 0x00000000c9100000|100%| O|  |TAMS 0x00000000c9100000, 0x00000000c9000000| Untracked 
| 145|0x00000000c9100000, 0x00000000c9200000, 0x00000000c9200000|100%| O|  |TAMS 0x00000000c9200000, 0x00000000c9100000| Untracked 
| 146|0x00000000c9200000, 0x00000000c9200000, 0x00000000c9300000|  0%| F|  |TAMS 0x00000000c9200000, 0x00000000c9200000| Untracked 
| 147|0x00000000c9300000, 0x00000000c9400000, 0x00000000c9400000|100%|HS|  |TAMS 0x00000000c9300000, 0x00000000c9300000| Complete 
| 148|0x00000000c9400000, 0x00000000c9500000, 0x00000000c9500000|100%|HC|  |TAMS 0x00000000c9400000, 0x00000000c9400000| Complete 
| 149|0x00000000c9500000, 0x00000000c9600000, 0x00000000c9600000|100%|HC|  |TAMS 0x00000000c9500000, 0x00000000c9500000| Complete 
| 150|0x00000000c9600000, 0x00000000c9700000, 0x00000000c9700000|100%| O|  |TAMS 0x00000000c9600000, 0x00000000c9600000| Untracked 
| 151|0x00000000c9700000, 0x00000000c9800000, 0x00000000c9800000|100%|HS|  |TAMS 0x00000000c9800000, 0x00000000c9700000| Complete 
| 152|0x00000000c9800000, 0x00000000c9900000, 0x00000000c9900000|100%|HC|  |TAMS 0x00000000c9900000, 0x00000000c9800000| Complete 
| 153|0x00000000c9900000, 0x00000000c9a00000, 0x00000000c9a00000|100%|HC|  |TAMS 0x00000000c9a00000, 0x00000000c9900000| Complete 
| 154|0x00000000c9a00000, 0x00000000c9b00000, 0x00000000c9b00000|100%|HC|  |TAMS 0x00000000c9b00000, 0x00000000c9a00000| Complete 
| 155|0x00000000c9b00000, 0x00000000c9c00000, 0x00000000c9c00000|100%|HC|  |TAMS 0x00000000c9c00000, 0x00000000c9b00000| Complete 
| 156|0x00000000c9c00000, 0x00000000c9d00000, 0x00000000c9d00000|100%| O|  |TAMS 0x00000000c9c00000, 0x00000000c9c00000| Untracked 
| 157|0x00000000c9d00000, 0x00000000c9e00000, 0x00000000c9e00000|100%| O|  |TAMS 0x00000000c9d00000, 0x00000000c9d00000| Untracked 
| 158|0x00000000c9e00000, 0x00000000c9f00000, 0x00000000c9f00000|100%|HS|  |TAMS 0x00000000c9e00000, 0x00000000c9e00000| Complete 
| 159|0x00000000c9f00000, 0x00000000ca000000, 0x00000000ca000000|100%| O|  |TAMS 0x00000000c9f00000, 0x00000000c9f00000| Untracked 
| 160|0x00000000ca000000, 0x00000000ca100000, 0x00000000ca100000|100%| O|  |TAMS 0x00000000ca000000, 0x00000000ca000000| Untracked 
| 161|0x00000000ca100000, 0x00000000ca200000, 0x00000000ca200000|100%| O|  |TAMS 0x00000000ca100000, 0x00000000ca100000| Untracked 
| 162|0x00000000ca200000, 0x00000000ca200000, 0x00000000ca300000|  0%| F|  |TAMS 0x00000000ca200000, 0x00000000ca200000| Untracked 
| 163|0x00000000ca300000, 0x00000000ca300000, 0x00000000ca400000|  0%| F|  |TAMS 0x00000000ca300000, 0x00000000ca300000| Untracked 
| 164|0x00000000ca400000, 0x00000000ca500000, 0x00000000ca500000|100%| O|  |TAMS 0x00000000ca500000, 0x00000000ca400000| Untracked 
| 165|0x00000000ca500000, 0x00000000ca600000, 0x00000000ca600000|100%| O|  |TAMS 0x00000000ca500000, 0x00000000ca500000| Untracked 
| 166|0x00000000ca600000, 0x00000000ca700000, 0x00000000ca700000|100%| O|  |TAMS 0x00000000ca600000, 0x00000000ca600000| Untracked 
| 167|0x00000000ca700000, 0x00000000ca800000, 0x00000000ca800000|100%| O|  |TAMS 0x00000000ca700000, 0x00000000ca700000| Untracked 
| 168|0x00000000ca800000, 0x00000000ca900000, 0x00000000ca900000|100%| O|  |TAMS 0x00000000ca800000, 0x00000000ca800000| Untracked 
| 169|0x00000000ca900000, 0x00000000caa00000, 0x00000000caa00000|100%| O|  |TAMS 0x00000000ca900000, 0x00000000ca900000| Untracked 
| 170|0x00000000caa00000, 0x00000000cab00000, 0x00000000cab00000|100%|HS|  |TAMS 0x00000000caa00000, 0x00000000caa00000| Complete 
| 171|0x00000000cab00000, 0x00000000cac00000, 0x00000000cac00000|100%|HC|  |TAMS 0x00000000cab00000, 0x00000000cab00000| Complete 
| 172|0x00000000cac00000, 0x00000000cad00000, 0x00000000cad00000|100%|HC|  |TAMS 0x00000000cac00000, 0x00000000cac00000| Complete 
| 173|0x00000000cad00000, 0x00000000cae00000, 0x00000000cae00000|100%|HC|  |TAMS 0x00000000cad00000, 0x00000000cad00000| Complete 
| 174|0x00000000cae00000, 0x00000000caf00000, 0x00000000caf00000|100%|HC|  |TAMS 0x00000000cae00000, 0x00000000cae00000| Complete 
| 175|0x00000000caf00000, 0x00000000cb000000, 0x00000000cb000000|100%| O|  |TAMS 0x00000000caf00000, 0x00000000caf00000| Untracked 
| 176|0x00000000cb000000, 0x00000000cb09b200, 0x00000000cb100000| 60%| O|  |TAMS 0x00000000cb000000, 0x00000000cb000000| Untracked 
| 177|0x00000000cb100000, 0x00000000cb100000, 0x00000000cb200000|  0%| F|  |TAMS 0x00000000cb100000, 0x00000000cb100000| Untracked 
| 178|0x00000000cb200000, 0x00000000cb200000, 0x00000000cb300000|  0%| F|  |TAMS 0x00000000cb200000, 0x00000000cb200000| Untracked 
| 179|0x00000000cb300000, 0x00000000cb300000, 0x00000000cb400000|  0%| F|  |TAMS 0x00000000cb300000, 0x00000000cb300000| Untracked 
| 180|0x00000000cb400000, 0x00000000cb400000, 0x00000000cb500000|  0%| F|  |TAMS 0x00000000cb400000, 0x00000000cb400000| Untracked 
| 181|0x00000000cb500000, 0x00000000cb500000, 0x00000000cb600000|  0%| F|  |TAMS 0x00000000cb500000, 0x00000000cb500000| Untracked 
| 182|0x00000000cb600000, 0x00000000cb600000, 0x00000000cb700000|  0%| F|  |TAMS 0x00000000cb600000, 0x00000000cb600000| Untracked 
| 183|0x00000000cb700000, 0x00000000cb700000, 0x00000000cb800000|  0%| F|  |TAMS 0x00000000cb700000, 0x00000000cb700000| Untracked 
| 184|0x00000000cb800000, 0x00000000cb800000, 0x00000000cb900000|  0%| F|  |TAMS 0x00000000cb800000, 0x00000000cb800000| Untracked 
| 185|0x00000000cb900000, 0x00000000cb900000, 0x00000000cba00000|  0%| F|  |TAMS 0x00000000cb900000, 0x00000000cb900000| Untracked 
| 186|0x00000000cba00000, 0x00000000cba00000, 0x00000000cbb00000|  0%| F|  |TAMS 0x00000000cba00000, 0x00000000cba00000| Untracked 
| 187|0x00000000cbb00000, 0x00000000cbb00000, 0x00000000cbc00000|  0%| F|  |TAMS 0x00000000cbb00000, 0x00000000cbb00000| Untracked 
| 188|0x00000000cbc00000, 0x00000000cbc00000, 0x00000000cbd00000|  0%| F|  |TAMS 0x00000000cbc00000, 0x00000000cbc00000| Untracked 
| 189|0x00000000cbd00000, 0x00000000cbd00000, 0x00000000cbe00000|  0%| F|  |TAMS 0x00000000cbd00000, 0x00000000cbd00000| Untracked 
| 190|0x00000000cbe00000, 0x00000000cbe00000, 0x00000000cbf00000|  0%| F|  |TAMS 0x00000000cbe00000, 0x00000000cbe00000| Untracked 
| 191|0x00000000cbf00000, 0x00000000cbf00000, 0x00000000cc000000|  0%| F|  |TAMS 0x00000000cbf00000, 0x00000000cbf00000| Untracked 
| 192|0x00000000cc000000, 0x00000000cc000000, 0x00000000cc100000|  0%| F|  |TAMS 0x00000000cc000000, 0x00000000cc000000| Untracked 
| 193|0x00000000cc100000, 0x00000000cc100000, 0x00000000cc200000|  0%| F|  |TAMS 0x00000000cc100000, 0x00000000cc100000| Untracked 
| 194|0x00000000cc200000, 0x00000000cc200000, 0x00000000cc300000|  0%| F|  |TAMS 0x00000000cc200000, 0x00000000cc200000| Untracked 
| 195|0x00000000cc300000, 0x00000000cc300000, 0x00000000cc400000|  0%| F|  |TAMS 0x00000000cc300000, 0x00000000cc300000| Untracked 
| 196|0x00000000cc400000, 0x00000000cc400000, 0x00000000cc500000|  0%| F|  |TAMS 0x00000000cc400000, 0x00000000cc400000| Untracked 
| 197|0x00000000cc500000, 0x00000000cc600000, 0x00000000cc600000|100%| O|  |TAMS 0x00000000cc600000, 0x00000000cc500000| Untracked 
| 198|0x00000000cc600000, 0x00000000cc700000, 0x00000000cc700000|100%| O|  |TAMS 0x00000000cc700000, 0x00000000cc600000| Untracked 
| 199|0x00000000cc700000, 0x00000000cc800000, 0x00000000cc800000|100%| O|  |TAMS 0x00000000cc800000, 0x00000000cc700000| Untracked 
| 200|0x00000000cc800000, 0x00000000cc800000, 0x00000000cc900000|  0%| F|  |TAMS 0x00000000cc800000, 0x00000000cc800000| Untracked 
| 201|0x00000000cc900000, 0x00000000cc900000, 0x00000000cca00000|  0%| F|  |TAMS 0x00000000cc900000, 0x00000000cc900000| Untracked 
| 202|0x00000000cca00000, 0x00000000ccb00000, 0x00000000ccb00000|100%| O|  |TAMS 0x00000000ccb00000, 0x00000000cca00000| Untracked 
| 203|0x00000000ccb00000, 0x00000000ccc00000, 0x00000000ccc00000|100%| O|  |TAMS 0x00000000ccc00000, 0x00000000ccb00000| Untracked 
| 204|0x00000000ccc00000, 0x00000000ccd00000, 0x00000000ccd00000|100%| O|  |TAMS 0x00000000ccd00000, 0x00000000ccc00000| Untracked 
| 205|0x00000000ccd00000, 0x00000000cce00000, 0x00000000cce00000|100%| O|  |TAMS 0x00000000cce00000, 0x00000000ccd00000| Untracked 
| 206|0x00000000cce00000, 0x00000000ccf00000, 0x00000000ccf00000|100%| O|  |TAMS 0x00000000ccf00000, 0x00000000cce00000| Untracked 
| 207|0x00000000ccf00000, 0x00000000cd000000, 0x00000000cd000000|100%| O|  |TAMS 0x00000000cd000000, 0x00000000ccf00000| Untracked 
| 208|0x00000000cd000000, 0x00000000cd100000, 0x00000000cd100000|100%| O|  |TAMS 0x00000000cd100000, 0x00000000cd000000| Untracked 
| 209|0x00000000cd100000, 0x00000000cd200000, 0x00000000cd200000|100%| O|  |TAMS 0x00000000cd200000, 0x00000000cd100000| Untracked 
| 210|0x00000000cd200000, 0x00000000cd300000, 0x00000000cd300000|100%| O|  |TAMS 0x00000000cd300000, 0x00000000cd200000| Untracked 
| 211|0x00000000cd300000, 0x00000000cd400000, 0x00000000cd400000|100%| O|  |TAMS 0x00000000cd400000, 0x00000000cd300000| Untracked 
| 212|0x00000000cd400000, 0x00000000cd400000, 0x00000000cd500000|  0%| F|  |TAMS 0x00000000cd400000, 0x00000000cd400000| Untracked 
| 213|0x00000000cd500000, 0x00000000cd600000, 0x00000000cd600000|100%| O|  |TAMS 0x00000000cd600000, 0x00000000cd500000| Untracked 
| 214|0x00000000cd600000, 0x00000000cd700000, 0x00000000cd700000|100%| O|  |TAMS 0x00000000cd700000, 0x00000000cd600000| Untracked 
| 215|0x00000000cd700000, 0x00000000cd700000, 0x00000000cd800000|  0%| F|  |TAMS 0x00000000cd700000, 0x00000000cd700000| Untracked 
| 216|0x00000000cd800000, 0x00000000cd800000, 0x00000000cd900000|  0%| F|  |TAMS 0x00000000cd800000, 0x00000000cd800000| Untracked 
| 217|0x00000000cd900000, 0x00000000cd900000, 0x00000000cda00000|  0%| F|  |TAMS 0x00000000cd900000, 0x00000000cd900000| Untracked 
| 218|0x00000000cda00000, 0x00000000cda00000, 0x00000000cdb00000|  0%| F|  |TAMS 0x00000000cda00000, 0x00000000cda00000| Untracked 
| 219|0x00000000cdb00000, 0x00000000cdc00000, 0x00000000cdc00000|100%| O|  |TAMS 0x00000000cdc00000, 0x00000000cdb00000| Untracked 
| 220|0x00000000cdc00000, 0x00000000cdd00000, 0x00000000cdd00000|100%| O|  |TAMS 0x00000000cdd00000, 0x00000000cdc00000| Untracked 
| 221|0x00000000cdd00000, 0x00000000cde00000, 0x00000000cde00000|100%| O|  |TAMS 0x00000000cde00000, 0x00000000cdd00000| Untracked 
| 222|0x00000000cde00000, 0x00000000cdf00000, 0x00000000cdf00000|100%| O|  |TAMS 0x00000000cdf00000, 0x00000000cde00000| Untracked 
| 223|0x00000000cdf00000, 0x00000000ce000000, 0x00000000ce000000|100%| O|  |TAMS 0x00000000ce000000, 0x00000000cdf00000| Untracked 
| 224|0x00000000ce000000, 0x00000000ce100000, 0x00000000ce100000|100%| O|  |TAMS 0x00000000ce100000, 0x00000000ce000000| Untracked 
| 225|0x00000000ce100000, 0x00000000ce200000, 0x00000000ce200000|100%| O|  |TAMS 0x00000000ce200000, 0x00000000ce100000| Untracked 
| 226|0x00000000ce200000, 0x00000000ce300000, 0x00000000ce300000|100%| O|  |TAMS 0x00000000ce300000, 0x00000000ce200000| Untracked 
| 227|0x00000000ce300000, 0x00000000ce400000, 0x00000000ce400000|100%| O|  |TAMS 0x00000000ce400000, 0x00000000ce300000| Untracked 
| 228|0x00000000ce400000, 0x00000000ce500000, 0x00000000ce500000|100%| O|  |TAMS 0x00000000ce500000, 0x00000000ce400000| Untracked 
| 229|0x00000000ce500000, 0x00000000ce600000, 0x00000000ce600000|100%| O|  |TAMS 0x00000000ce600000, 0x00000000ce500000| Untracked 
| 230|0x00000000ce600000, 0x00000000ce600000, 0x00000000ce700000|  0%| F|  |TAMS 0x00000000ce600000, 0x00000000ce600000| Untracked 
| 231|0x00000000ce700000, 0x00000000ce800000, 0x00000000ce800000|100%| O|  |TAMS 0x00000000ce800000, 0x00000000ce700000| Untracked 
| 232|0x00000000ce800000, 0x00000000ce800000, 0x00000000ce900000|  0%| F|  |TAMS 0x00000000ce800000, 0x00000000ce800000| Untracked 
| 233|0x00000000ce900000, 0x00000000cea00000, 0x00000000cea00000|100%|HS|  |TAMS 0x00000000cea00000, 0x00000000ce900000| Complete 
| 234|0x00000000cea00000, 0x00000000ceb00000, 0x00000000ceb00000|100%|HC|  |TAMS 0x00000000ceb00000, 0x00000000cea00000| Complete 
| 235|0x00000000ceb00000, 0x00000000cec00000, 0x00000000cec00000|100%|HS|  |TAMS 0x00000000cec00000, 0x00000000ceb00000| Complete 
| 236|0x00000000cec00000, 0x00000000ced00000, 0x00000000ced00000|100%|HC|  |TAMS 0x00000000ced00000, 0x00000000cec00000| Complete 
| 237|0x00000000ced00000, 0x00000000cee00000, 0x00000000cee00000|100%|HC|  |TAMS 0x00000000cee00000, 0x00000000ced00000| Complete 
| 238|0x00000000cee00000, 0x00000000cef00000, 0x00000000cef00000|100%|HC|  |TAMS 0x00000000cef00000, 0x00000000cee00000| Complete 
| 239|0x00000000cef00000, 0x00000000cf000000, 0x00000000cf000000|100%|HC|  |TAMS 0x00000000cf000000, 0x00000000cef00000| Complete 
| 240|0x00000000cf000000, 0x00000000cf100000, 0x00000000cf100000|100%|HC|  |TAMS 0x00000000cf100000, 0x00000000cf000000| Complete 
| 241|0x00000000cf100000, 0x00000000cf200000, 0x00000000cf200000|100%|HC|  |TAMS 0x00000000cf200000, 0x00000000cf100000| Complete 
| 242|0x00000000cf200000, 0x00000000cf300000, 0x00000000cf300000|100%|HC|  |TAMS 0x00000000cf300000, 0x00000000cf200000| Complete 
| 243|0x00000000cf300000, 0x00000000cf400000, 0x00000000cf400000|100%|HS|  |TAMS 0x00000000cf400000, 0x00000000cf300000| Complete 
| 244|0x00000000cf400000, 0x00000000cf500000, 0x00000000cf500000|100%|HC|  |TAMS 0x00000000cf500000, 0x00000000cf400000| Complete 
| 245|0x00000000cf500000, 0x00000000cf600000, 0x00000000cf600000|100%|HC|  |TAMS 0x00000000cf600000, 0x00000000cf500000| Complete 
| 246|0x00000000cf600000, 0x00000000cf700000, 0x00000000cf700000|100%|HC|  |TAMS 0x00000000cf700000, 0x00000000cf600000| Complete 
| 247|0x00000000cf700000, 0x00000000cf800000, 0x00000000cf800000|100%|HC|  |TAMS 0x00000000cf800000, 0x00000000cf700000| Complete 
| 248|0x00000000cf800000, 0x00000000cf800000, 0x00000000cf900000|  0%| F|  |TAMS 0x00000000cf800000, 0x00000000cf800000| Untracked 
| 249|0x00000000cf900000, 0x00000000cf900000, 0x00000000cfa00000|  0%| F|  |TAMS 0x00000000cf900000, 0x00000000cf900000| Untracked 
| 250|0x00000000cfa00000, 0x00000000cfa00000, 0x00000000cfb00000|  0%| F|  |TAMS 0x00000000cfa00000, 0x00000000cfa00000| Untracked 
| 251|0x00000000cfb00000, 0x00000000cfb00000, 0x00000000cfc00000|  0%| F|  |TAMS 0x00000000cfb00000, 0x00000000cfb00000| Untracked 
| 252|0x00000000cfc00000, 0x00000000cfd00000, 0x00000000cfd00000|100%| O|  |TAMS 0x00000000cfd00000, 0x00000000cfc00000| Untracked 
| 253|0x00000000cfd00000, 0x00000000cfe00000, 0x00000000cfe00000|100%| O|  |TAMS 0x00000000cfe00000, 0x00000000cfd00000| Untracked 
| 254|0x00000000cfe00000, 0x00000000cff00000, 0x00000000cff00000|100%| O|  |TAMS 0x00000000cff00000, 0x00000000cfe00000| Untracked 
| 255|0x00000000cff00000, 0x00000000d0000000, 0x00000000d0000000|100%| O|  |TAMS 0x00000000d0000000, 0x00000000cff00000| Untracked 
| 256|0x00000000d0000000, 0x00000000d0100000, 0x00000000d0100000|100%| O|  |TAMS 0x00000000d0100000, 0x00000000d0000000| Untracked 
| 257|0x00000000d0100000, 0x00000000d0200000, 0x00000000d0200000|100%| O|  |TAMS 0x00000000d01e9600, 0x00000000d0100000| Untracked 
| 258|0x00000000d0200000, 0x00000000d0300000, 0x00000000d0300000|100%|HS|  |TAMS 0x00000000d0200000, 0x00000000d0200000| Complete 
| 259|0x00000000d0300000, 0x00000000d0400000, 0x00000000d0400000|100%|HC|  |TAMS 0x00000000d0300000, 0x00000000d0300000| Complete 
| 260|0x00000000d0400000, 0x00000000d0500000, 0x00000000d0500000|100%|HC|  |TAMS 0x00000000d0400000, 0x00000000d0400000| Complete 
| 261|0x00000000d0500000, 0x00000000d0600000, 0x00000000d0600000|100%|HC|  |TAMS 0x00000000d0500000, 0x00000000d0500000| Complete 
| 262|0x00000000d0600000, 0x00000000d0700000, 0x00000000d0700000|100%|HC|  |TAMS 0x00000000d0600000, 0x00000000d0600000| Complete 
| 263|0x00000000d0700000, 0x00000000d0800000, 0x00000000d0800000|100%|HC|  |TAMS 0x00000000d0700000, 0x00000000d0700000| Complete 
| 264|0x00000000d0800000, 0x00000000d0900000, 0x00000000d0900000|100%|HC|  |TAMS 0x00000000d0800000, 0x00000000d0800000| Complete 
| 265|0x00000000d0900000, 0x00000000d0a00000, 0x00000000d0a00000|100%|HC|  |TAMS 0x00000000d0900000, 0x00000000d0900000| Complete 
| 266|0x00000000d0a00000, 0x00000000d0b00000, 0x00000000d0b00000|100%|HC|  |TAMS 0x00000000d0a00000, 0x00000000d0a00000| Complete 
| 267|0x00000000d0b00000, 0x00000000d0b00000, 0x00000000d0c00000|  0%| F|  |TAMS 0x00000000d0b00000, 0x00000000d0b00000| Untracked 
| 268|0x00000000d0c00000, 0x00000000d0c00000, 0x00000000d0d00000|  0%| F|  |TAMS 0x00000000d0c00000, 0x00000000d0c00000| Untracked 
| 269|0x00000000d0d00000, 0x00000000d0d00000, 0x00000000d0e00000|  0%| F|  |TAMS 0x00000000d0d00000, 0x00000000d0d00000| Untracked 
| 270|0x00000000d0e00000, 0x00000000d0e00000, 0x00000000d0f00000|  0%| F|  |TAMS 0x00000000d0e00000, 0x00000000d0e00000| Untracked 
| 271|0x00000000d0f00000, 0x00000000d0f00000, 0x00000000d1000000|  0%| F|  |TAMS 0x00000000d0f00000, 0x00000000d0f00000| Untracked 
| 272|0x00000000d1000000, 0x00000000d1000000, 0x00000000d1100000|  0%| F|  |TAMS 0x00000000d1000000, 0x00000000d1000000| Untracked 
| 273|0x00000000d1100000, 0x00000000d1100000, 0x00000000d1200000|  0%| F|  |TAMS 0x00000000d1100000, 0x00000000d1100000| Untracked 
| 274|0x00000000d1200000, 0x00000000d1200000, 0x00000000d1300000|  0%| F|  |TAMS 0x00000000d1200000, 0x00000000d1200000| Untracked 
| 275|0x00000000d1300000, 0x00000000d1300000, 0x00000000d1400000|  0%| F|  |TAMS 0x00000000d1300000, 0x00000000d1300000| Untracked 
| 276|0x00000000d1400000, 0x00000000d1400000, 0x00000000d1500000|  0%| F|  |TAMS 0x00000000d1400000, 0x00000000d1400000| Untracked 
| 277|0x00000000d1500000, 0x00000000d1500000, 0x00000000d1600000|  0%| F|  |TAMS 0x00000000d1500000, 0x00000000d1500000| Untracked 
| 278|0x00000000d1600000, 0x00000000d1600000, 0x00000000d1700000|  0%| F|  |TAMS 0x00000000d1600000, 0x00000000d1600000| Untracked 
| 279|0x00000000d1700000, 0x00000000d1700000, 0x00000000d1800000|  0%| F|  |TAMS 0x00000000d1700000, 0x00000000d1700000| Untracked 
| 280|0x00000000d1800000, 0x00000000d1800000, 0x00000000d1900000|  0%| F|  |TAMS 0x00000000d1800000, 0x00000000d1800000| Untracked 
| 281|0x00000000d1900000, 0x00000000d1900000, 0x00000000d1a00000|  0%| F|  |TAMS 0x00000000d1900000, 0x00000000d1900000| Untracked 
| 282|0x00000000d1a00000, 0x00000000d1a00000, 0x00000000d1b00000|  0%| F|  |TAMS 0x00000000d1a00000, 0x00000000d1a00000| Untracked 
| 283|0x00000000d1b00000, 0x00000000d1b00000, 0x00000000d1c00000|  0%| F|  |TAMS 0x00000000d1b00000, 0x00000000d1b00000| Untracked 
| 284|0x00000000d1c00000, 0x00000000d1c00000, 0x00000000d1d00000|  0%| F|  |TAMS 0x00000000d1c00000, 0x00000000d1c00000| Untracked 
| 285|0x00000000d1d00000, 0x00000000d1d00000, 0x00000000d1e00000|  0%| F|  |TAMS 0x00000000d1d00000, 0x00000000d1d00000| Untracked 
| 286|0x00000000d1e00000, 0x00000000d1e00000, 0x00000000d1f00000|  0%| F|  |TAMS 0x00000000d1e00000, 0x00000000d1e00000| Untracked 
| 287|0x00000000d1f00000, 0x00000000d1f00000, 0x00000000d2000000|  0%| F|  |TAMS 0x00000000d1f00000, 0x00000000d1f00000| Untracked 
| 288|0x00000000d2000000, 0x00000000d2100000, 0x00000000d2100000|100%| E|  |TAMS 0x00000000d2000000, 0x00000000d2000000| Complete 
| 289|0x00000000d2100000, 0x00000000d2200000, 0x00000000d2200000|100%| E|CS|TAMS 0x00000000d2100000, 0x00000000d2100000| Complete 
| 290|0x00000000d2200000, 0x00000000d2300000, 0x00000000d2300000|100%| E|CS|TAMS 0x00000000d2200000, 0x00000000d2200000| Complete 
| 291|0x00000000d2300000, 0x00000000d2400000, 0x00000000d2400000|100%| E|CS|TAMS 0x00000000d2300000, 0x00000000d2300000| Complete 
| 292|0x00000000d2400000, 0x00000000d2500000, 0x00000000d2500000|100%| E|CS|TAMS 0x00000000d2400000, 0x00000000d2400000| Complete 
| 293|0x00000000d2500000, 0x00000000d2600000, 0x00000000d2600000|100%| E|CS|TAMS 0x00000000d2500000, 0x00000000d2500000| Complete 
| 294|0x00000000d2600000, 0x00000000d2700000, 0x00000000d2700000|100%| E|CS|TAMS 0x00000000d2600000, 0x00000000d2600000| Complete 
| 295|0x00000000d2700000, 0x00000000d2753b10, 0x00000000d2800000| 32%| S|CS|TAMS 0x00000000d2700000, 0x00000000d2700000| Complete 
| 296|0x00000000d2800000, 0x00000000d2900000, 0x00000000d2900000|100%| E|CS|TAMS 0x00000000d2800000, 0x00000000d2800000| Complete 
| 297|0x00000000d2900000, 0x00000000d2a00000, 0x00000000d2a00000|100%| E|CS|TAMS 0x00000000d2900000, 0x00000000d2900000| Complete 
| 298|0x00000000d2a00000, 0x00000000d2b00000, 0x00000000d2b00000|100%| E|CS|TAMS 0x00000000d2a00000, 0x00000000d2a00000| Complete 
| 299|0x00000000d2b00000, 0x00000000d2c00000, 0x00000000d2c00000|100%| E|CS|TAMS 0x00000000d2b00000, 0x00000000d2b00000| Complete 
| 300|0x00000000d2c00000, 0x00000000d2d00000, 0x00000000d2d00000|100%| E|CS|TAMS 0x00000000d2c00000, 0x00000000d2c00000| Complete 
| 301|0x00000000d2d00000, 0x00000000d2e00000, 0x00000000d2e00000|100%| E|CS|TAMS 0x00000000d2d00000, 0x00000000d2d00000| Complete 
| 302|0x00000000d2e00000, 0x00000000d2f00000, 0x00000000d2f00000|100%| E|CS|TAMS 0x00000000d2e00000, 0x00000000d2e00000| Complete 
| 303|0x00000000d2f00000, 0x00000000d3000000, 0x00000000d3000000|100%| E|CS|TAMS 0x00000000d2f00000, 0x00000000d2f00000| Complete 
| 304|0x00000000d3000000, 0x00000000d3100000, 0x00000000d3100000|100%| E|CS|TAMS 0x00000000d3000000, 0x00000000d3000000| Complete 
| 305|0x00000000d3100000, 0x00000000d3200000, 0x00000000d3200000|100%| E|CS|TAMS 0x00000000d3100000, 0x00000000d3100000| Complete 
| 306|0x00000000d3200000, 0x00000000d3300000, 0x00000000d3300000|100%| E|  |TAMS 0x00000000d3200000, 0x00000000d3200000| Complete 
| 307|0x00000000d3300000, 0x00000000d3400000, 0x00000000d3400000|100%| E|CS|TAMS 0x00000000d3300000, 0x00000000d3300000| Complete 
| 308|0x00000000d3400000, 0x00000000d3500000, 0x00000000d3500000|100%| E|CS|TAMS 0x00000000d3400000, 0x00000000d3400000| Complete 
| 309|0x00000000d3500000, 0x00000000d3600000, 0x00000000d3600000|100%| E|CS|TAMS 0x00000000d3500000, 0x00000000d3500000| Complete 
| 310|0x00000000d3600000, 0x00000000d3700000, 0x00000000d3700000|100%| E|CS|TAMS 0x00000000d3600000, 0x00000000d3600000| Complete 
| 311|0x00000000d3700000, 0x00000000d3800000, 0x00000000d3800000|100%| E|CS|TAMS 0x00000000d3700000, 0x00000000d3700000| Complete 
| 312|0x00000000d3800000, 0x00000000d3900000, 0x00000000d3900000|100%|HS|  |TAMS 0x00000000d3800000, 0x00000000d3800000| Complete 
| 313|0x00000000d3900000, 0x00000000d3a00000, 0x00000000d3a00000|100%|HC|  |TAMS 0x00000000d3900000, 0x00000000d3900000| Complete 
| 314|0x00000000d3a00000, 0x00000000d3b00000, 0x00000000d3b00000|100%|HC|  |TAMS 0x00000000d3a00000, 0x00000000d3a00000| Complete 
| 315|0x00000000d3b00000, 0x00000000d3c00000, 0x00000000d3c00000|100%|HC|  |TAMS 0x00000000d3b00000, 0x00000000d3b00000| Complete 
| 316|0x00000000d3c00000, 0x00000000d3d00000, 0x00000000d3d00000|100%|HC|  |TAMS 0x00000000d3c00000, 0x00000000d3c00000| Complete 
| 317|0x00000000d3d00000, 0x00000000d3e00000, 0x00000000d3e00000|100%|HC|  |TAMS 0x00000000d3d00000, 0x00000000d3d00000| Complete 
| 318|0x00000000d3e00000, 0x00000000d3f00000, 0x00000000d3f00000|100%|HC|  |TAMS 0x00000000d3e00000, 0x00000000d3e00000| Complete 
| 319|0x00000000d3f00000, 0x00000000d4000000, 0x00000000d4000000|100%|HC|  |TAMS 0x00000000d3f00000, 0x00000000d3f00000| Complete 
| 320|0x00000000d4000000, 0x00000000d4100000, 0x00000000d4100000|100%|HC|  |TAMS 0x00000000d4000000, 0x00000000d4000000| Complete 
| 321|0x00000000d4100000, 0x00000000d4200000, 0x00000000d4200000|100%|HC|  |TAMS 0x00000000d4100000, 0x00000000d4100000| Complete 
| 322|0x00000000d4200000, 0x00000000d4300000, 0x00000000d4300000|100%|HC|  |TAMS 0x00000000d4200000, 0x00000000d4200000| Complete 
| 323|0x00000000d4300000, 0x00000000d4400000, 0x00000000d4400000|100%|HC|  |TAMS 0x00000000d4300000, 0x00000000d4300000| Complete 
| 324|0x00000000d4400000, 0x00000000d4500000, 0x00000000d4500000|100%|HC|  |TAMS 0x00000000d4400000, 0x00000000d4400000| Complete 
| 325|0x00000000d4500000, 0x00000000d4600000, 0x00000000d4600000|100%|HC|  |TAMS 0x00000000d4500000, 0x00000000d4500000| Complete 
| 326|0x00000000d4600000, 0x00000000d4700000, 0x00000000d4700000|100%|HC|  |TAMS 0x00000000d4600000, 0x00000000d4600000| Complete 
| 327|0x00000000d4700000, 0x00000000d4800000, 0x00000000d4800000|100%|HC|  |TAMS 0x00000000d4700000, 0x00000000d4700000| Complete 
| 328|0x00000000d4800000, 0x00000000d4900000, 0x00000000d4900000|100%|HC|  |TAMS 0x00000000d4800000, 0x00000000d4800000| Complete 
| 329|0x00000000d4900000, 0x00000000d4a00000, 0x00000000d4a00000|100%|HC|  |TAMS 0x00000000d4900000, 0x00000000d4900000| Complete 
| 330|0x00000000d4a00000, 0x00000000d4b00000, 0x00000000d4b00000|100%|HC|  |TAMS 0x00000000d4a00000, 0x00000000d4a00000| Complete 
| 331|0x00000000d4b00000, 0x00000000d4c00000, 0x00000000d4c00000|100%|HC|  |TAMS 0x00000000d4b00000, 0x00000000d4b00000| Complete 
| 332|0x00000000d4c00000, 0x00000000d4d00000, 0x00000000d4d00000|100%|HC|  |TAMS 0x00000000d4c00000, 0x00000000d4c00000| Complete 
| 333|0x00000000d4d00000, 0x00000000d4e00000, 0x00000000d4e00000|100%|HC|  |TAMS 0x00000000d4d00000, 0x00000000d4d00000| Complete 
| 334|0x00000000d4e00000, 0x00000000d4f00000, 0x00000000d4f00000|100%|HC|  |TAMS 0x00000000d4e00000, 0x00000000d4e00000| Complete 
| 335|0x00000000d4f00000, 0x00000000d5000000, 0x00000000d5000000|100%|HC|  |TAMS 0x00000000d4f00000, 0x00000000d4f00000| Complete 
| 336|0x00000000d5000000, 0x00000000d5100000, 0x00000000d5100000|100%|HC|  |TAMS 0x00000000d5000000, 0x00000000d5000000| Complete 
| 337|0x00000000d5100000, 0x00000000d5200000, 0x00000000d5200000|100%|HC|  |TAMS 0x00000000d5100000, 0x00000000d5100000| Complete 
| 338|0x00000000d5200000, 0x00000000d5300000, 0x00000000d5300000|100%|HC|  |TAMS 0x00000000d5200000, 0x00000000d5200000| Complete 
| 339|0x00000000d5300000, 0x00000000d5400000, 0x00000000d5400000|100%|HC|  |TAMS 0x00000000d5300000, 0x00000000d5300000| Complete 
| 340|0x00000000d5400000, 0x00000000d5500000, 0x00000000d5500000|100%|HC|  |TAMS 0x00000000d5400000, 0x00000000d5400000| Complete 
| 341|0x00000000d5500000, 0x00000000d5600000, 0x00000000d5600000|100%|HC|  |TAMS 0x00000000d5500000, 0x00000000d5500000| Complete 
| 342|0x00000000d5600000, 0x00000000d5700000, 0x00000000d5700000|100%|HC|  |TAMS 0x00000000d5600000, 0x00000000d5600000| Complete 
| 343|0x00000000d5700000, 0x00000000d5800000, 0x00000000d5800000|100%|HC|  |TAMS 0x00000000d5700000, 0x00000000d5700000| Complete 
| 344|0x00000000d5800000, 0x00000000d5900000, 0x00000000d5900000|100%|HC|  |TAMS 0x00000000d5800000, 0x00000000d5800000| Complete 
| 345|0x00000000d5900000, 0x00000000d5a00000, 0x00000000d5a00000|100%|HC|  |TAMS 0x00000000d5900000, 0x00000000d5900000| Complete 

Card table byte_map: [0x00000274ed250000,0x00000274ed450000] _byte_map_base: 0x00000274ecc50000

Marking Bits (Prev, Next): (CMBitMap*) 0x00000274da579090, (CMBitMap*) 0x00000274da579058
 Prev Bits: [0x00000274ee650000, 0x00000274ef650000)
 Next Bits: [0x00000274ed650000, 0x00000274ee650000)

Polling page: 0x00000274d8380000

Metaspace:

Usage:
  Non-class:    107.40 MB capacity,   105.49 MB ( 98%) used,     1.63 MB (  2%) free+waste,   296.25 KB ( <1%) overhead. 
      Class:     14.85 MB capacity,    13.95 MB ( 94%) used,   799.91 KB (  5%) free+waste,   125.63 KB ( <1%) overhead. 
       Both:    122.25 MB capacity,   119.43 MB ( 98%) used,     2.41 MB (  2%) free+waste,   421.88 KB ( <1%) overhead. 

Virtual space:
  Non-class space:      110.00 MB reserved,     108.17 MB ( 98%) committed 
      Class space:        1.00 GB reserved,      15.13 MB (  1%) committed 
             Both:        1.11 GB reserved,     123.30 MB ( 11%) committed 

Chunk freelists:
   Non-Class:  788.00 KB
       Class:  282.00 KB
        Both:  1.04 MB

MaxMetaspaceSize: 17179869184.00 GB
CompressedClassSpaceSize: 1.00 GB
Initial GC threshold: 20.80 MB
Current GC threshold: 205.50 MB
CDS: off

CodeHeap 'non-profiled nmethods': size=120064Kb used=19229Kb max_used=19229Kb free=100834Kb
 bounds [0x00000274e5b10000, 0x00000274e6de0000, 0x00000274ed050000]
CodeHeap 'profiled nmethods': size=120000Kb used=44824Kb max_used=45357Kb free=75175Kb
 bounds [0x00000274de5e0000, 0x00000274e1230000, 0x00000274e5b10000]
CodeHeap 'non-nmethods': size=5696Kb used=2525Kb max_used=2574Kb free=3170Kb
 bounds [0x00000274de050000, 0x00000274de2f0000, 0x00000274de5e0000]
 total_blobs=20028 nmethods=18948 adapters=991
 compilation: enabled
              stopped_count=0, restarted_count=0
 full_count=0

Compilation events (20 events):
Event: 1180.919 Thread 0x00000274f1b5d000 22186       3       sun.java2d.marlin.MarlinCache::resetTileLine (111 bytes)
Event: 1180.920 Thread 0x00000274f1b5d000 nmethod 22186 0x00000274deba1f90 code [0x00000274deba2160, 0x00000274deba2428]
Event: 1180.940 Thread 0x00000274f1b5d000 22187       1       com.google.common.cache.LocalCache$2::peek (2 bytes)
Event: 1180.940 Thread 0x00000274f1b5d000 nmethod 22187 0x00000274e6dc2610 code [0x00000274e6dc27c0, 0x00000274e6dc2878]
Event: 1180.941 Thread 0x00000274f6580000 nmethod 22181 0x00000274e6dc2910 code [0x00000274e6dc2ae0, 0x00000274e6dc3498]
Event: 1180.943 Thread 0x00000274f6580000 22188       4       com.android.utils.XmlUtils$PositionAwareStringBuilder::append (69 bytes)
Event: 1180.959 Thread 0x00000274f1b5d000 22190       3       jdk.internal.math.FloatingDecimal$ASCIIToBinaryBuffer::floatValue (1087 bytes)
Event: 1180.963 Thread 0x00000274f1b5d000 nmethod 22190 0x00000274deb38f90 code [0x00000274deb393e0, 0x00000274deb3b308]
Event: 1180.963 Thread 0x00000274f1b5d000 22195       3       sun.java2d.marlin.DTransformingPathConsumer2D$PathClipFilter::lineTo (208 bytes)
Event: 1180.964 Thread 0x00000274f1b5d000 nmethod 22195 0x00000274dec28c10 code [0x00000274dec28e20, 0x00000274dec293b8]
Event: 1180.964 Thread 0x00000274f1b5d000 22192  s    3       java.awt.geom.Path2D$Double::lineTo (58 bytes)
Event: 1180.965 Thread 0x00000274f1b5d000 nmethod 22192 0x00000274deba1890 code [0x00000274deba1a60, 0x00000274deba1dc8]
Event: 1180.967 Thread 0x00000274f1b5d000 22196 %     3       com.android.ide.common.vectordrawable.PathParser::nextStart @ 0 (60 bytes)
Event: 1180.967 Thread 0x00000274f6580000 nmethod 22188 0x00000274e6dc3810 code [0x00000274e6dc39c0, 0x00000274e6dc3f88]
Event: 1180.967 Thread 0x00000274f6580000 22191       4       jdk.internal.math.FDBigInteger::trimLeadingZeros (57 bytes)
Event: 1180.968 Thread 0x00000274f1b5d000 nmethod 22196% 0x00000274dec27d90 code [0x00000274dec27fc0, 0x00000274dec288d8]
Event: 1180.969 Thread 0x00000274f1b5d000 22197       3       com.android.ide.common.vectordrawable.PathParser::extract (185 bytes)
Event: 1180.970 Thread 0x00000274f1b5d000 nmethod 22197 0x00000274df114d90 code [0x00000274df115000, 0x00000274df115c38]
Event: 1180.971 Thread 0x00000274f6580000 nmethod 22191 0x00000274e6dc4290 code [0x00000274e6dc4440, 0x00000274e6dc45b8]
Event: 1180.971 Thread 0x00000274f6580000 22193       4       jdk.internal.math.FloatingDecimal$BinaryToASCIIBuffer::getChars (502 bytes)

GC Heap History (20 events):
Event: 1159.262 GC heap before
{Heap before GC invocations=226 (full 0):
 garbage-first heap   total 319488K, used 274484K [0x00000000c0000000, 0x0000000100000000)
  region size 1024K, 61 young (62464K), 5 survivors (5120K)
 Metaspace       used 118085K, capacity 121187K, committed 121392K, reserved 1155072K
  class space    used 13924K, capacity 14933K, committed 14976K, reserved 1048576K
}
Event: 1159.279 GC heap after
{Heap after GC invocations=227 (full 0):
 garbage-first heap   total 319488K, used 224750K [0x00000000c0000000, 0x0000000100000000)
  region size 1024K, 7 young (7168K), 7 survivors (7168K)
 Metaspace       used 118085K, capacity 121187K, committed 121392K, reserved 1155072K
  class space    used 13924K, capacity 14933K, committed 14976K, reserved 1048576K
}
Event: 1162.890 GC heap before
{Heap before GC invocations=227 (full 0):
 garbage-first heap   total 319488K, used 273902K [0x00000000c0000000, 0x0000000100000000)
  region size 1024K, 56 young (57344K), 7 survivors (7168K)
 Metaspace       used 118323K, capacity 121440K, committed 121648K, reserved 1157120K
  class space    used 13958K, capacity 14949K, committed 14976K, reserved 1048576K
}
Event: 1162.905 GC heap after
{Heap after GC invocations=228 (full 0):
 garbage-first heap   total 319488K, used 226522K [0x00000000c0000000, 0x0000000100000000)
  region size 1024K, 2 young (2048K), 2 survivors (2048K)
 Metaspace       used 118323K, capacity 121440K, committed 121648K, reserved 1157120K
  class space    used 13958K, capacity 14949K, committed 14976K, reserved 1048576K
}
Event: 1165.482 GC heap before
{Heap before GC invocations=228 (full 0):
 garbage-first heap   total 319488K, used 275674K [0x00000000c0000000, 0x0000000100000000)
  region size 1024K, 51 young (52224K), 2 survivors (2048K)
 Metaspace       used 118733K, capacity 121855K, committed 122032K, reserved 1157120K
  class space    used 14024K, capacity 15036K, committed 15104K, reserved 1048576K
}
Event: 1165.492 GC heap after
{Heap after GC invocations=229 (full 0):
 garbage-first heap   total 319488K, used 227391K [0x00000000c0000000, 0x0000000100000000)
  region size 1024K, 3 young (3072K), 3 survivors (3072K)
 Metaspace       used 118733K, capacity 121855K, committed 122032K, reserved 1157120K
  class space    used 14024K, capacity 15036K, committed 15104K, reserved 1048576K
}
Event: 1174.030 GC heap before
{Heap before GC invocations=229 (full 0):
 garbage-first heap   total 319488K, used 277567K [0x00000000c0000000, 0x0000000100000000)
  region size 1024K, 52 young (53248K), 3 survivors (3072K)
 Metaspace       used 119578K, capacity 122688K, committed 122928K, reserved 1157120K
  class space    used 14121K, capacity 15141K, committed 15232K, reserved 1048576K
}
Event: 1174.041 GC heap after
{Heap after GC invocations=230 (full 0):
 garbage-first heap   total 319488K, used 229105K [0x00000000c0000000, 0x0000000100000000)
  region size 1024K, 5 young (5120K), 5 survivors (5120K)
 Metaspace       used 119578K, capacity 122688K, committed 122928K, reserved 1157120K
  class space    used 14121K, capacity 15141K, committed 15232K, reserved 1048576K
}
Event: 1175.661 GC heap before
{Heap before GC invocations=230 (full 0):
 garbage-first heap   total 319488K, used 277233K [0x00000000c0000000, 0x0000000100000000)
  region size 1024K, 53 young (54272K), 5 survivors (5120K)
 Metaspace       used 119676K, capacity 122817K, committed 122928K, reserved 1157120K
  class space    used 14121K, capacity 15141K, committed 15232K, reserved 1048576K
}
Event: 1175.680 GC heap after
{Heap after GC invocations=231 (full 0):
 garbage-first heap   total 319488K, used 235519K [0x00000000c0000000, 0x0000000100000000)
  region size 1024K, 7 young (7168K), 7 survivors (7168K)
 Metaspace       used 119676K, capacity 122817K, committed 122928K, reserved 1157120K
  class space    used 14121K, capacity 15141K, committed 15232K, reserved 1048576K
}
Event: 1176.867 GC heap before
{Heap before GC invocations=231 (full 0):
 garbage-first heap   total 319488K, used 275455K [0x00000000c0000000, 0x0000000100000000)
  region size 1024K, 47 young (48128K), 7 survivors (7168K)
 Metaspace       used 119722K, capacity 122823K, committed 122928K, reserved 1157120K
  class space    used 14124K, capacity 15142K, committed 15232K, reserved 1048576K
}
Event: 1176.889 GC heap after
{Heap after GC invocations=232 (full 0):
 garbage-first heap   total 319488K, used 243309K [0x00000000c0000000, 0x0000000100000000)
  region size 1024K, 6 young (6144K), 6 survivors (6144K)
 Metaspace       used 119722K, capacity 122823K, committed 122928K, reserved 1157120K
  class space    used 14124K, capacity 15142K, committed 15232K, reserved 1048576K
}
Event: 1178.475 GC heap before
{Heap before GC invocations=232 (full 0):
 garbage-first heap   total 319488K, used 287341K [0x00000000c0000000, 0x0000000100000000)
  region size 1024K, 31 young (31744K), 6 survivors (6144K)
 Metaspace       used 122939K, capacity 126195K, committed 126256K, reserved 1161216K
  class space    used 14434K, capacity 15470K, committed 15488K, reserved 1048576K
}
Event: 1178.492 GC heap after
{Heap after GC invocations=233 (full 0):
 garbage-first heap   total 319488K, used 262936K [0x00000000c0000000, 0x0000000100000000)
  region size 1024K, 4 young (4096K), 4 survivors (4096K)
 Metaspace       used 122939K, capacity 126195K, committed 126256K, reserved 1161216K
  class space    used 14434K, capacity 15470K, committed 15488K, reserved 1048576K
}
Event: 1179.451 GC heap before
{Heap before GC invocations=234 (full 0):
 garbage-first heap   total 319488K, used 271128K [0x00000000c0000000, 0x0000000100000000)
  region size 1024K, 21 young (21504K), 4 survivors (4096K)
 Metaspace       used 122278K, capacity 125168K, committed 126256K, reserved 1161216K
  class space    used 14277K, capacity 15203K, committed 15488K, reserved 1048576K
}
Event: 1179.468 GC heap after
{Heap after GC invocations=235 (full 0):
 garbage-first heap   total 319488K, used 256101K [0x00000000c0000000, 0x0000000100000000)
  region size 1024K, 1 young (1024K), 1 survivors (1024K)
 Metaspace       used 122278K, capacity 125168K, committed 126256K, reserved 1161216K
  class space    used 14277K, capacity 15203K, committed 15488K, reserved 1048576K
}
Event: 1179.823 GC heap before
{Heap before GC invocations=235 (full 0):
 garbage-first heap   total 319488K, used 270437K [0x00000000c0000000, 0x0000000100000000)
  region size 1024K, 16 young (16384K), 1 survivors (1024K)
 Metaspace       used 122281K, capacity 125168K, committed 126256K, reserved 1161216K
  class space    used 14277K, capacity 15203K, committed 15488K, reserved 1048576K
}
Event: 1179.831 GC heap after
{Heap after GC invocations=236 (full 0):
 garbage-first heap   total 319488K, used 226210K [0x00000000c0000000, 0x0000000100000000)
  region size 1024K, 1 young (1024K), 1 survivors (1024K)
 Metaspace       used 122281K, capacity 125168K, committed 126256K, reserved 1161216K
  class space    used 14277K, capacity 15203K, committed 15488K, reserved 1048576K
}
Event: 1180.348 GC heap before
{Heap before GC invocations=236 (full 0):
 garbage-first heap   total 354304K, used 282530K [0x00000000c0000000, 0x0000000100000000)
  region size 1024K, 16 young (16384K), 1 survivors (1024K)
 Metaspace       used 122283K, capacity 125168K, committed 126256K, reserved 1161216K
  class space    used 14277K, capacity 15203K, committed 15488K, reserved 1048576K
}
Event: 1180.381 GC heap after
{Heap after GC invocations=237 (full 0):
 garbage-first heap   total 354304K, used 252859K [0x00000000c0000000, 0x0000000100000000)
  region size 1024K, 1 young (1024K), 1 survivors (1024K)
 Metaspace       used 122283K, capacity 125168K, committed 126256K, reserved 1161216K
  class space    used 14277K, capacity 15203K, committed 15488K, reserved 1048576K
}

Deoptimization events (20 events):
Event: 1180.428 Thread 0x00000274f3261800 DEOPT PACKING pc=0x00000274df1294f0 sp=0x000000e5665fd8b0
Event: 1180.428 Thread 0x00000274f3261800 DEOPT UNPACKING pc=0x00000274de09a95e sp=0x000000e5665fcc78 mode 0
Event: 1180.430 Thread 0x00000274f3261800 DEOPT PACKING pc=0x00000274df1294f0 sp=0x000000e5665fd8b0
Event: 1180.430 Thread 0x00000274f3261800 DEOPT UNPACKING pc=0x00000274de09a95e sp=0x000000e5665fcc78 mode 0
Event: 1180.431 Thread 0x00000274f3261800 DEOPT PACKING pc=0x00000274df1294f0 sp=0x000000e5665fd8b0
Event: 1180.431 Thread 0x00000274f3261800 DEOPT UNPACKING pc=0x00000274de09a95e sp=0x000000e5665fcc78 mode 0
Event: 1180.436 Thread 0x00000274f3261800 DEOPT PACKING pc=0x00000274df1294f0 sp=0x000000e5665fd8e0
Event: 1180.436 Thread 0x00000274f3261800 DEOPT UNPACKING pc=0x00000274de09a95e sp=0x000000e5665fcca8 mode 0
Event: 1180.439 Thread 0x00000274f3261800 DEOPT PACKING pc=0x00000274df1298cc sp=0x000000e5665fd820
Event: 1180.439 Thread 0x00000274f3261800 DEOPT UNPACKING pc=0x00000274de09a95e sp=0x000000e5665fcbe8 mode 0
Event: 1180.451 Thread 0x00000274f3264000 DEOPT PACKING pc=0x00000274df1298cc sp=0x000000e5664fd200
Event: 1180.451 Thread 0x00000274f3264000 DEOPT UNPACKING pc=0x00000274de09a95e sp=0x000000e5664fc5c8 mode 0
Event: 1180.559 Thread 0x00000274f3264000 DEOPT PACKING pc=0x00000274df1294f0 sp=0x000000e5664fd200
Event: 1180.559 Thread 0x00000274f3264000 DEOPT UNPACKING pc=0x00000274de09a95e sp=0x000000e5664fc5c8 mode 0
Event: 1180.608 Thread 0x00000274f3264000 DEOPT PACKING pc=0x00000274df1294f0 sp=0x000000e5664fd200
Event: 1180.608 Thread 0x00000274f3264000 DEOPT UNPACKING pc=0x00000274de09a95e sp=0x000000e5664fc5c8 mode 0
Event: 1180.746 Thread 0x00000274f3264000 DEOPT PACKING pc=0x00000274df12999d sp=0x000000e5664fd200
Event: 1180.746 Thread 0x00000274f3264000 DEOPT UNPACKING pc=0x00000274de09a95e sp=0x000000e5664fc5c8 mode 0
Event: 1180.920 Thread 0x00000274f3264000 DEOPT PACKING pc=0x00000274df549d87 sp=0x000000e5664fd340
Event: 1180.920 Thread 0x00000274f3264000 DEOPT UNPACKING pc=0x00000274de09a95e sp=0x000000e5664fc740 mode 0

Classes redefined (0 events):
No events

Internal exceptions (20 events):
Event: 1172.476 Thread 0x00000274f44b1000 Exception <a 'sun/nio/fs/WindowsException'{0x00000000d1b5fd10}> (0x00000000d1b5fd10) thrown at [./src/hotspot/share/prims/jni.cpp, line 616]
Event: 1176.997 Thread 0x00000274f3259800 Implicit null exception at 0x00000274e5b790d5 to 0x00000274e5b799b9
Event: 1177.014 Thread 0x00000274f3259800 Exception <a 'java/lang/NoSuchMethodError'{0x00000000d3244f80}: <clinit>> (0x00000000d3244f80) thrown at [./src/hotspot/share/prims/jni.cpp, line 1366]
Event: 1177.073 Thread 0x00000274f3259800 Exception <a 'java/lang/NoSuchMethodError'{0x00000000d32ab950}: <clinit>> (0x00000000d32ab950) thrown at [./src/hotspot/share/prims/jni.cpp, line 1366]
Event: 1177.073 Thread 0x00000274f3259800 Exception <a 'java/lang/NoSuchMethodError'{0x00000000d32ade60}: <clinit>> (0x00000000d32ade60) thrown at [./src/hotspot/share/prims/jni.cpp, line 1366]
Event: 1177.073 Thread 0x00000274f3259800 Exception <a 'java/lang/NoSuchMethodError'{0x00000000d32b24e0}: <clinit>> (0x00000000d32b24e0) thrown at [./src/hotspot/share/prims/jni.cpp, line 1366]
Event: 1177.074 Thread 0x00000274f3259800 Exception <a 'java/lang/NoSuchMethodError'{0x00000000d32bd598}: <clinit>> (0x00000000d32bd598) thrown at [./src/hotspot/share/prims/jni.cpp, line 1366]
Event: 1177.081 Thread 0x00000274f3259800 Exception <a 'java/lang/NoSuchMethodError'{0x00000000d3104f38}: <clinit>> (0x00000000d3104f38) thrown at [./src/hotspot/share/prims/jni.cpp, line 1366]
Event: 1177.087 Thread 0x00000274f3259800 Exception <a 'java/lang/NoSuchMethodError'{0x00000000d3138d40}: <clinit>> (0x00000000d3138d40) thrown at [./src/hotspot/share/prims/jni.cpp, line 1366]
Event: 1177.106 Thread 0x00000274f3259800 Exception <a 'java/lang/NoSuchMethodError'{0x00000000d3166678}: <clinit>> (0x00000000d3166678) thrown at [./src/hotspot/share/prims/jni.cpp, line 1366]
Event: 1177.106 Thread 0x00000274f3259800 Exception <a 'java/lang/NoSuchMethodError'{0x00000000d3169ae0}: <clinit>> (0x00000000d3169ae0) thrown at [./src/hotspot/share/prims/jni.cpp, line 1366]
Event: 1177.107 Thread 0x00000274f3259800 Exception <a 'java/lang/NoSuchMethodError'{0x00000000d316c750}: <clinit>> (0x00000000d316c750) thrown at [./src/hotspot/share/prims/jni.cpp, line 1366]
Event: 1177.108 Thread 0x00000274f3259800 Exception <a 'java/lang/NoSuchMethodError'{0x00000000d3182738}: <clinit>> (0x00000000d3182738) thrown at [./src/hotspot/share/prims/jni.cpp, line 1366]
Event: 1177.110 Thread 0x00000274f3259800 Exception <a 'java/lang/NoSuchMethodError'{0x00000000d31977d0}: <clinit>> (0x00000000d31977d0) thrown at [./src/hotspot/share/prims/jni.cpp, line 1366]
Event: 1177.115 Thread 0x00000274f3259800 Exception <a 'java/lang/NoSuchMethodError'{0x00000000d31b5d00}: <clinit>> (0x00000000d31b5d00) thrown at [./src/hotspot/share/prims/jni.cpp, line 1366]
Event: 1177.117 Thread 0x00000274f3259800 Exception <a 'java/lang/NoSuchMethodError'{0x00000000d31c6cc0}: <clinit>> (0x00000000d31c6cc0) thrown at [./src/hotspot/share/prims/jni.cpp, line 1366]
Event: 1177.394 Thread 0x00000274f3259800 Implicit null exception at 0x00000274e628758f to 0x00000274e6287a44
Event: 1177.458 Thread 0x00000274f2a4a800 Exception <a 'java/lang/ClassNotFoundException'{0x00000000d2a061f8}: sun/awt/resources/spi/awtProvider> (0x00000000d2a061f8) thrown at [./src/hotspot/share/classfile/systemDictionary.cpp, line 231]
Event: 1177.466 Thread 0x00000274f2a4a800 Exception <a 'java/io/FileNotFoundException'{0x00000000d2739840}> (0x00000000d2739840) thrown at [./src/hotspot/share/prims/jni.cpp, line 616]
Event: 1177.467 Thread 0x00000274f2a4a800 Exception <a 'java/io/FileNotFoundException'{0x00000000d273d6b0}> (0x00000000d273d6b0) thrown at [./src/hotspot/share/prims/jni.cpp, line 616]

Events (20 events):
Event: 1179.450 Executing VM operation: G1CollectForAllocation
Event: 1179.450 Executing VM operation: G1CollectForAllocation done
Event: 1179.451 Executing VM operation: G1CollectForAllocation
Event: 1179.469 Executing VM operation: G1CollectForAllocation done
Event: 1179.469 Executing VM operation: RevokeBias
Event: 1179.469 Executing VM operation: RevokeBias done
Event: 1179.823 Executing VM operation: G1CollectForAllocation
Event: 1179.823 Executing VM operation: G1CollectForAllocation done
Event: 1179.823 Executing VM operation: G1CollectForAllocation
Event: 1179.831 Executing VM operation: G1CollectForAllocation done
Event: 1180.332 Executing VM operation: RevokeBias
Event: 1180.333 Executing VM operation: RevokeBias done
Event: 1180.342 Executing VM operation: G1CollectForAllocation
Event: 1180.343 Executing VM operation: G1CollectForAllocation done
Event: 1180.348 Executing VM operation: G1CollectForAllocation
Event: 1180.381 Executing VM operation: G1CollectForAllocation done
Event: 1180.382 Executing VM operation: RevokeBias
Event: 1180.383 Executing VM operation: RevokeBias done
Event: 1180.389 loading class sun/java2d/marlin/IntArrayCache$Bucket
Event: 1180.430 loading class sun/java2d/marlin/IntArrayCache$Bucket done


Dynamic libraries:
0x00007ff6811d0000 - 0x00007ff6811da000 	C:\Program Files\Android\Android Studio\jre\bin\java.exe
0x00007ff9ca140000 - 0x00007ff9ca330000 	C:\Windows\SYSTEM32\ntdll.dll
0x00007ff9c9e70000 - 0x00007ff9c9f22000 	C:\Windows\System32\KERNEL32.DLL
0x00007ff9c71b0000 - 0x00007ff9c7455000 	C:\Windows\System32\KERNELBASE.dll
0x00007ff9c4780000 - 0x00007ff9c480f000 	C:\Windows\SYSTEM32\apphelp.dll
0x00007ff9c70b0000 - 0x00007ff9c71aa000 	C:\Windows\System32\ucrtbase.dll
0x00007ff9b7020000 - 0x00007ff9b7039000 	C:\Program Files\Android\Android Studio\jre\bin\jli.dll
0x00007ff9c8770000 - 0x00007ff9c8904000 	C:\Windows\System32\USER32.dll
0x00007ff9c7ef0000 - 0x00007ff9c7f11000 	C:\Windows\System32\win32u.dll
0x00007ff9b5b30000 - 0x00007ff9b5db4000 	C:\Windows\WinSxS\amd64_microsoft.windows.common-controls_6595b64144ccf1df_6.0.18362.1440_none_9e7dbfb9e45e8e67\COMCTL32.dll
0x00007ff9c8a00000 - 0x00007ff9c8a26000 	C:\Windows\System32\GDI32.dll
0x00007ff9c8c40000 - 0x00007ff9c8cde000 	C:\Windows\System32\msvcrt.dll
0x00007ff9c7f20000 - 0x00007ff9c80b8000 	C:\Windows\System32\gdi32full.dll
0x00007ff9c8380000 - 0x00007ff9c86b6000 	C:\Windows\System32\combase.dll
0x00007ff9c7510000 - 0x00007ff9c75ae000 	C:\Windows\System32\msvcp_win.dll
0x00007ff9c9320000 - 0x00007ff9c943f000 	C:\Windows\System32\RPCRT4.dll
0x00007ff9c7460000 - 0x00007ff9c74e1000 	C:\Windows\System32\bcryptPrimitives.dll
0x00007ff9b6460000 - 0x00007ff9b6477000 	C:\Program Files\Android\Android Studio\jre\bin\VCRUNTIME140.dll
0x00007ff9c81f0000 - 0x00007ff9c821e000 	C:\Windows\System32\IMM32.DLL
0x00007ff9a3f70000 - 0x00007ff9a400d000 	C:\Program Files\Android\Android Studio\jre\bin\msvcp140.dll
0x00007ff99a660000 - 0x00007ff99b162000 	C:\Program Files\Android\Android Studio\jre\bin\server\jvm.dll
0x00007ff9c8220000 - 0x00007ff9c82c3000 	C:\Windows\System32\ADVAPI32.dll
0x00007ff9ca060000 - 0x00007ff9ca0f7000 	C:\Windows\System32\sechost.dll
0x00007ff9c86c0000 - 0x00007ff9c86c8000 	C:\Windows\System32\PSAPI.DLL
0x00007ff9b9610000 - 0x00007ff9b9619000 	C:\Windows\SYSTEM32\WSOCK32.dll
0x00007ff9c3080000 - 0x00007ff9c30a4000 	C:\Windows\SYSTEM32\WINMM.dll
0x00007ff9bb070000 - 0x00007ff9bb07a000 	C:\Windows\SYSTEM32\VERSION.dll
0x00007ff9c3050000 - 0x00007ff9c307d000 	C:\Windows\SYSTEM32\winmmbase.dll
0x00007ff9c80f0000 - 0x00007ff9c813a000 	C:\Windows\System32\cfgmgr32.dll
0x00007ff9c8ce0000 - 0x00007ff9c8d4f000 	C:\Windows\System32\WS2_32.dll
0x00007ff9c7070000 - 0x00007ff9c7081000 	C:\Windows\System32\kernel.appcore.dll
0x00007ff9c0170000 - 0x00007ff9c0181000 	C:\Program Files\Android\Android Studio\jre\bin\verify.dll
0x00007ff9c58d0000 - 0x00007ff9c5ac4000 	C:\Windows\SYSTEM32\DBGHELP.DLL
0x00007ff9b4280000 - 0x00007ff9b42aa000 	C:\Windows\SYSTEM32\dbgcore.DLL
0x00007ff9bb0f0000 - 0x00007ff9bb119000 	C:\Program Files\Android\Android Studio\jre\bin\java.dll
0x00007ff9c0020000 - 0x00007ff9c002b000 	C:\Program Files\Android\Android Studio\jre\bin\jimage.dll
0x00007ff9b7730000 - 0x00007ff9b7748000 	C:\Program Files\Android\Android Studio\jre\bin\zip.dll
0x00007ff9c9440000 - 0x00007ff9c9b28000 	C:\Windows\System32\SHELL32.dll
0x00007ff9c82d0000 - 0x00007ff9c8377000 	C:\Windows\System32\shcore.dll
0x00007ff9c7610000 - 0x00007ff9c7d8b000 	C:\Windows\System32\windows.storage.dll
0x00007ff9c7090000 - 0x00007ff9c70ae000 	C:\Windows\System32\profapi.dll
0x00007ff9c7000000 - 0x00007ff9c704a000 	C:\Windows\System32\powrprof.dll
0x00007ff9c6ff0000 - 0x00007ff9c7000000 	C:\Windows\System32\UMPDC.dll
0x00007ff9c9f30000 - 0x00007ff9c9f82000 	C:\Windows\System32\shlwapi.dll
0x00007ff9c74f0000 - 0x00007ff9c7507000 	C:\Windows\System32\cryptsp.dll
0x00007ff9b6410000 - 0x00007ff9b642a000 	C:\Program Files\Android\Android Studio\jre\bin\net.dll
0x00007ff9bb6e0000 - 0x00007ff9bb7da000 	C:\Windows\SYSTEM32\WINHTTP.dll
0x00007ff9c6830000 - 0x00007ff9c6897000 	C:\Windows\system32\mswsock.dll
0x00007ff9b63f0000 - 0x00007ff9b6404000 	C:\Program Files\Android\Android Studio\jre\bin\nio.dll
0x00007ff9b6510000 - 0x00007ff9b6536000 	C:\Users\Developer\.gradle\native\31\windows-amd64\native-platform.dll
0x00007ff9bb0e0000 - 0x00007ff9bb0ea000 	C:\Program Files\Android\Android Studio\jre\bin\management.dll
0x00007ff9b7690000 - 0x00007ff9b769d000 	C:\Program Files\Android\Android Studio\jre\bin\management_ext.dll
0x00007ff9c63b0000 - 0x00007ff9c63e3000 	C:\Windows\system32\rsaenh.dll
0x00007ff9c80c0000 - 0x00007ff9c80e6000 	C:\Windows\System32\bcrypt.dll
0x00007ff9c6ed0000 - 0x00007ff9c6ef5000 	C:\Windows\SYSTEM32\USERENV.dll
0x00007ff9c6a00000 - 0x00007ff9c6a0c000 	C:\Windows\SYSTEM32\CRYPTBASE.dll
0x00007ff9c6540000 - 0x00007ff9c657a000 	C:\Windows\SYSTEM32\IPHLPAPI.DLL
0x00007ff9c86f0000 - 0x00007ff9c86f8000 	C:\Windows\System32\NSI.dll
0x00007ff9bce20000 - 0x00007ff9bce36000 	C:\Windows\SYSTEM32\dhcpcsvc6.DLL
0x00007ff9bd9c0000 - 0x00007ff9bd9dc000 	C:\Windows\SYSTEM32\dhcpcsvc.DLL
0x00007ff9c6580000 - 0x00007ff9c664b000 	C:\Windows\SYSTEM32\DNSAPI.dll
0x00007ff9b4fa0000 - 0x00007ff9b4fc7000 	C:\Program Files\Android\Android Studio\jre\bin\sunec.dll
0x00007ff9baa80000 - 0x00007ff9baa8a000 	C:\Windows\System32\rasadhlp.dll
0x00007ff9bcd20000 - 0x00007ff9bcd97000 	C:\Windows\System32\fwpuclnt.dll
0x00007ff9c6030000 - 0x00007ff9c6061000 	C:\Windows\SYSTEM32\ntmarta.dll
0x00007ff9a1510000 - 0x00007ff9a16b6000 	C:\Program Files\Android\Android Studio\jre\bin\awt.dll
0x00007ff9c8b70000 - 0x00007ff9c8c35000 	C:\Windows\System32\OLEAUT32.dll
0x00007ff9c52e0000 - 0x00007ff9c530d000 	C:\Windows\SYSTEM32\dwmapi.dll
0x00007ff9c48c0000 - 0x00007ff9c4959000 	C:\Windows\system32\uxtheme.dll

dbghelp: loaded successfully - version: 4.0.5 - missing functions: none
symbol engine: initialized successfully - sym options: 0x614 - pdb path: .;C:\Program Files\Android\Android Studio\jre\bin;C:\Windows\SYSTEM32;C:\Windows\WinSxS\amd64_microsoft.windows.common-controls_6595b64144ccf1df_6.0.18362.1440_none_9e7dbfb9e45e8e67;C:\Program Files\Android\Android Studio\jre\bin\server;C:\Users\Developer\.gradle\native\31\windows-amd64

VM Arguments:
jvm_args: --add-opens=java.base/java.util=ALL-UNNAMED --add-opens=java.base/java.lang=ALL-UNNAMED --add-opens=java.base/java.lang.invoke=ALL-UNNAMED --add-opens=java.prefs/java.util.prefs=ALL-UNNAMED -Xmx1024M -Dfile.encoding=windows-1252 -Duser.country=US -Duser.language=en -Duser.variant 
java_command: org.gradle.launcher.daemon.bootstrap.GradleDaemon 6.1.1
java_class_path (initial): C:\Users\Developer\.gradle\wrapper\dists\gradle-6.1.1-all\cfmwm155h49vnt3hynmlrsdst\gradle-6.1.1\lib\gradle-launcher-6.1.1.jar
Launcher Type: SUN_STANDARD

[Global flags]
     intx CICompilerCount                          = 3                                         {product} {ergonomic}
     uint ConcGCThreads                            = 1                                         {product} {ergonomic}
     uint G1ConcRefinementThreads                  = 4                                         {product} {ergonomic}
   size_t G1HeapRegionSize                         = 1048576                                   {product} {ergonomic}
    uintx GCDrainStackTargetSize                   = 64                                        {product} {ergonomic}
   size_t InitialHeapSize                          = 134217728                                 {product} {ergonomic}
   size_t MarkStackSize                            = 4194304                                   {product} {ergonomic}
   size_t MaxHeapSize                              = 1073741824                                {product} {command line}
   size_t MaxNewSize                               = 643825664                                 {product} {ergonomic}
   size_t MinHeapDeltaBytes                        = 1048576                                   {product} {ergonomic}
    uintx NonNMethodCodeHeapSize                   = 5830732                                {pd product} {ergonomic}
    uintx NonProfiledCodeHeapSize                  = 122913754                              {pd product} {ergonomic}
    uintx ProfiledCodeHeapSize                     = 122913754                              {pd product} {ergonomic}
    uintx ReservedCodeCacheSize                    = 251658240                              {pd product} {ergonomic}
     bool SegmentedCodeCache                       = true                                      {product} {ergonomic}
     bool UseCompressedClassPointers               = true                                 {lp64_product} {ergonomic}
     bool UseCompressedOops                        = true                                 {lp64_product} {ergonomic}
     bool UseG1GC                                  = true                                      {product} {ergonomic}
     bool UseLargePagesIndividualAllocation        = false                                  {pd product} {ergonomic}

Logging:
Log output configuration:
 #0: stdout all=warning uptime,level,tags
 #1: stderr all=off uptime,level,tags

Environment Variables:
PATH=C:\Windows\system32;C:\Windows;C:\Windows\System32\Wbem;C:\Windows\System32\WindowsPowerShell\v1.0\;C:\Windows\System32\OpenSSH\;C:\Program Files\nodejs\;C:\xampp\php;C:\ProgramData\ComposerSetup\bin;C:\Program Files\Git\cmd;C:\Program Files\dotnet\;C:\Users\Developer\AppData\Local\Microsoft\WindowsApps;C:\Users\Developer\AppData\Roaming\npm;C:\Users\Developer\AppData\Local\Programs\Microsoft VS Code\bin;C:\Users\Developer\AppData\Roaming\Composer\vendor\bin
USERNAME=Developer
OS=Windows_NT
PROCESSOR_IDENTIFIER=Intel64 Family 6 Model 61 Stepping 4, GenuineIntel



---------------  S Y S T E M  ---------------

OS: Windows 10 , 64 bit Build 18362 (10.0.18362.1350)
OS uptime: 7 days 12:46 hours

CPU:total 4 (initial active 4) (2 cores per cpu, 2 threads per core) family 6 model 61 stepping 4 microcode 0x2f, cmov, cx8, fxsr, mmx, sse, sse2, sse3, ssse3, sse4.1, sse4.2, popcnt, avx, avx2, aes, clmul, erms, 3dnowpref, lzcnt, ht, tsc, tscinvbit, bmi1, bmi2, adx, fma

Memory: 4k page, system-wide physical 8098M (756M free)
TotalPageFile size 10146M (AvailPageFile size 5M)
current process WorkingSet (physical memory assigned to process): 722M, peak: 726M
current process commit charge ("private bytes"): 748M, peak: 809M

vm_info: OpenJDK 64-Bit Server VM (11.0.13+0-b1751.21-8125866) for windows-amd64 JRE (11.0.13+0-b1751.21-8125866), built on Feb  2 2022 03:00:22 by "builder" with MS VC++ 14.0 (VS2015)

END.
