#
# There is insufficient memory for the Java Runtime Environment to continue.
# Native memory allocation (mmap) failed to map 1048576 bytes for Failed to commit area from 0x00000000c8600000 to 0x00000000c8700000 of length 1048576.
# Possible reasons:
#   The system is out of physical RAM or swap space
#   The process is running with CompressedOops enabled, and the Java Heap may be blocking the growth of the native heap
# Possible solutions:
#   Reduce memory load on the system
#   Increase physical memory or swap space
#   Check if swap backing store is full
#   Decrease Java heap size (-Xmx/-Xms)
#   Decrease number of Java threads
#   Decrease Java thread stack sizes (-Xss)
#   Set larger code cache with -XX:ReservedCodeCacheSize=
#   JVM is running with Unscaled Compressed Oops mode in which the Java heap is
#     placed in the first 4GB address space. The Java Heap base address is the
#     maximum limit for the native heap growth. Please use -XX:HeapBaseMinAddress
#     to set the Java Heap base and to place the Java Heap above 4GB virtual address.
# This output file may be truncated or incomplete.
#
#  Out of Memory Error (./src/hotspot/os/windows/os_windows.cpp:3619), pid=12812, tid=8024
#
# JRE version: OpenJDK Runtime Environment (11.0.13) (build 11.0.13+0-b1751.21-8125866)
# Java VM: OpenJDK 64-Bit Server VM (11.0.13+0-b1751.21-8125866, mixed mode, tiered, compressed oops, g1 gc, windows-amd64)
# No core dump will be written. Minidumps are not enabled by default on client versions of Windows
#

---------------  S U M M A R Y ------------

Command Line: --add-opens=java.base/java.util=ALL-UNNAMED --add-opens=java.base/java.lang=ALL-UNNAMED --add-opens=java.base/java.lang.invoke=ALL-UNNAMED --add-opens=java.prefs/java.util.prefs=ALL-UNNAMED -Xmx1024M -Dfile.encoding=windows-1252 -Duser.country=US -Duser.language=en -Duser.variant org.gradle.launcher.daemon.bootstrap.GradleDaemon 6.1.1

Host: Intel(R) Core(TM) i5-5200U CPU @ 2.20GHz, 4 cores, 7G,  Windows 10 , 64 bit Build 18362 (10.0.18362.1350)
Time: Fri Sep 30 10:41:00 2022 Sri Lanka Standard Time elapsed time: 98.436253 seconds (0d 0h 1m 38s)

---------------  T H R E A D  ---------------

Current thread (0x0000021f493e2800):  GCTaskThread "GC Thread#3" [stack: 0x000000fe4c600000,0x000000fe4c700000] [id=8024]

Stack: [0x000000fe4c600000,0x000000fe4c700000]
[error occurred during error reporting (printing stack bounds), id 0xc0000005, EXCEPTION_ACCESS_VIOLATION (0xc0000005) at pc=0x0000021f3429112d]

Native frames: (J=compiled Java code, j=interpreted, Vv=VM code, C=native code)
V  [jvm.dll+0x6100fa]
V  [jvm.dll+0x747090]
V  [jvm.dll+0x7486ad]
V  [jvm.dll+0x748ce5]
V  [jvm.dll+0x748c9b]
V  [jvm.dll+0x60f224]
V  [jvm.dll+0x60f9b8]
C  [ntdll.dll+0xa1eef]
C  [ntdll.dll+0x6aad9]
C  [ntdll.dll+0xa0b5e]
C  0x0000021f3429112d


---------------  P R O C E S S  ---------------

Threads class SMR info:
_java_thread_list=0x0000021f4f2548e0, length=46, elements={
0x0000021f30788800, 0x0000021f47d71000, 0x0000021f47d7c000, 0x0000021f47d8e000,
0x0000021f47d8e800, 0x0000021f47d90800, 0x0000021f47d94000, 0x0000021f47d95000,
0x0000021f4874a800, 0x0000021f4883c000, 0x0000021f49a17800, 0x0000021f4a17d800,
0x0000021f496d4000, 0x0000021f4a0a0800, 0x0000021f48a6e000, 0x0000021f4af52800,
0x0000021f4af53000, 0x0000021f4af56800, 0x0000021f4af54000, 0x0000021f4af55800,
0x0000021f4af57000, 0x0000021f4af58000, 0x0000021f4af59000, 0x0000021f50849800,
0x0000021f50848800, 0x0000021f5084a000, 0x0000021f50847000, 0x0000021f5084b000,
0x0000021f50846000, 0x0000021f50845800, 0x0000021f5084c000, 0x0000021f5084c800,
0x0000021f5084d800, 0x0000021f50847800, 0x0000021f50853000, 0x0000021f50854000,
0x0000021f5084f000, 0x0000021f50851800, 0x0000021f50850000, 0x0000021f50850800,
0x0000021f4f1a7000, 0x0000021f4e308000, 0x0000021f4f1a2800, 0x0000021f4f1a4800,
0x0000021f4f1a1800, 0x0000021f4f1a8000
}

Java Threads: ( => current thread )
  0x0000021f30788800 JavaThread "main" [_thread_blocked, id=11912, stack(0x000000fe4a900000,0x000000fe4aa00000)]
  0x0000021f47d71000 JavaThread "Reference Handler" daemon [_thread_blocked, id=2984, stack(0x000000fe4b000000,0x000000fe4b100000)]
  0x0000021f47d7c000 JavaThread "Finalizer" daemon [_thread_blocked, id=8380, stack(0x000000fe4b100000,0x000000fe4b200000)]
  0x0000021f47d8e000 JavaThread "Signal Dispatcher" daemon [_thread_blocked, id=12924, stack(0x000000fe4b200000,0x000000fe4b300000)]
  0x0000021f47d8e800 JavaThread "Attach Listener" daemon [_thread_blocked, id=6736, stack(0x000000fe4b300000,0x000000fe4b400000)]
  0x0000021f47d90800 JavaThread "Service Thread" daemon [_thread_blocked, id=5312, stack(0x000000fe4b400000,0x000000fe4b500000)]
  0x0000021f47d94000 JavaThread "C2 CompilerThread0" daemon [_thread_in_native, id=9140, stack(0x000000fe4b500000,0x000000fe4b600000)]
  0x0000021f47d95000 JavaThread "C1 CompilerThread0" daemon [_thread_blocked, id=12872, stack(0x000000fe4b600000,0x000000fe4b700000)]
  0x0000021f4874a800 JavaThread "Sweeper thread" daemon [_thread_blocked, id=12600, stack(0x000000fe4b700000,0x000000fe4b800000)]
  0x0000021f4883c000 JavaThread "Common-Cleaner" daemon [_thread_blocked, id=10312, stack(0x000000fe4b800000,0x000000fe4b900000)]
  0x0000021f49a17800 JavaThread "Daemon health stats" [_thread_blocked, id=11348, stack(0x000000fe4bc00000,0x000000fe4bd00000)]
  0x0000021f4a17d800 JavaThread "Incoming local TCP Connector on port 60656" [_thread_in_native, id=3004, stack(0x000000fe4bd00000,0x000000fe4be00000)]
  0x0000021f496d4000 JavaThread "Daemon periodic checks" [_thread_blocked, id=13216, stack(0x000000fe4be00000,0x000000fe4bf00000)]
  0x0000021f4a0a0800 JavaThread "Daemon" [_thread_blocked, id=6756, stack(0x000000fe4bf00000,0x000000fe4c000000)]
  0x0000021f48a6e000 JavaThread "Daemon worker" [_thread_blocked, id=10416, stack(0x000000fe4c200000,0x000000fe4c300000)]
  0x0000021f4af52800 JavaThread "Cache worker for journal cache (C:\Users\Developer\.gradle\caches\journal-1)" [_thread_blocked, id=13084, stack(0x000000fe4c700000,0x000000fe4c800000)]
  0x0000021f4af53000 JavaThread "File lock request listener" [_thread_in_native, id=1816, stack(0x000000fe4c800000,0x000000fe4c900000)]
  0x0000021f4af56800 JavaThread "Cache worker for file hash cache (C:\Users\Developer\.gradle\caches\6.1.1\fileHashes)" [_thread_blocked, id=9352, stack(0x000000fe4c900000,0x000000fe4ca00000)]
  0x0000021f4af54000 JavaThread "Cache worker for execution history cache (C:\Users\Developer\.gradle\caches\6.1.1\executionHistory)" [_thread_blocked, id=8252, stack(0x000000fe4ce00000,0x000000fe4cf00000)]
  0x0000021f4af55800 JavaThread "Handler for socket connection from /127.0.0.1:60656 to /127.0.0.1:60685" [_thread_in_native, id=7760, stack(0x000000fe4a700000,0x000000fe4a800000)]
  0x0000021f4af57000 JavaThread "Cancel handler" [_thread_blocked, id=10444, stack(0x000000fe4a800000,0x000000fe4a900000)]
  0x0000021f4af58000 JavaThread "Asynchronous log dispatcher for DefaultDaemonConnection: socket connection from /127.0.0.1:60656 to /127.0.0.1:60685" [_thread_blocked, id=11080, stack(0x000000fe4c000000,0x000000fe4c100000)]
  0x0000021f4af59000 JavaThread "Stdin handler" [_thread_blocked, id=10852, stack(0x000000fe4c100000,0x000000fe4c200000)]
  0x0000021f50849800 JavaThread "Thread-29" [_thread_blocked, id=2304, stack(0x000000fe4c300000,0x000000fe4c400000)]
  0x0000021f50848800 JavaThread "Cache worker for checksums cache (D:\Personal\MovieCatalogue-master\.gradle\checksums)" [_thread_blocked, id=12748, stack(0x000000fe4c400000,0x000000fe4c500000)]
  0x0000021f5084a000 JavaThread "Cache worker for file hash cache (D:\Personal\MovieCatalogue-master\.gradle\6.1.1\fileHashes)" [_thread_blocked, id=5612, stack(0x000000fe4c500000,0x000000fe4c600000)]
  0x0000021f50847000 JavaThread "Cache worker for cache directory md-supplier (C:\Users\Developer\.gradle\caches\6.1.1\md-supplier)" [_thread_blocked, id=8176, stack(0x000000fe4ca00000,0x000000fe4cb00000)]
  0x0000021f5084b000 JavaThread "Cache worker for cache directory md-rule (C:\Users\Developer\.gradle\caches\6.1.1\md-rule)" [_thread_blocked, id=9656, stack(0x000000fe4cb00000,0x000000fe4cc00000)]
  0x0000021f50846000 JavaThread "Build operations" [_thread_blocked, id=7624, stack(0x000000fe4cd00000,0x000000fe4ce00000)]
  0x0000021f50845800 JavaThread "Build operations Thread 2" [_thread_blocked, id=8644, stack(0x000000fe4d000000,0x000000fe4d100000)]
  0x0000021f5084c000 JavaThread "Build operations Thread 3" [_thread_blocked, id=9600, stack(0x000000fe4d100000,0x000000fe4d200000)]
  0x0000021f5084c800 JavaThread "Build operations Thread 4" [_thread_blocked, id=7216, stack(0x000000fe4d200000,0x000000fe4d300000)]
  0x0000021f5084d800 JavaThread "Cache worker for Build Output Cleanup Cache (D:\Personal\MovieCatalogue-master\.gradle\buildOutputCleanup)" [_thread_blocked, id=7400, stack(0x000000fe4d300000,0x000000fe4d400000)]
  0x0000021f50847800 JavaThread "Memory manager" [_thread_blocked, id=3548, stack(0x000000fe4cc00000,0x000000fe4cd00000)]
  0x0000021f50853000 JavaThread "Cache worker for file content cache (C:\Users\Developer\.gradle\caches\6.1.1\fileContent)" [_thread_blocked, id=7960, stack(0x000000fe4d400000,0x000000fe4d500000)]
  0x0000021f50854000 JavaThread "Cache worker for file content cache (D:\Personal\MovieCatalogue-master\.gradle\6.1.1\fileContent)" [_thread_blocked, id=9960, stack(0x000000fe4d500000,0x000000fe4d600000)]
  0x0000021f5084f000 JavaThread "Execution worker for ':'" [_thread_blocked, id=11564, stack(0x000000fe4d700000,0x000000fe4d800000)]
  0x0000021f50851800 JavaThread "Execution worker for ':' Thread 2" [_thread_blocked, id=12204, stack(0x000000fe4d800000,0x000000fe4d900000)]
  0x0000021f50850000 JavaThread "Execution worker for ':' Thread 3" [_thread_blocked, id=9092, stack(0x000000fe4d900000,0x000000fe4da00000)]
  0x0000021f50850800 JavaThread "Cache worker for execution history cache (D:\Personal\MovieCatalogue-master\.gradle\6.1.1\executionHistory)" [_thread_blocked, id=4332, stack(0x000000fe4da00000,0x000000fe4db00000)]
  0x0000021f4f1a7000 JavaThread "WorkerExecutor Queue" [_thread_blocked, id=1136, stack(0x000000fe4db00000,0x000000fe4dc00000)]
  0x0000021f4e308000 JavaThread "C2 CompilerThread1" daemon [_thread_blocked, id=5352, stack(0x000000fe4d600000,0x000000fe4d700000)]
  0x0000021f4f1a2800 JavaThread "WorkerExecutor Queue Thread 2" [_thread_blocked, id=12848, stack(0x000000fe4dc00000,0x000000fe4dd00000)]
  0x0000021f4f1a4800 JavaThread "WorkerExecutor Queue Thread 3" [_thread_blocked, id=10980, stack(0x000000fe4dd00000,0x000000fe4de00000)]
  0x0000021f4f1a1800 JavaThread "WorkerExecutor Queue Thread 4" [_thread_blocked, id=4936, stack(0x000000fe4de00000,0x000000fe4df00000)]
  0x0000021f4f1a8000 JavaThread "Java2D Disposer" daemon [_thread_blocked, id=13248, stack(0x000000fe4e100000,0x000000fe4e200000)]

Other Threads:
  0x0000021f47d6c800 VMThread "VM Thread" [stack: 0x000000fe4af00000,0x000000fe4b000000] [id=7296]
  0x0000021f48872000 WatcherThread [stack: 0x000000fe4b900000,0x000000fe4ba00000] [id=12336]
  0x0000021f307a0800 GCTaskThread "GC Thread#0" [stack: 0x000000fe4aa00000,0x000000fe4ab00000] [id=2256]
  0x0000021f4900c000 GCTaskThread "GC Thread#1" [stack: 0x000000fe4ba00000,0x000000fe4bb00000] [id=6836]
  0x0000021f4900d000 GCTaskThread "GC Thread#2" [stack: 0x000000fe4bb00000,0x000000fe4bc00000] [id=5852]
=>0x0000021f493e2800 GCTaskThread "GC Thread#3" [stack: 0x000000fe4c600000,0x000000fe4c700000] [id=8024]
  0x0000021f307bd800 ConcurrentGCThread "G1 Main Marker" [stack: 0x000000fe4ab00000,0x000000fe4ac00000] [id=3712]
  0x0000021f307bf800 ConcurrentGCThread "G1 Conc#0" [stack: 0x000000fe4ac00000,0x000000fe4ad00000] [id=8968]
  0x0000021f3084a800 ConcurrentGCThread "G1 Refine#0" [stack: 0x000000fe4ad00000,0x000000fe4ae00000] [id=5572]
  0x0000021f3084b800 ConcurrentGCThread "G1 Young RemSet Sampling" [stack: 0x000000fe4ae00000,0x000000fe4af00000] [id=10316]

Threads with active compile tasks:
C2 CompilerThread0  98458 11762 %     4       sun.java2d.marlin.DRenderer::_endRendering @ 784 (2480 bytes)
C1 CompilerThread0  98458 11838       2       com.sun.imageio.plugins.png.RowFilter::filterRow (426 bytes)
C2 CompilerThread1  98458 11753       4       com.sun.org.apache.xerces.internal.dom.CoreDocumentImpl::setUserData (179 bytes)

VM state:at safepoint (normal execution)

VM Mutex/Monitor currently owned by a thread:  ([mutex/lock_event])
[0x0000021f30783590] FreeList_lock - owner thread: 0x0000021f493e2800
[0x0000021f30782c90] Threads_lock - owner thread: 0x0000021f47d6c800
[0x0000021f30783350] Heap_lock - owner thread: 0x0000021f4f1a2800

Heap address: 0x00000000c0000000, size: 1024 MB, Compressed Oops mode: 32-bit
Narrow klass base: 0x0000000000000000, Narrow klass shift: 3
Compressed class space size: 1073741824 Address: 0x0000000100000000

Heap:
 garbage-first heap   total 138240K, used 135519K [0x00000000c0000000, 0x0000000100000000)
  region size 1024K, 5 young (5120K), 0 survivors (0K)
 Metaspace       used 85561K, capacity 87626K, committed 87844K, reserved 1126400K
  class space    used 10443K, capacity 11133K, committed 11136K, reserved 1048576K
Heap Regions: E=young(eden), S=young(survivor), O=old, HS=humongous(starts), HC=humongous(continues), CS=collection set, F=free, A=archive, TAMS=top-at-mark-start (previous, next)
|   0|0x00000000c0000000, 0x00000000c0100000, 0x00000000c0100000|100%| O|  |TAMS 0x00000000c0100000, 0x00000000c0000000| Untracked 
|   1|0x00000000c0100000, 0x00000000c0200000, 0x00000000c0200000|100%| O|  |TAMS 0x00000000c0200000, 0x00000000c0100000| Untracked 
|   2|0x00000000c0200000, 0x00000000c0300000, 0x00000000c0300000|100%| O|  |TAMS 0x00000000c0300000, 0x00000000c0200000| Untracked 
|   3|0x00000000c0300000, 0x00000000c0400000, 0x00000000c0400000|100%|HS|  |TAMS 0x00000000c0400000, 0x00000000c0300000| Complete 
|   4|0x00000000c0400000, 0x00000000c0500000, 0x00000000c0500000|100%|HC|  |TAMS 0x00000000c0500000, 0x00000000c0400000| Complete 
|   5|0x00000000c0500000, 0x00000000c0600000, 0x00000000c0600000|100%|HC|  |TAMS 0x00000000c0600000, 0x00000000c0500000| Complete 
|   6|0x00000000c0600000, 0x00000000c0700000, 0x00000000c0700000|100%| O|  |TAMS 0x00000000c0700000, 0x00000000c0600000| Untracked 
|   7|0x00000000c0700000, 0x00000000c0800000, 0x00000000c0800000|100%| O|  |TAMS 0x00000000c0800000, 0x00000000c0700000| Untracked 
|   8|0x00000000c0800000, 0x00000000c0900000, 0x00000000c0900000|100%| O|  |TAMS 0x00000000c0900000, 0x00000000c0800000| Complete 
|   9|0x00000000c0900000, 0x00000000c0a00000, 0x00000000c0a00000|100%| O|  |TAMS 0x00000000c0a00000, 0x00000000c0900000| Untracked 
|  10|0x00000000c0a00000, 0x00000000c0b00000, 0x00000000c0b00000|100%| O|  |TAMS 0x00000000c0b00000, 0x00000000c0a00000| Untracked 
|  11|0x00000000c0b00000, 0x00000000c0c00000, 0x00000000c0c00000|100%| O|  |TAMS 0x00000000c0c00000, 0x00000000c0b00000| Untracked 
|  12|0x00000000c0c00000, 0x00000000c0d00000, 0x00000000c0d00000|100%| O|  |TAMS 0x00000000c0d00000, 0x00000000c0c00000| Untracked 
|  13|0x00000000c0d00000, 0x00000000c0e00000, 0x00000000c0e00000|100%| O|  |TAMS 0x00000000c0e00000, 0x00000000c0d00000| Untracked 
|  14|0x00000000c0e00000, 0x00000000c0f00000, 0x00000000c0f00000|100%| O|  |TAMS 0x00000000c0f00000, 0x00000000c0e00000| Complete 
|  15|0x00000000c0f00000, 0x00000000c1000000, 0x00000000c1000000|100%| O|  |TAMS 0x00000000c1000000, 0x00000000c0f00000| Untracked 
|  16|0x00000000c1000000, 0x00000000c1100000, 0x00000000c1100000|100%| O|  |TAMS 0x00000000c1100000, 0x00000000c1000000| Untracked 
|  17|0x00000000c1100000, 0x00000000c1200000, 0x00000000c1200000|100%| O|  |TAMS 0x00000000c1200000, 0x00000000c1100000| Untracked 
|  18|0x00000000c1200000, 0x00000000c1300000, 0x00000000c1300000|100%|HS|  |TAMS 0x00000000c1300000, 0x00000000c1200000| Complete 
|  19|0x00000000c1300000, 0x00000000c1400000, 0x00000000c1400000|100%|HC|  |TAMS 0x00000000c1400000, 0x00000000c1300000| Complete 
|  20|0x00000000c1400000, 0x00000000c1500000, 0x00000000c1500000|100%|HC|  |TAMS 0x00000000c1500000, 0x00000000c1400000| Complete 
|  21|0x00000000c1500000, 0x00000000c1600000, 0x00000000c1600000|100%|HS|  |TAMS 0x00000000c1600000, 0x00000000c1500000| Complete 
|  22|0x00000000c1600000, 0x00000000c1700000, 0x00000000c1700000|100%|HC|  |TAMS 0x00000000c1700000, 0x00000000c1600000| Complete 
|  23|0x00000000c1700000, 0x00000000c1800000, 0x00000000c1800000|100%|HC|  |TAMS 0x00000000c1800000, 0x00000000c1700000| Complete 
|  24|0x00000000c1800000, 0x00000000c1900000, 0x00000000c1900000|100%|HS|  |TAMS 0x00000000c1900000, 0x00000000c1800000| Complete 
|  25|0x00000000c1900000, 0x00000000c1a00000, 0x00000000c1a00000|100%|HC|  |TAMS 0x00000000c1a00000, 0x00000000c1900000| Complete 
|  26|0x00000000c1a00000, 0x00000000c1b00000, 0x00000000c1b00000|100%| O|  |TAMS 0x00000000c1b00000, 0x00000000c1a00000| Untracked 
|  27|0x00000000c1b00000, 0x00000000c1c00000, 0x00000000c1c00000|100%| O|  |TAMS 0x00000000c1c00000, 0x00000000c1b00000| Untracked 
|  28|0x00000000c1c00000, 0x00000000c1d00000, 0x00000000c1d00000|100%| O|  |TAMS 0x00000000c1d00000, 0x00000000c1c00000| Untracked 
|  29|0x00000000c1d00000, 0x00000000c1e00000, 0x00000000c1e00000|100%| O|  |TAMS 0x00000000c1e00000, 0x00000000c1d00000| Complete 
|  30|0x00000000c1e00000, 0x00000000c1f00000, 0x00000000c1f00000|100%| O|  |TAMS 0x00000000c1f00000, 0x00000000c1e00000| Complete 
|  31|0x00000000c1f00000, 0x00000000c2000000, 0x00000000c2000000|100%| O|  |TAMS 0x00000000c2000000, 0x00000000c1f00000| Untracked 
|  32|0x00000000c2000000, 0x00000000c2100000, 0x00000000c2100000|100%| O|  |TAMS 0x00000000c2100000, 0x00000000c2000000| Untracked 
|  33|0x00000000c2100000, 0x00000000c2200000, 0x00000000c2200000|100%| O|  |TAMS 0x00000000c2200000, 0x00000000c2100000| Untracked 
|  34|0x00000000c2200000, 0x00000000c2300000, 0x00000000c2300000|100%| O|  |TAMS 0x00000000c2300000, 0x00000000c2200000| Complete 
|  35|0x00000000c2300000, 0x00000000c2400000, 0x00000000c2400000|100%| O|  |TAMS 0x00000000c2400000, 0x00000000c2300000| Untracked 
|  36|0x00000000c2400000, 0x00000000c2500000, 0x00000000c2500000|100%| O|  |TAMS 0x00000000c2500000, 0x00000000c2400000| Untracked 
|  37|0x00000000c2500000, 0x00000000c2600000, 0x00000000c2600000|100%| O|  |TAMS 0x00000000c2600000, 0x00000000c2500000| Untracked 
|  38|0x00000000c2600000, 0x00000000c2700000, 0x00000000c2700000|100%| O|  |TAMS 0x00000000c2700000, 0x00000000c2600000| Untracked 
|  39|0x00000000c2700000, 0x00000000c2800000, 0x00000000c2800000|100%| O|  |TAMS 0x00000000c2800000, 0x00000000c2700000| Untracked 
|  40|0x00000000c2800000, 0x00000000c2900000, 0x00000000c2900000|100%| O|  |TAMS 0x00000000c2900000, 0x00000000c2800000| Complete 
|  41|0x00000000c2900000, 0x00000000c2a00000, 0x00000000c2a00000|100%| O|  |TAMS 0x00000000c2a00000, 0x00000000c2900000| Untracked 
|  42|0x00000000c2a00000, 0x00000000c2b00000, 0x00000000c2b00000|100%| O|  |TAMS 0x00000000c2b00000, 0x00000000c2a00000| Untracked 
|  43|0x00000000c2b00000, 0x00000000c2c00000, 0x00000000c2c00000|100%| O|  |TAMS 0x00000000c2c00000, 0x00000000c2b00000| Untracked 
|  44|0x00000000c2c00000, 0x00000000c2d00000, 0x00000000c2d00000|100%| O|  |TAMS 0x00000000c2d00000, 0x00000000c2c00000| Untracked 
|  45|0x00000000c2d00000, 0x00000000c2e00000, 0x00000000c2e00000|100%| O|  |TAMS 0x00000000c2e00000, 0x00000000c2d00000| Complete 
|  46|0x00000000c2e00000, 0x00000000c2f00000, 0x00000000c2f00000|100%| O|  |TAMS 0x00000000c2f00000, 0x00000000c2e00000| Complete 
|  47|0x00000000c2f00000, 0x00000000c3000000, 0x00000000c3000000|100%| O|  |TAMS 0x00000000c3000000, 0x00000000c2f00000| Untracked 
|  48|0x00000000c3000000, 0x00000000c3100000, 0x00000000c3100000|100%| O|  |TAMS 0x00000000c3100000, 0x00000000c3000000| Untracked 
|  49|0x00000000c3100000, 0x00000000c3200000, 0x00000000c3200000|100%| O|  |TAMS 0x00000000c3200000, 0x00000000c3100000| Untracked 
|  50|0x00000000c3200000, 0x00000000c3300000, 0x00000000c3300000|100%| O|  |TAMS 0x00000000c3300000, 0x00000000c3200000| Untracked 
|  51|0x00000000c3300000, 0x00000000c3400000, 0x00000000c3400000|100%| O|  |TAMS 0x00000000c3400000, 0x00000000c3300000| Complete 
|  52|0x00000000c3400000, 0x00000000c3500000, 0x00000000c3500000|100%|HS|  |TAMS 0x00000000c3500000, 0x00000000c3400000| Complete 
|  53|0x00000000c3500000, 0x00000000c3600000, 0x00000000c3600000|100%|HC|  |TAMS 0x00000000c3600000, 0x00000000c3500000| Complete 
|  54|0x00000000c3600000, 0x00000000c3700000, 0x00000000c3700000|100%|HS|  |TAMS 0x00000000c3700000, 0x00000000c3600000| Complete 
|  55|0x00000000c3700000, 0x00000000c3800000, 0x00000000c3800000|100%|HC|  |TAMS 0x00000000c3800000, 0x00000000c3700000| Complete 
|  56|0x00000000c3800000, 0x00000000c3900000, 0x00000000c3900000|100%|HC|  |TAMS 0x00000000c3900000, 0x00000000c3800000| Complete 
|  57|0x00000000c3900000, 0x00000000c3a00000, 0x00000000c3a00000|100%| O|  |TAMS 0x00000000c3a00000, 0x00000000c3900000| Untracked 
|  58|0x00000000c3a00000, 0x00000000c3b00000, 0x00000000c3b00000|100%| O|  |TAMS 0x00000000c3b00000, 0x00000000c3a00000| Complete 
|  59|0x00000000c3b00000, 0x00000000c3c00000, 0x00000000c3c00000|100%| O|  |TAMS 0x00000000c3c00000, 0x00000000c3b00000| Untracked 
|  60|0x00000000c3c00000, 0x00000000c3d00000, 0x00000000c3d00000|100%| O|  |TAMS 0x00000000c3d00000, 0x00000000c3c00000| Complete 
|  61|0x00000000c3d00000, 0x00000000c3e00000, 0x00000000c3e00000|100%|HS|  |TAMS 0x00000000c3e00000, 0x00000000c3d00000| Complete 
|  62|0x00000000c3e00000, 0x00000000c3f00000, 0x00000000c3f00000|100%|HC|  |TAMS 0x00000000c3f00000, 0x00000000c3e00000| Complete 
|  63|0x00000000c3f00000, 0x00000000c4000000, 0x00000000c4000000|100%|HC|  |TAMS 0x00000000c4000000, 0x00000000c3f00000| Complete 
|  64|0x00000000c4000000, 0x00000000c4100000, 0x00000000c4100000|100%|HC|  |TAMS 0x00000000c4100000, 0x00000000c4000000| Complete 
|  65|0x00000000c4100000, 0x00000000c4200000, 0x00000000c4200000|100%|HC|  |TAMS 0x00000000c4200000, 0x00000000c4100000| Complete 
|  66|0x00000000c4200000, 0x00000000c4300000, 0x00000000c4300000|100%|HS|  |TAMS 0x00000000c4300000, 0x00000000c4200000| Complete 
|  67|0x00000000c4300000, 0x00000000c4400000, 0x00000000c4400000|100%| O|  |TAMS 0x00000000c4400000, 0x00000000c4300000| Complete 
|  68|0x00000000c4400000, 0x00000000c4500000, 0x00000000c4500000|100%| O|  |TAMS 0x00000000c4500000, 0x00000000c4400000| Untracked 
|  69|0x00000000c4500000, 0x00000000c4600000, 0x00000000c4600000|100%| O|  |TAMS 0x00000000c4600000, 0x00000000c4500000| Untracked 
|  70|0x00000000c4600000, 0x00000000c4700000, 0x00000000c4700000|100%| O|  |TAMS 0x00000000c4700000, 0x00000000c4600000| Untracked 
|  71|0x00000000c4700000, 0x00000000c4800000, 0x00000000c4800000|100%| O|  |TAMS 0x00000000c4800000, 0x00000000c4700000| Untracked 
|  72|0x00000000c4800000, 0x00000000c4900000, 0x00000000c4900000|100%| O|  |TAMS 0x00000000c4900000, 0x00000000c4800000| Complete 
|  73|0x00000000c4900000, 0x00000000c4a00000, 0x00000000c4a00000|100%| O|  |TAMS 0x00000000c4a00000, 0x00000000c4900000| Complete 
|  74|0x00000000c4a00000, 0x00000000c4b00000, 0x00000000c4b00000|100%| O|  |TAMS 0x00000000c4b00000, 0x00000000c4a00000| Untracked 
|  75|0x00000000c4b00000, 0x00000000c4c00000, 0x00000000c4c00000|100%| O|  |TAMS 0x00000000c4c00000, 0x00000000c4b00000| Untracked 
|  76|0x00000000c4c00000, 0x00000000c4d00000, 0x00000000c4d00000|100%| O|  |TAMS 0x00000000c4d00000, 0x00000000c4c00000| Untracked 
|  77|0x00000000c4d00000, 0x00000000c4e00000, 0x00000000c4e00000|100%| O|  |TAMS 0x00000000c4e00000, 0x00000000c4d00000| Untracked 
|  78|0x00000000c4e00000, 0x00000000c4f00000, 0x00000000c4f00000|100%| O|  |TAMS 0x00000000c4f00000, 0x00000000c4e00000| Complete 
|  79|0x00000000c4f00000, 0x00000000c5000000, 0x00000000c5000000|100%| O|  |TAMS 0x00000000c5000000, 0x00000000c4f00000| Untracked 
|  80|0x00000000c5000000, 0x00000000c5100000, 0x00000000c5100000|100%| O|  |TAMS 0x00000000c5100000, 0x00000000c5000000| Untracked 
|  81|0x00000000c5100000, 0x00000000c5200000, 0x00000000c5200000|100%| O|  |TAMS 0x00000000c5200000, 0x00000000c5100000| Complete 
|  82|0x00000000c5200000, 0x00000000c5300000, 0x00000000c5300000|100%|HS|  |TAMS 0x00000000c5200000, 0x00000000c5200000| Complete 
|  83|0x00000000c5300000, 0x00000000c5400000, 0x00000000c5400000|100%| O|  |TAMS 0x00000000c5400000, 0x00000000c5300000| Untracked 
|  84|0x00000000c5400000, 0x00000000c5500000, 0x00000000c5500000|100%| O|  |TAMS 0x00000000c5500000, 0x00000000c5400000| Untracked 
|  85|0x00000000c5500000, 0x00000000c5600000, 0x00000000c5600000|100%| O|  |TAMS 0x00000000c5600000, 0x00000000c5500000| Complete 
|  86|0x00000000c5600000, 0x00000000c5700000, 0x00000000c5700000|100%| O|  |TAMS 0x00000000c5700000, 0x00000000c5600000| Complete 
|  87|0x00000000c5700000, 0x00000000c5800000, 0x00000000c5800000|100%| O|  |TAMS 0x00000000c5800000, 0x00000000c5700000| Complete 
|  88|0x00000000c5800000, 0x00000000c5900000, 0x00000000c5900000|100%| O|  |TAMS 0x00000000c5900000, 0x00000000c5800000| Untracked 
|  89|0x00000000c5900000, 0x00000000c5a00000, 0x00000000c5a00000|100%| O|  |TAMS 0x00000000c5a00000, 0x00000000c5900000| Untracked 
|  90|0x00000000c5a00000, 0x00000000c5b00000, 0x00000000c5b00000|100%| O|  |TAMS 0x00000000c5b00000, 0x00000000c5a00000| Untracked 
|  91|0x00000000c5b00000, 0x00000000c5c00000, 0x00000000c5c00000|100%| O|  |TAMS 0x00000000c5c00000, 0x00000000c5b00000| Untracked 
|  92|0x00000000c5c00000, 0x00000000c5d00000, 0x00000000c5d00000|100%| O|  |TAMS 0x00000000c5d00000, 0x00000000c5c00000| Untracked 
|  93|0x00000000c5d00000, 0x00000000c5e00000, 0x00000000c5e00000|100%| O|  |TAMS 0x00000000c5e00000, 0x00000000c5d00000| Untracked 
|  94|0x00000000c5e00000, 0x00000000c5f00000, 0x00000000c5f00000|100%| O|  |TAMS 0x00000000c5f00000, 0x00000000c5e00000| Untracked 
|  95|0x00000000c5f00000, 0x00000000c6000000, 0x00000000c6000000|100%| O|  |TAMS 0x00000000c6000000, 0x00000000c5f00000| Untracked 
|  96|0x00000000c6000000, 0x00000000c6100000, 0x00000000c6100000|100%| O|  |TAMS 0x00000000c6100000, 0x00000000c6000000| Untracked 
|  97|0x00000000c6100000, 0x00000000c6200000, 0x00000000c6200000|100%| O|  |TAMS 0x00000000c6200000, 0x00000000c6100000| Untracked 
|  98|0x00000000c6200000, 0x00000000c6300000, 0x00000000c6300000|100%| O|  |TAMS 0x00000000c6300000, 0x00000000c6200000| Untracked 
|  99|0x00000000c6300000, 0x00000000c6400000, 0x00000000c6400000|100%| O|  |TAMS 0x00000000c6400000, 0x00000000c6300000| Complete 
| 100|0x00000000c6400000, 0x00000000c6500000, 0x00000000c6500000|100%| O|  |TAMS 0x00000000c6500000, 0x00000000c6400000| Untracked 
| 101|0x00000000c6500000, 0x00000000c6600000, 0x00000000c6600000|100%| O|  |TAMS 0x00000000c6600000, 0x00000000c6500000| Untracked 
| 102|0x00000000c6600000, 0x00000000c6700000, 0x00000000c6700000|100%| O|  |TAMS 0x00000000c6700000, 0x00000000c6600000| Untracked 
| 103|0x00000000c6700000, 0x00000000c6800000, 0x00000000c6800000|100%| O|  |TAMS 0x00000000c6800000, 0x00000000c6700000| Untracked 
| 104|0x00000000c6800000, 0x00000000c6900000, 0x00000000c6900000|100%| O|  |TAMS 0x00000000c6900000, 0x00000000c6800000| Untracked 
| 105|0x00000000c6900000, 0x00000000c6a00000, 0x00000000c6a00000|100%| O|  |TAMS 0x00000000c6a00000, 0x00000000c6900000| Complete 
| 106|0x00000000c6a00000, 0x00000000c6b00000, 0x00000000c6b00000|100%| O|  |TAMS 0x00000000c6b00000, 0x00000000c6a00000| Untracked 
| 107|0x00000000c6b00000, 0x00000000c6c00000, 0x00000000c6c00000|100%| O|  |TAMS 0x00000000c6c00000, 0x00000000c6b00000| Complete 
| 108|0x00000000c6c00000, 0x00000000c6d00000, 0x00000000c6d00000|100%| O|  |TAMS 0x00000000c6d00000, 0x00000000c6c00000| Complete 
| 109|0x00000000c6d00000, 0x00000000c6e00000, 0x00000000c6e00000|100%| O|  |TAMS 0x00000000c6e00000, 0x00000000c6d00000| Complete 
| 110|0x00000000c6e00000, 0x00000000c6f00000, 0x00000000c6f00000|100%| O|  |TAMS 0x00000000c6f00000, 0x00000000c6e00000| Untracked 
| 111|0x00000000c6f00000, 0x00000000c7000000, 0x00000000c7000000|100%|HS|  |TAMS 0x00000000c7000000, 0x00000000c6f00000| Complete 
| 112|0x00000000c7000000, 0x00000000c7100000, 0x00000000c7100000|100%|HC|  |TAMS 0x00000000c7100000, 0x00000000c7000000| Complete 
| 113|0x00000000c7100000, 0x00000000c7200000, 0x00000000c7200000|100%|HC|  |TAMS 0x00000000c7200000, 0x00000000c7100000| Complete 
| 114|0x00000000c7200000, 0x00000000c7300000, 0x00000000c7300000|100%|HC|  |TAMS 0x00000000c7300000, 0x00000000c7200000| Complete 
| 115|0x00000000c7300000, 0x00000000c7400000, 0x00000000c7400000|100%|HC|  |TAMS 0x00000000c7400000, 0x00000000c7300000| Complete 
| 116|0x00000000c7400000, 0x00000000c7500000, 0x00000000c7500000|100%|HC|  |TAMS 0x00000000c7500000, 0x00000000c7400000| Complete 
| 117|0x00000000c7500000, 0x00000000c7600000, 0x00000000c7600000|100%|HC|  |TAMS 0x00000000c7600000, 0x00000000c7500000| Complete 
| 118|0x00000000c7600000, 0x00000000c7700000, 0x00000000c7700000|100%|HC|  |TAMS 0x00000000c7700000, 0x00000000c7600000| Complete 
| 119|0x00000000c7700000, 0x00000000c7800000, 0x00000000c7800000|100%|HS|  |TAMS 0x00000000c7800000, 0x00000000c7700000| Complete 
| 120|0x00000000c7800000, 0x00000000c7900000, 0x00000000c7900000|100%|HC|  |TAMS 0x00000000c7900000, 0x00000000c7800000| Complete 
| 121|0x00000000c7900000, 0x00000000c7a00000, 0x00000000c7a00000|100%|HC|  |TAMS 0x00000000c7a00000, 0x00000000c7900000| Complete 
| 122|0x00000000c7a00000, 0x00000000c7b00000, 0x00000000c7b00000|100%|HC|  |TAMS 0x00000000c7b00000, 0x00000000c7a00000| Complete 
| 123|0x00000000c7b00000, 0x00000000c7c00000, 0x00000000c7c00000|100%|HC|  |TAMS 0x00000000c7c00000, 0x00000000c7b00000| Complete 
| 124|0x00000000c7c00000, 0x00000000c7d00000, 0x00000000c7d00000|100%| E|CS|TAMS 0x00000000c7c00000, 0x00000000c7c00000| Complete 
| 125|0x00000000c7d00000, 0x00000000c7e00000, 0x00000000c7e00000|100%| E|CS|TAMS 0x00000000c7d00000, 0x00000000c7d00000| Complete 
| 126|0x00000000c7e00000, 0x00000000c7f00000, 0x00000000c7f00000|100%| E|CS|TAMS 0x00000000c7e00000, 0x00000000c7e00000| Complete 
| 127|0x00000000c7f00000, 0x00000000c7f2f4a0, 0x00000000c8000000| 18%| E|CS|TAMS 0x00000000c7f00000, 0x00000000c7f00000| Complete 
| 128|0x00000000c8000000, 0x00000000c8100000, 0x00000000c8100000|100%|HS|  |TAMS 0x00000000c8100000, 0x00000000c8000000| Complete 
| 129|0x00000000c8100000, 0x00000000c8200000, 0x00000000c8200000|100%|HC|  |TAMS 0x00000000c8200000, 0x00000000c8100000| Complete 
| 130|0x00000000c8200000, 0x00000000c8300000, 0x00000000c8300000|100%| E|CS|TAMS 0x00000000c8200000, 0x00000000c8200000| Complete 
| 131|0x00000000c8300000, 0x00000000c8400000, 0x00000000c8400000|100%|HS|  |TAMS 0x00000000c8400000, 0x00000000c8300000| Complete 
| 132|0x00000000c8400000, 0x00000000c8500000, 0x00000000c8500000|100%| E|CS|TAMS 0x00000000c8400000, 0x00000000c8400000| Complete 
| 133|0x00000000c8500000, 0x00000000c8528a00, 0x00000000c8600000| 15%| O|  |TAMS 0x00000000c8528a00, 0x00000000c8500000| Untracked 

Card table byte_map: [0x0000021f43490000,0x0000021f43690000] _byte_map_base: 0x0000021f42e90000

Marking Bits (Prev, Next): (CMBitMap*) 0x0000021f307b8988, (CMBitMap*) 0x0000021f307b89c0
 Prev Bits: [0x0000021f43890000, 0x0000021f44890000)
 Next Bits: [0x0000021f44890000, 0x0000021f45890000)

Polling page: 0x0000021f2ff50000

Metaspace:

Usage:
  Non-class:     74.70 MB capacity,    73.36 MB ( 98%) used,     1.14 MB (  2%) free+waste,   211.44 KB ( <1%) overhead. 
      Class:     10.87 MB capacity,    10.20 MB ( 94%) used,   597.35 KB (  5%) free+waste,    92.63 KB ( <1%) overhead. 
       Both:     85.57 MB capacity,    83.56 MB ( 98%) used,     1.72 MB (  2%) free+waste,   304.06 KB ( <1%) overhead. 

Virtual space:
  Non-class space:       76.00 MB reserved,      74.91 MB ( 99%) committed 
      Class space:        1.00 GB reserved,      10.88 MB (  1%) committed 
             Both:        1.07 GB reserved,      85.79 MB (  8%) committed 

Chunk freelists:
   Non-Class:  23.00 KB
       Class:  3.00 KB
        Both:  26.00 KB

MaxMetaspaceSize: 17179869184.00 GB
CompressedClassSpaceSize: 1.00 GB
Initial GC threshold: 20.80 MB
Current GC threshold: 141.73 MB
CDS: off

CodeHeap 'non-profiled nmethods': size=120064Kb used=7783Kb max_used=7783Kb free=112280Kb
 bounds [0x0000021f3bd50000, 0x0000021f3c4f0000, 0x0000021f43290000]
CodeHeap 'profiled nmethods': size=120000Kb used=27596Kb max_used=27596Kb free=92403Kb
 bounds [0x0000021f34820000, 0x0000021f36320000, 0x0000021f3bd50000]
CodeHeap 'non-nmethods': size=5696Kb used=2423Kb max_used=2462Kb free=3272Kb
 bounds [0x0000021f34290000, 0x0000021f34500000, 0x0000021f34820000]
 total_blobs=12737 nmethods=11774 adapters=875
 compilation: enabled
              stopped_count=0, restarted_count=0
 full_count=0

Compilation events (20 events):
Event: 98.420 Thread 0x0000021f47d95000 nmethod 11828 0x0000021f3630e410 code [0x0000021f3630e5c0, 0x0000021f3630e6f8]
Event: 98.420 Thread 0x0000021f47d95000 11829       2       sun.java2d.StateTrackableDelegate::createInstance (80 bytes)
Event: 98.421 Thread 0x0000021f47d95000 nmethod 11829 0x0000021f3630e790 code [0x0000021f3630e980, 0x0000021f3630ed48]
Event: 98.421 Thread 0x0000021f47d95000 11831       2       sun.awt.image.IntegerComponentRaster::<init> (245 bytes)
Event: 98.422 Thread 0x0000021f47d95000 nmethod 11831 0x0000021f3630ef10 code [0x0000021f3630f140, 0x0000021f3630f848]
Event: 98.422 Thread 0x0000021f47d95000 11830       2       java.awt.Point::<init> (15 bytes)
Event: 98.422 Thread 0x0000021f47d95000 nmethod 11830 0x0000021f3630fd10 code [0x0000021f3630fec0, 0x0000021f3630ffb8]
Event: 98.422 Thread 0x0000021f47d95000 11832       2       java.awt.image.SinglePixelPackedSampleModel::<init> (39 bytes)
Event: 98.423 Thread 0x0000021f47d95000 nmethod 11832 0x0000021f36310090 code [0x0000021f36310260, 0x0000021f363104a8]
Event: 98.423 Thread 0x0000021f47d95000 11833       2       java.awt.Rectangle::getLocation (16 bytes)
Event: 98.423 Thread 0x0000021f47d95000 nmethod 11833 0x0000021f36310610 code [0x0000021f363107c0, 0x0000021f36310918]
Event: 98.423 Thread 0x0000021f47d95000 11834       2       java.awt.image.Raster::createWritableRaster (24 bytes)
Event: 98.423 Thread 0x0000021f47d95000 nmethod 11834 0x0000021f36310990 code [0x0000021f36310b60, 0x0000021f36310cf8]
Event: 98.423 Thread 0x0000021f47d95000 11836       2       sun.awt.image.IntegerInterleavedRaster::getDataElements (151 bytes)
Event: 98.424 Thread 0x0000021f47d95000 nmethod 11836 0x0000021f36310e10 code [0x0000021f36311000, 0x0000021f36311518]
Event: 98.424 Thread 0x0000021f47d95000 11835       2       java.awt.image.Raster::createWritableRaster (275 bytes)
Event: 98.425 Thread 0x0000021f47d95000 nmethod 11835 0x0000021f36311710 code [0x0000021f36311a00, 0x0000021f36312988]
Event: 98.425 Thread 0x0000021f47d95000 11837       2       com.sun.imageio.plugins.png.IDATOutputStream::write (19 bytes)
Event: 98.426 Thread 0x0000021f47d95000 nmethod 11837 0x0000021f36312f90 code [0x0000021f36313140, 0x0000021f36313288]
Event: 98.426 Thread 0x0000021f47d95000 11838       2       com.sun.imageio.plugins.png.RowFilter::filterRow (426 bytes)

GC Heap History (20 events):
Event: 95.646 GC heap after
{Heap after GC invocations=48 (full 0):
 garbage-first heap   total 131072K, used 110932K [0x00000000c0000000, 0x0000000100000000)
  region size 1024K, 1 young (1024K), 1 survivors (1024K)
 Metaspace       used 81901K, capacity 83848K, committed 84004K, reserved 1122304K
  class space    used 10098K, capacity 10761K, committed 10880K, reserved 1048576K
}
Event: 96.092 GC heap before
{Heap before GC invocations=48 (full 0):
 garbage-first heap   total 131072K, used 116052K [0x00000000c0000000, 0x0000000100000000)
  region size 1024K, 6 young (6144K), 1 survivors (1024K)
 Metaspace       used 81904K, capacity 83912K, committed 84260K, reserved 1122304K
  class space    used 10098K, capacity 10761K, committed 10880K, reserved 1048576K
}
Event: 96.098 GC heap after
{Heap after GC invocations=49 (full 0):
 garbage-first heap   total 131072K, used 111436K [0x00000000c0000000, 0x0000000100000000)
  region size 1024K, 1 young (1024K), 1 survivors (1024K)
 Metaspace       used 81904K, capacity 83912K, committed 84260K, reserved 1122304K
  class space    used 10098K, capacity 10761K, committed 10880K, reserved 1048576K
}
Event: 96.300 GC heap before
{Heap before GC invocations=49 (full 0):
 garbage-first heap   total 131072K, used 116556K [0x00000000c0000000, 0x0000000100000000)
  region size 1024K, 6 young (6144K), 1 survivors (1024K)
 Metaspace       used 81909K, capacity 83912K, committed 84260K, reserved 1122304K
  class space    used 10098K, capacity 10761K, committed 10880K, reserved 1048576K
}
Event: 96.303 GC heap after
{Heap after GC invocations=50 (full 0):
 garbage-first heap   total 131072K, used 111442K [0x00000000c0000000, 0x0000000100000000)
  region size 1024K, 1 young (1024K), 1 survivors (1024K)
 Metaspace       used 81909K, capacity 83912K, committed 84260K, reserved 1122304K
  class space    used 10098K, capacity 10761K, committed 10880K, reserved 1048576K
}
Event: 96.571 GC heap before
{Heap before GC invocations=50 (full 0):
 garbage-first heap   total 131072K, used 116562K [0x00000000c0000000, 0x0000000100000000)
  region size 1024K, 6 young (6144K), 1 survivors (1024K)
 Metaspace       used 82041K, capacity 83991K, committed 84260K, reserved 1122304K
  class space    used 10109K, capacity 10765K, committed 10880K, reserved 1048576K
}
Event: 96.574 GC heap after
{Heap after GC invocations=51 (full 0):
 garbage-first heap   total 131072K, used 111707K [0x00000000c0000000, 0x0000000100000000)
  region size 1024K, 1 young (1024K), 1 survivors (1024K)
 Metaspace       used 82041K, capacity 83991K, committed 84260K, reserved 1122304K
  class space    used 10109K, capacity 10765K, committed 10880K, reserved 1048576K
}
Event: 96.709 GC heap before
{Heap before GC invocations=52 (full 0):
 garbage-first heap   total 131072K, used 116827K [0x00000000c0000000, 0x0000000100000000)
  region size 1024K, 6 young (6144K), 1 survivors (1024K)
 Metaspace       used 82241K, capacity 84176K, committed 84516K, reserved 1122304K
  class space    used 10131K, capacity 10775K, committed 10880K, reserved 1048576K
}
Event: 96.712 GC heap after
{Heap after GC invocations=53 (full 0):
 garbage-first heap   total 131072K, used 112278K [0x00000000c0000000, 0x0000000100000000)
  region size 1024K, 1 young (1024K), 1 survivors (1024K)
 Metaspace       used 82241K, capacity 84176K, committed 84516K, reserved 1122304K
  class space    used 10131K, capacity 10775K, committed 10880K, reserved 1048576K
}
Event: 96.942 GC heap before
{Heap before GC invocations=53 (full 0):
 garbage-first heap   total 131072K, used 117398K [0x00000000c0000000, 0x0000000100000000)
  region size 1024K, 6 young (6144K), 1 survivors (1024K)
 Metaspace       used 82781K, capacity 84781K, committed 85028K, reserved 1124352K
  class space    used 10171K, capacity 10855K, committed 10880K, reserved 1048576K
}
Event: 96.947 GC heap after
{Heap after GC invocations=54 (full 0):
 garbage-first heap   total 131072K, used 112064K [0x00000000c0000000, 0x0000000100000000)
  region size 1024K, 1 young (1024K), 1 survivors (1024K)
 Metaspace       used 82781K, capacity 84781K, committed 85028K, reserved 1124352K
  class space    used 10171K, capacity 10855K, committed 10880K, reserved 1048576K
}
Event: 96.977 GC heap before
{Heap before GC invocations=54 (full 0):
 garbage-first heap   total 131072K, used 112064K [0x00000000c0000000, 0x0000000100000000)
  region size 1024K, 2 young (2048K), 1 survivors (1024K)
 Metaspace       used 82922K, capacity 84927K, committed 85028K, reserved 1124352K
  class space    used 10185K, capacity 10858K, committed 10880K, reserved 1048576K
}
Event: 96.980 GC heap after
{Heap after GC invocations=55 (full 0):
 garbage-first heap   total 131072K, used 112142K [0x00000000c0000000, 0x0000000100000000)
  region size 1024K, 1 young (1024K), 1 survivors (1024K)
 Metaspace       used 82922K, capacity 84927K, committed 85028K, reserved 1124352K
  class space    used 10185K, capacity 10858K, committed 10880K, reserved 1048576K
}
Event: 97.549 GC heap before
{Heap before GC invocations=56 (full 0):
 garbage-first heap   total 133120K, used 130574K [0x00000000c0000000, 0x0000000100000000)
  region size 1024K, 5 young (5120K), 1 survivors (1024K)
 Metaspace       used 83851K, capacity 85845K, committed 85924K, reserved 1124352K
  class space    used 10278K, capacity 10946K, committed 11008K, reserved 1048576K
}
Event: 97.558 GC heap after
{Heap after GC invocations=57 (full 0):
 garbage-first heap   total 134144K, used 128422K [0x00000000c0000000, 0x0000000100000000)
  region size 1024K, 1 young (1024K), 1 survivors (1024K)
 Metaspace       used 83851K, capacity 85845K, committed 85924K, reserved 1124352K
  class space    used 10278K, capacity 10946K, committed 11008K, reserved 1048576K
}
Event: 97.626 GC heap before
{Heap before GC invocations=57 (full 0):
 garbage-first heap   total 135168K, used 134566K [0x00000000c0000000, 0x0000000100000000)
  region size 1024K, 3 young (3072K), 1 survivors (1024K)
 Metaspace       used 84212K, capacity 86206K, committed 86436K, reserved 1124352K
  class space    used 10311K, capacity 10981K, committed 11008K, reserved 1048576K
}
Event: 97.633 GC heap after
{Heap after GC invocations=58 (full 0):
 garbage-first heap   total 137216K, used 129377K [0x00000000c0000000, 0x0000000100000000)
  region size 1024K, 1 young (1024K), 1 survivors (1024K)
 Metaspace       used 84212K, capacity 86206K, committed 86436K, reserved 1124352K
  class space    used 10311K, capacity 10981K, committed 11008K, reserved 1048576K
}
Event: 97.645 GC heap before
{Heap before GC invocations=58 (full 0):
 garbage-first heap   total 137216K, used 129377K [0x00000000c0000000, 0x0000000100000000)
  region size 1024K, 2 young (2048K), 1 survivors (1024K)
 Metaspace       used 84258K, capacity 86300K, committed 86436K, reserved 1124352K
  class space    used 10319K, capacity 10991K, committed 11008K, reserved 1048576K
}
Event: 97.648 GC heap after
{Heap after GC invocations=59 (full 0):
 garbage-first heap   total 137216K, used 129375K [0x00000000c0000000, 0x0000000100000000)
  region size 1024K, 1 young (1024K), 1 survivors (1024K)
 Metaspace       used 84258K, capacity 86300K, committed 86436K, reserved 1124352K
  class space    used 10319K, capacity 10991K, committed 11008K, reserved 1048576K
}
Event: 98.434 GC heap before
{Heap before GC invocations=60 (full 0):
 garbage-first heap   total 137216K, used 134495K [0x00000000c0000000, 0x0000000100000000)
  region size 1024K, 6 young (6144K), 1 survivors (1024K)
 Metaspace       used 85561K, capacity 87626K, committed 87844K, reserved 1126400K
  class space    used 10443K, capacity 11133K, committed 11136K, reserved 1048576K
}

Deoptimization events (20 events):
Event: 98.327 Thread 0x0000021f4f1a7000 DEOPT PACKING pc=0x0000021f362eca4b sp=0x000000fe4dbfcf50
Event: 98.327 Thread 0x0000021f4f1a7000 DEOPT UNPACKING pc=0x0000021f342da95e sp=0x000000fe4dbfc3a0 mode 0
Event: 98.329 Thread 0x0000021f4f1a4800 DEOPT PACKING pc=0x0000021f362eca4b sp=0x000000fe4ddfcea0
Event: 98.329 Thread 0x0000021f4f1a4800 DEOPT UNPACKING pc=0x0000021f342da95e sp=0x000000fe4ddfc2f0 mode 0
Event: 98.331 Thread 0x0000021f4f1a7000 DEOPT PACKING pc=0x0000021f362eca4b sp=0x000000fe4dbfcf50
Event: 98.331 Thread 0x0000021f4f1a7000 DEOPT UNPACKING pc=0x0000021f342da95e sp=0x000000fe4dbfc3a0 mode 0
Event: 98.333 Thread 0x0000021f4f1a7000 DEOPT PACKING pc=0x0000021f362eca4b sp=0x000000fe4dbfcf50
Event: 98.334 Thread 0x0000021f4f1a7000 DEOPT UNPACKING pc=0x0000021f342da95e sp=0x000000fe4dbfc3a0 mode 0
Event: 98.348 Thread 0x0000021f4f1a4800 DEOPT PACKING pc=0x0000021f362c1b85 sp=0x000000fe4ddfd2e0
Event: 98.348 Thread 0x0000021f4f1a4800 DEOPT UNPACKING pc=0x0000021f342da95e sp=0x000000fe4ddfc6e0 mode 0
Event: 98.355 Thread 0x0000021f4f1a4800 DEOPT PACKING pc=0x0000021f362eca4b sp=0x000000fe4ddfcef0
Event: 98.355 Thread 0x0000021f4f1a4800 DEOPT UNPACKING pc=0x0000021f342da95e sp=0x000000fe4ddfc340 mode 0
Event: 98.360 Thread 0x0000021f4f1a7000 DEOPT PACKING pc=0x0000021f362eca4b sp=0x000000fe4dbfcf10
Event: 98.361 Thread 0x0000021f4f1a7000 DEOPT UNPACKING pc=0x0000021f342da95e sp=0x000000fe4dbfc360 mode 0
Event: 98.364 Thread 0x0000021f4f1a7000 DEOPT PACKING pc=0x0000021f362eca4b sp=0x000000fe4dbfcda0
Event: 98.364 Thread 0x0000021f4f1a7000 DEOPT UNPACKING pc=0x0000021f342da95e sp=0x000000fe4dbfc1f0 mode 0
Event: 98.416 Thread 0x0000021f5084f000 Uncommon trap: trap_request=0xffffffc6 fr.pc=0x0000021f3c42e2d4 relative=0x0000000000001154
Event: 98.416 Thread 0x0000021f5084f000 Uncommon trap: reason=bimorphic_or_optimized_type_check action=maybe_recompile pc=0x0000021f3c42e2d4 method=com.sun.org.apache.xerces.internal.dom.AttributeMap.setNamedItem(Lorg/w3c/dom/Node;)Lorg/w3c/dom/Node; @ 4 c2
Event: 98.416 Thread 0x0000021f5084f000 DEOPT PACKING pc=0x0000021f3c42e2d4 sp=0x000000fe4d7fa830
Event: 98.416 Thread 0x0000021f5084f000 DEOPT UNPACKING pc=0x0000021f342da1af sp=0x000000fe4d7fa810 mode 2

Classes redefined (0 events):
No events

Internal exceptions (20 events):
Event: 96.386 Thread 0x0000021f5084f000 Implicit null exception at 0x0000021f3c462d0b to 0x0000021f3c4646bc
Event: 96.674 Thread 0x0000021f5084f000 Implicit null exception at 0x0000021f3c494bc9 to 0x0000021f3c4954c3
Event: 96.682 Thread 0x0000021f5084f000 Exception <a 'java/lang/NoSuchMethodError'{0x00000000c7b3e9f0}: <clinit>> (0x00000000c7b3e9f0) thrown at [./src/hotspot/share/prims/jni.cpp, line 1366]
Event: 96.696 Thread 0x0000021f5084f000 Exception <a 'java/lang/NoSuchMethodError'{0x00000000c7ba5dd8}: <clinit>> (0x00000000c7ba5dd8) thrown at [./src/hotspot/share/prims/jni.cpp, line 1366]
Event: 96.697 Thread 0x0000021f5084f000 Exception <a 'java/lang/NoSuchMethodError'{0x00000000c7ba82e8}: <clinit>> (0x00000000c7ba82e8) thrown at [./src/hotspot/share/prims/jni.cpp, line 1366]
Event: 96.697 Thread 0x0000021f5084f000 Exception <a 'java/lang/NoSuchMethodError'{0x00000000c7bac968}: <clinit>> (0x00000000c7bac968) thrown at [./src/hotspot/share/prims/jni.cpp, line 1366]
Event: 96.698 Thread 0x0000021f5084f000 Exception <a 'java/lang/NoSuchMethodError'{0x00000000c7bb7a20}: <clinit>> (0x00000000c7bb7a20) thrown at [./src/hotspot/share/prims/jni.cpp, line 1366]
Event: 96.713 Thread 0x0000021f5084f000 Exception <a 'java/lang/NoSuchMethodError'{0x00000000c7f0f238}: <clinit>> (0x00000000c7f0f238) thrown at [./src/hotspot/share/prims/jni.cpp, line 1366]
Event: 96.717 Thread 0x0000021f5084f000 Exception <a 'java/lang/NoSuchMethodError'{0x00000000c7f45c88}: <clinit>> (0x00000000c7f45c88) thrown at [./src/hotspot/share/prims/jni.cpp, line 1366]
Event: 96.722 Thread 0x0000021f5084f000 Exception <a 'java/lang/NoSuchMethodError'{0x00000000c7f74b60}: <clinit>> (0x00000000c7f74b60) thrown at [./src/hotspot/share/prims/jni.cpp, line 1366]
Event: 96.722 Thread 0x0000021f5084f000 Exception <a 'java/lang/NoSuchMethodError'{0x00000000c7f77fc8}: <clinit>> (0x00000000c7f77fc8) thrown at [./src/hotspot/share/prims/jni.cpp, line 1366]
Event: 96.722 Thread 0x0000021f5084f000 Exception <a 'java/lang/NoSuchMethodError'{0x00000000c7f7ac38}: <clinit>> (0x00000000c7f7ac38) thrown at [./src/hotspot/share/prims/jni.cpp, line 1366]
Event: 96.726 Thread 0x0000021f5084f000 Exception <a 'java/lang/NoSuchMethodError'{0x00000000c7f90c20}: <clinit>> (0x00000000c7f90c20) thrown at [./src/hotspot/share/prims/jni.cpp, line 1366]
Event: 96.729 Thread 0x0000021f5084f000 Exception <a 'java/lang/NoSuchMethodError'{0x00000000c7fa5ef0}: <clinit>> (0x00000000c7fa5ef0) thrown at [./src/hotspot/share/prims/jni.cpp, line 1366]
Event: 96.731 Thread 0x0000021f5084f000 Exception <a 'java/lang/NoSuchMethodError'{0x00000000c7fc4658}: <clinit>> (0x00000000c7fc4658) thrown at [./src/hotspot/share/prims/jni.cpp, line 1366]
Event: 96.733 Thread 0x0000021f5084f000 Exception <a 'java/lang/NoSuchMethodError'{0x00000000c7fd5878}: <clinit>> (0x00000000c7fd5878) thrown at [./src/hotspot/share/prims/jni.cpp, line 1366]
Event: 97.039 Thread 0x0000021f4f1a1800 Exception <a 'java/lang/ClassNotFoundException'{0x00000000c7febd00}: sun/awt/resources/spi/awtProvider> (0x00000000c7febd00) thrown at [./src/hotspot/share/classfile/systemDictionary.cpp, line 231]
Event: 97.063 Thread 0x0000021f4f1a1800 Exception <a 'java/io/FileNotFoundException'{0x00000000c7d7ccd0}> (0x00000000c7d7ccd0) thrown at [./src/hotspot/share/prims/jni.cpp, line 616]
Event: 97.065 Thread 0x0000021f4f1a1800 Exception <a 'java/io/FileNotFoundException'{0x00000000c7d80da0}> (0x00000000c7d80da0) thrown at [./src/hotspot/share/prims/jni.cpp, line 616]
Event: 97.528 Thread 0x0000021f5084f000 Implicit null exception at 0x0000021f3c171c6c to 0x0000021f3c1722ac

Events (20 events):
Event: 98.317 loading class com/sun/imageio/plugins/png/PNGMetadata
Event: 98.319 loading class javax/imageio/metadata/IIOMetadata
Event: 98.320 loading class javax/imageio/metadata/IIOMetadata done
Event: 98.320 loading class com/sun/imageio/plugins/png/PNGMetadata done
Event: 98.321 loading class com/sun/imageio/plugins/png/ChunkStream
Event: 98.321 loading class com/sun/imageio/plugins/png/ChunkStream done
Event: 98.321 loading class com/sun/imageio/plugins/png/CRC
Event: 98.323 loading class com/sun/imageio/plugins/png/CRC done
Event: 98.330 loading class com/sun/imageio/plugins/png/IDATOutputStream
Event: 98.330 loading class com/sun/imageio/plugins/png/IDATOutputStream done
Event: 98.330 loading class java/util/zip/Deflater
Event: 98.331 loading class java/util/zip/Deflater done
Event: 98.338 loading class java/util/zip/Deflater$DeflaterZStreamRef
Event: 98.338 loading class java/util/zip/Deflater$DeflaterZStreamRef done
Event: 98.339 loading class java/awt/image/PixelInterleavedSampleModel
Event: 98.340 loading class java/awt/image/ComponentSampleModel
Event: 98.340 loading class java/awt/image/ComponentSampleModel done
Event: 98.340 loading class java/awt/image/PixelInterleavedSampleModel done
Event: 98.357 Loaded shared library C:\Program Files\Android\Android Studio\jre\bin\java.dll
Event: 98.427 Executing VM operation: G1CollectForAllocation


Dynamic libraries:
0x00007ff6811d0000 - 0x00007ff6811da000 	C:\Program Files\Android\Android Studio\jre\bin\java.exe
0x00007ff9ca140000 - 0x00007ff9ca330000 	C:\Windows\SYSTEM32\ntdll.dll
0x00007ff9c9e70000 - 0x00007ff9c9f22000 	C:\Windows\System32\KERNEL32.DLL
0x00007ff9c71b0000 - 0x00007ff9c7455000 	C:\Windows\System32\KERNELBASE.dll
0x00007ff9c4780000 - 0x00007ff9c480f000 	C:\Windows\SYSTEM32\apphelp.dll
0x00007ff9c70b0000 - 0x00007ff9c71aa000 	C:\Windows\System32\ucrtbase.dll
0x00007ff9acbf0000 - 0x00007ff9acc07000 	C:\Program Files\Android\Android Studio\jre\bin\VCRUNTIME140.dll
0x00007ff9acb50000 - 0x00007ff9acb69000 	C:\Program Files\Android\Android Studio\jre\bin\jli.dll
0x00007ff9c8770000 - 0x00007ff9c8904000 	C:\Windows\System32\USER32.dll
0x00007ff9c7ef0000 - 0x00007ff9c7f11000 	C:\Windows\System32\win32u.dll
0x00007ff9c8a00000 - 0x00007ff9c8a26000 	C:\Windows\System32\GDI32.dll
0x00007ff9c7f20000 - 0x00007ff9c80b8000 	C:\Windows\System32\gdi32full.dll
0x00007ff9c7510000 - 0x00007ff9c75ae000 	C:\Windows\System32\msvcp_win.dll
0x00007ff9b5b30000 - 0x00007ff9b5db4000 	C:\Windows\WinSxS\amd64_microsoft.windows.common-controls_6595b64144ccf1df_6.0.18362.1440_none_9e7dbfb9e45e8e67\COMCTL32.dll
0x00007ff9c8c40000 - 0x00007ff9c8cde000 	C:\Windows\System32\msvcrt.dll
0x00007ff9c8380000 - 0x00007ff9c86b6000 	C:\Windows\System32\combase.dll
0x00007ff9c9320000 - 0x00007ff9c943f000 	C:\Windows\System32\RPCRT4.dll
0x00007ff9c7460000 - 0x00007ff9c74e1000 	C:\Windows\System32\bcryptPrimitives.dll
0x00007ff9c81f0000 - 0x00007ff9c821e000 	C:\Windows\System32\IMM32.DLL
0x00007ff99a5c0000 - 0x00007ff99a65d000 	C:\Program Files\Android\Android Studio\jre\bin\msvcp140.dll
0x00007ff99a660000 - 0x00007ff99b162000 	C:\Program Files\Android\Android Studio\jre\bin\server\jvm.dll
0x00007ff9c8220000 - 0x00007ff9c82c3000 	C:\Windows\System32\ADVAPI32.dll
0x00007ff9ca060000 - 0x00007ff9ca0f7000 	C:\Windows\System32\sechost.dll
0x00007ff9c86c0000 - 0x00007ff9c86c8000 	C:\Windows\System32\PSAPI.DLL
0x00007ff9b9610000 - 0x00007ff9b9619000 	C:\Windows\SYSTEM32\WSOCK32.dll
0x00007ff9c8ce0000 - 0x00007ff9c8d4f000 	C:\Windows\System32\WS2_32.dll
0x00007ff9c3080000 - 0x00007ff9c30a4000 	C:\Windows\SYSTEM32\WINMM.dll
0x00007ff9bb070000 - 0x00007ff9bb07a000 	C:\Windows\SYSTEM32\VERSION.dll
0x00007ff9c3050000 - 0x00007ff9c307d000 	C:\Windows\SYSTEM32\winmmbase.dll
0x00007ff9c80f0000 - 0x00007ff9c813a000 	C:\Windows\System32\cfgmgr32.dll
0x00007ff9c7070000 - 0x00007ff9c7081000 	C:\Windows\System32\kernel.appcore.dll
0x00007ff9c0170000 - 0x00007ff9c0181000 	C:\Program Files\Android\Android Studio\jre\bin\verify.dll
0x00007ff9c58d0000 - 0x00007ff9c5ac4000 	C:\Windows\SYSTEM32\DBGHELP.DLL
0x00007ff9b4280000 - 0x00007ff9b42aa000 	C:\Windows\SYSTEM32\dbgcore.DLL
0x00007ff9bb0f0000 - 0x00007ff9bb119000 	C:\Program Files\Android\Android Studio\jre\bin\java.dll
0x00007ff9c0020000 - 0x00007ff9c002b000 	C:\Program Files\Android\Android Studio\jre\bin\jimage.dll
0x00007ff9b7730000 - 0x00007ff9b7748000 	C:\Program Files\Android\Android Studio\jre\bin\zip.dll
0x00007ff9c9440000 - 0x00007ff9c9b28000 	C:\Windows\System32\SHELL32.dll
0x00007ff9c82d0000 - 0x00007ff9c8377000 	C:\Windows\System32\shcore.dll
0x00007ff9c7610000 - 0x00007ff9c7d8b000 	C:\Windows\System32\windows.storage.dll
0x00007ff9c7090000 - 0x00007ff9c70ae000 	C:\Windows\System32\profapi.dll
0x00007ff9c7000000 - 0x00007ff9c704a000 	C:\Windows\System32\powrprof.dll
0x00007ff9c6ff0000 - 0x00007ff9c7000000 	C:\Windows\System32\UMPDC.dll
0x00007ff9c9f30000 - 0x00007ff9c9f82000 	C:\Windows\System32\shlwapi.dll
0x00007ff9c74f0000 - 0x00007ff9c7507000 	C:\Windows\System32\cryptsp.dll
0x00007ff9b6410000 - 0x00007ff9b642a000 	C:\Program Files\Android\Android Studio\jre\bin\net.dll
0x00007ff9bb6e0000 - 0x00007ff9bb7da000 	C:\Windows\SYSTEM32\WINHTTP.dll
0x00007ff9c6830000 - 0x00007ff9c6897000 	C:\Windows\system32\mswsock.dll
0x00007ff9b63f0000 - 0x00007ff9b6404000 	C:\Program Files\Android\Android Studio\jre\bin\nio.dll
0x00007ff9b6510000 - 0x00007ff9b6536000 	C:\Users\Developer\.gradle\native\31\windows-amd64\native-platform.dll
0x00007ff9bb0e0000 - 0x00007ff9bb0ea000 	C:\Program Files\Android\Android Studio\jre\bin\management.dll
0x00007ff9b7690000 - 0x00007ff9b769d000 	C:\Program Files\Android\Android Studio\jre\bin\management_ext.dll
0x00007ff9c63b0000 - 0x00007ff9c63e3000 	C:\Windows\system32\rsaenh.dll
0x00007ff9c80c0000 - 0x00007ff9c80e6000 	C:\Windows\System32\bcrypt.dll
0x00007ff9c6ed0000 - 0x00007ff9c6ef5000 	C:\Windows\SYSTEM32\USERENV.dll
0x00007ff9c6a00000 - 0x00007ff9c6a0c000 	C:\Windows\SYSTEM32\CRYPTBASE.dll
0x00007ff9c6540000 - 0x00007ff9c657a000 	C:\Windows\SYSTEM32\IPHLPAPI.DLL
0x00007ff9c86f0000 - 0x00007ff9c86f8000 	C:\Windows\System32\NSI.dll
0x00007ff9bce20000 - 0x00007ff9bce36000 	C:\Windows\SYSTEM32\dhcpcsvc6.DLL
0x00007ff9bd9c0000 - 0x00007ff9bd9dc000 	C:\Windows\SYSTEM32\dhcpcsvc.DLL
0x00007ff9c6580000 - 0x00007ff9c664b000 	C:\Windows\SYSTEM32\DNSAPI.dll
0x00007ff9a1510000 - 0x00007ff9a16b6000 	C:\Program Files\Android\Android Studio\jre\bin\awt.dll
0x00007ff9c8b70000 - 0x00007ff9c8c35000 	C:\Windows\System32\OLEAUT32.dll
0x00007ff9c52e0000 - 0x00007ff9c530d000 	C:\Windows\SYSTEM32\dwmapi.dll
0x00007ff9c48c0000 - 0x00007ff9c4959000 	C:\Windows\system32\uxtheme.dll

dbghelp: loaded successfully - version: 4.0.5 - missing functions: none
symbol engine: initialized successfully - sym options: 0x614 - pdb path: .;C:\Program Files\Android\Android Studio\jre\bin;C:\Windows\SYSTEM32;C:\Windows\WinSxS\amd64_microsoft.windows.common-controls_6595b64144ccf1df_6.0.18362.1440_none_9e7dbfb9e45e8e67;C:\Program Files\Android\Android Studio\jre\bin\server;C:\Users\Developer\.gradle\native\31\windows-amd64

VM Arguments:
jvm_args: --add-opens=java.base/java.util=ALL-UNNAMED --add-opens=java.base/java.lang=ALL-UNNAMED --add-opens=java.base/java.lang.invoke=ALL-UNNAMED --add-opens=java.prefs/java.util.prefs=ALL-UNNAMED -Xmx1024M -Dfile.encoding=windows-1252 -Duser.country=US -Duser.language=en -Duser.variant 
java_command: org.gradle.launcher.daemon.bootstrap.GradleDaemon 6.1.1
java_class_path (initial): C:\Users\Developer\.gradle\wrapper\dists\gradle-6.1.1-all\cfmwm155h49vnt3hynmlrsdst\gradle-6.1.1\lib\gradle-launcher-6.1.1.jar
Launcher Type: SUN_STANDARD

[Global flags]
     intx CICompilerCount                          = 3                                         {product} {ergonomic}
     uint ConcGCThreads                            = 1                                         {product} {ergonomic}
     uint G1ConcRefinementThreads                  = 4                                         {product} {ergonomic}
   size_t G1HeapRegionSize                         = 1048576                                   {product} {ergonomic}
    uintx GCDrainStackTargetSize                   = 64                                        {product} {ergonomic}
   size_t InitialHeapSize                          = 134217728                                 {product} {ergonomic}
   size_t MarkStackSize                            = 4194304                                   {product} {ergonomic}
   size_t MaxHeapSize                              = 1073741824                                {product} {command line}
   size_t MaxNewSize                               = 643825664                                 {product} {ergonomic}
   size_t MinHeapDeltaBytes                        = 1048576                                   {product} {ergonomic}
    uintx NonNMethodCodeHeapSize                   = 5830732                                {pd product} {ergonomic}
    uintx NonProfiledCodeHeapSize                  = 122913754                              {pd product} {ergonomic}
    uintx ProfiledCodeHeapSize                     = 122913754                              {pd product} {ergonomic}
    uintx ReservedCodeCacheSize                    = 251658240                              {pd product} {ergonomic}
     bool SegmentedCodeCache                       = true                                      {product} {ergonomic}
     bool UseCompressedClassPointers               = true                                 {lp64_product} {ergonomic}
     bool UseCompressedOops                        = true                                 {lp64_product} {ergonomic}
     bool UseG1GC                                  = true                                      {product} {ergonomic}
     bool UseLargePagesIndividualAllocation        = false                                  {pd product} {ergonomic}

Logging:
Log output configuration:
 #0: stdout all=warning uptime,level,tags
 #1: stderr all=off uptime,level,tags

Environment Variables:
PATH=C:\Windows\system32;C:\Windows;C:\Windows\System32\Wbem;C:\Windows\System32\WindowsPowerShell\v1.0\;C:\Windows\System32\OpenSSH\;C:\Program Files\nodejs\;C:\xampp\php;C:\ProgramData\ComposerSetup\bin;C:\Program Files\Git\cmd;C:\Program Files\dotnet\;C:\Users\Developer\AppData\Local\Microsoft\WindowsApps;C:\Users\Developer\AppData\Roaming\npm;C:\Users\Developer\AppData\Local\Programs\Microsoft VS Code\bin;C:\Users\Developer\AppData\Roaming\Composer\vendor\bin
USERNAME=Developer
OS=Windows_NT
PROCESSOR_IDENTIFIER=Intel64 Family 6 Model 61 Stepping 4, GenuineIntel



---------------  S Y S T E M  ---------------

OS: Windows 10 , 64 bit Build 18362 (10.0.18362.1350)
OS uptime: 7 days 12:51 hours

CPU:total 4 (initial active 4) (2 cores per cpu, 2 threads per core) family 6 model 61 stepping 4 microcode 0x2f, cmov, cx8, fxsr, mmx, sse, sse2, sse3, ssse3, sse4.1, sse4.2, popcnt, avx, avx2, aes, clmul, erms, 3dnowpref, lzcnt, ht, tsc, tscinvbit, bmi1, bmi2, adx, fma

Memory: 4k page, system-wide physical 8098M (798M free)
TotalPageFile size 10146M (AvailPageFile size 0M)
current process WorkingSet (physical memory assigned to process): 391M, peak: 392M
current process commit charge ("private bytes"): 417M, peak: 419M

vm_info: OpenJDK 64-Bit Server VM (11.0.13+0-b1751.21-8125866) for windows-amd64 JRE (11.0.13+0-b1751.21-8125866), built on Feb  2 2022 03:00:22 by "builder" with MS VC++ 14.0 (VS2015)

END.
